0:0:0:0:0:0:0:1 -  -  [11/Jan/2014:21:00:05 +0000] "GET /ZingWeb/faces/pages/myScrapBook.jspx HTTP/1.1" 302 0 "-" "Mozilla/5.0 (X11; Ubuntu; Linux i686; rv:10.0.1) Gecko/20100101 Firefox/10.0.1"
0:0:0:0:0:0:0:1 -  -  [11/Jan/2014:21:00:05 +0000] "GET /ZingWeb/faces/pages/login.jspx HTTP/1.1" 200 3954 "-" "Mozilla/5.0 (X11; Ubuntu; Linux i686; rv:10.0.1) Gecko/20100101 Firefox/10.0.1"
0:0:0:0:0:0:0:1 -  -  [11/Jan/2014:21:00:05 +0000] "GET /ZingWeb/faces/css/style.css HTTP/1.1" 200 5832 "http://localhost:8080/ZingWeb/faces/pages/login.jspx" "Mozilla/5.0 (X11; Ubuntu; Linux i686; rv:10.0.1) Gecko/20100101 Firefox/10.0.1"
0:0:0:0:0:0:0:1 -  -  [11/Jan/2014:21:00:05 +0000] "GET /ZingWeb/faces/Scripts/AC_RunActiveContent.js HTTP/1.1" 404 1424 "http://localhost:8080/ZingWeb/faces/pages/login.jspx" "Mozilla/5.0 (X11; Ubuntu; Linux i686; rv:10.0.1) Gecko/20100101 Firefox/10.0.1"
0:0:0:0:0:0:0:1 -  -  [11/Jan/2014:21:00:05 +0000] "GET /ZingWeb/faces/images/FORMBG.jpg HTTP/1.1" 200 33767 "http://localhost:8080/ZingWeb/faces/pages/login.jspx" "Mozilla/5.0 (X11; Ubuntu; Linux i686; rv:10.0.1) Gecko/20100101 Firefox/10.0.1"
0:0:0:0:0:0:0:1 -  -  [11/Jan/2014:21:00:15 +0000] "POST /ZingWeb/faces/pages/login.jspx HTTP/1.1" 200 25137 "http://localhost:8080/ZingWeb/faces/pages/login.jspx" "Mozilla/5.0 (X11; Ubuntu; Linux i686; rv:10.0.1) Gecko/20100101 Firefox/10.0.1"
0:0:0:0:0:0:0:1 -  -  [11/Jan/2014:21:00:16 +0000] "GET /ZingWeb/faces/css/style.css HTTP/1.1" 200 5832 "http://localhost:8080/ZingWeb/faces/pages/login.jspx" "Mozilla/5.0 (X11; Ubuntu; Linux i686; rv:10.0.1) Gecko/20100101 Firefox/10.0.1"
0:0:0:0:0:0:0:1 -  -  [11/Jan/2014:21:00:16 +0000] "GET /ZingWeb/faces/css/table.css HTTP/1.1" 200 270 "http://localhost:8080/ZingWeb/faces/pages/login.jspx" "Mozilla/5.0 (X11; Ubuntu; Linux i686; rv:10.0.1) Gecko/20100101 Firefox/10.0.1"
0:0:0:0:0:0:0:1 -  -  [11/Jan/2014:21:00:16 +0000] "GET /ZingWeb/faces/pages/CSS/style.css HTTP/1.1" 200 2550 "http://localhost:8080/ZingWeb/faces/pages/login.jspx" "Mozilla/5.0 (X11; Ubuntu; Linux i686; rv:10.0.1) Gecko/20100101 Firefox/10.0.1"
0:0:0:0:0:0:0:1 -  -  [11/Jan/2014:21:00:16 +0000] "GET /ZingWeb/faces/pages/CSS/table.css HTTP/1.1" 200 270 "http://localhost:8080/ZingWeb/faces/pages/login.jspx" "Mozilla/5.0 (X11; Ubuntu; Linux i686; rv:10.0.1) Gecko/20100101 Firefox/10.0.1"
0:0:0:0:0:0:0:1 -  -  [11/Jan/2014:21:00:16 +0000] "GET /ZingWeb/faces/js/showApplication.js HTTP/1.1" 200 256 "http://localhost:8080/ZingWeb/faces/pages/login.jspx" "Mozilla/5.0 (X11; Ubuntu; Linux i686; rv:10.0.1) Gecko/20100101 Firefox/10.0.1"
0:0:0:0:0:0:0:1 -  -  [11/Jan/2014:21:00:16 +0000] "GET /ShindigWeb/css/style.css HTTP/1.1" 404 1410 "http://localhost:8080/ZingWeb/faces/pages/login.jspx" "Mozilla/5.0 (X11; Ubuntu; Linux i686; rv:10.0.1) Gecko/20100101 Firefox/10.0.1"
0:0:0:0:0:0:0:1 -  -  [11/Jan/2014:21:00:16 +0000] "GET /ZingWeb/faces/images/spicetitle.jpg HTTP/1.1" 200 3017 "http://localhost:8080/ZingWeb/faces/pages/login.jspx" "Mozilla/5.0 (X11; Ubuntu; Linux i686; rv:10.0.1) Gecko/20100101 Firefox/10.0.1"
0:0:0:0:0:0:0:1 -  -  [11/Jan/2014:21:00:16 +0000] "GET /ZingWeb/faces/images/table/table_top_bg.jpg HTTP/1.1" 200 581 "http://localhost:8080/ZingWeb/faces/css/style.css" "Mozilla/5.0 (X11; Ubuntu; Linux i686; rv:10.0.1) Gecko/20100101 Firefox/10.0.1"
0:0:0:0:0:0:0:1 -  -  [11/Jan/2014:21:00:16 +0000] "GET /ZingWeb/images/default.jpg HTTP/1.1" 304 0 "http://localhost:8080/ZingWeb/faces/pages/login.jspx" "Mozilla/5.0 (X11; Ubuntu; Linux i686; rv:10.0.1) Gecko/20100101 Firefox/10.0.1"
0:0:0:0:0:0:0:1 -  -  [11/Jan/2014:21:00:16 +0000] "GET /ZingWeb/faces/images/plus2.gif HTTP/1.1" 200 91 "http://localhost:8080/ZingWeb/faces/pages/login.jspx" "Mozilla/5.0 (X11; Ubuntu; Linux i686; rv:10.0.1) Gecko/20100101 Firefox/10.0.1"
0:0:0:0:0:0:0:1 -  -  [11/Jan/2014:21:00:16 +0000] "GET /ZingWeb/faces/images/box/center_box_top_500.jpg HTTP/1.1" 200 14628 "http://localhost:8080/ZingWeb/faces/pages/login.jspx" "Mozilla/5.0 (X11; Ubuntu; Linux i686; rv:10.0.1) Gecko/20100101 Firefox/10.0.1"
0:0:0:0:0:0:0:1 -  -  [11/Jan/2014:21:00:16 +0000] "GET /ZingWeb/faces/images/box/box_center_280.jpg HTTP/1.1" 200 545 "http://localhost:8080/ZingWeb/faces/pages/login.jspx" "Mozilla/5.0 (X11; Ubuntu; Linux i686; rv:10.0.1) Gecko/20100101 Firefox/10.0.1"
0:0:0:0:0:0:0:1 -  -  [11/Jan/2014:21:00:16 +0000] "GET /ZingWeb/faces/pages/CSS/style.css HTTP/1.1" 200 2550 "http://localhost:8080/ZingWeb/faces/pages/CSS/style.css" "Mozilla/5.0 (X11; Ubuntu; Linux i686; rv:10.0.1) Gecko/20100101 Firefox/10.0.1"
0:0:0:0:0:0:0:1 -  -  [11/Jan/2014:21:00:16 +0000] "GET /ZingWeb/faces/images/box/box_bottom_500.jpg HTTP/1.1" 200 2254 "http://localhost:8080/ZingWeb/faces/pages/login.jspx" "Mozilla/5.0 (X11; Ubuntu; Linux i686; rv:10.0.1) Gecko/20100101 Firefox/10.0.1"
0:0:0:0:0:0:0:1 -  -  [11/Jan/2014:21:00:16 +0000] "GET /ZingWeb/faces/images/box/box_bottom_170.jpg HTTP/1.1" 200 1631 "http://localhost:8080/ZingWeb/faces/pages/login.jspx" "Mozilla/5.0 (X11; Ubuntu; Linux i686; rv:10.0.1) Gecko/20100101 Firefox/10.0.1"
0:0:0:0:0:0:0:1 -  -  [11/Jan/2014:21:00:16 +0000] "GET /ZingWeb/faces/images/box/box_top_170.jpg HTTP/1.1" 200 5778 "http://localhost:8080/ZingWeb/faces/pages/login.jspx" "Mozilla/5.0 (X11; Ubuntu; Linux i686; rv:10.0.1) Gecko/20100101 Firefox/10.0.1"
0:0:0:0:0:0:0:1 -  -  [11/Jan/2014:21:00:16 +0000] "GET /ShindigWeb/css/style.css HTTP/1.1" 404 1410 "http://localhost:8080/ZingWeb/faces/pages/login.jspx" "Mozilla/5.0 (X11; Ubuntu; Linux i686; rv:10.0.1) Gecko/20100101 Firefox/10.0.1"
0:0:0:0:0:0:0:1 -  -  [11/Jan/2014:21:00:16 +0000] "GET /ZingWeb/faces/images/box/box_top_280.jpg HTTP/1.1" 200 8552 "http://localhost:8080/ZingWeb/faces/pages/login.jspx" "Mozilla/5.0 (X11; Ubuntu; Linux i686; rv:10.0.1) Gecko/20100101 Firefox/10.0.1"
0:0:0:0:0:0:0:1 -  -  [11/Jan/2014:21:00:16 +0000] "GET /ZingWeb/faces/images/box/box_bottom_280.jpg HTTP/1.1" 200 1405 "http://localhost:8080/ZingWeb/faces/pages/login.jspx" "Mozilla/5.0 (X11; Ubuntu; Linux i686; rv:10.0.1) Gecko/20100101 Firefox/10.0.1"
0:0:0:0:0:0:0:1 -  -  [11/Jan/2014:21:00:16 +0000] "GET /ZingWeb/faces/images/bottom.jpg HTTP/1.1" 200 9854 "http://localhost:8080/ZingWeb/faces/pages/login.jspx" "Mozilla/5.0 (X11; Ubuntu; Linux i686; rv:10.0.1) Gecko/20100101 Firefox/10.0.1"
0:0:0:0:0:0:0:1 -  -  [11/Jan/2014:21:00:18 +0000] "POST /ZingWeb/faces/pages/home.jspx HTTP/1.1" 200 1990 "http://localhost:8080/ZingWeb/faces/pages/login.jspx" "Mozilla/5.0 (X11; Ubuntu; Linux i686; rv:10.0.1) Gecko/20100101 Firefox/10.0.1"
0:0:0:0:0:0:0:1 -  -  [11/Jan/2014:21:00:18 +0000] "GET /ZingWeb/faces/css/style.css HTTP/1.1" 200 5832 "http://localhost:8080/ZingWeb/faces/pages/home.jspx" "Mozilla/5.0 (X11; Ubuntu; Linux i686; rv:10.0.1) Gecko/20100101 Firefox/10.0.1"
0:0:0:0:0:0:0:1 -  -  [11/Jan/2014:21:00:18 +0000] "GET /ZingWeb/faces/Scripts/AC_RunActiveContent.js HTTP/1.1" 404 1424 "http://localhost:8080/ZingWeb/faces/pages/home.jspx" "Mozilla/5.0 (X11; Ubuntu; Linux i686; rv:10.0.1) Gecko/20100101 Firefox/10.0.1"
0:0:0:0:0:0:0:1 -  -  [11/Jan/2014:21:00:25 +0000] "POST /ZingWeb/faces/pages/myScrapBook.jspx HTTP/1.1" 200 25137 "http://localhost:8080/ZingWeb/faces/pages/home.jspx" "Mozilla/5.0 (X11; Ubuntu; Linux i686; rv:10.0.1) Gecko/20100101 Firefox/10.0.1"
0:0:0:0:0:0:0:1 -  -  [11/Jan/2014:21:00:25 +0000] "GET /ZingWeb/faces/css/style.css HTTP/1.1" 200 5832 "http://localhost:8080/ZingWeb/faces/pages/myScrapBook.jspx" "Mozilla/5.0 (X11; Ubuntu; Linux i686; rv:10.0.1) Gecko/20100101 Firefox/10.0.1"
0:0:0:0:0:0:0:1 -  -  [11/Jan/2014:21:00:25 +0000] "GET /ZingWeb/faces/pages/CSS/style.css HTTP/1.1" 200 2550 "http://localhost:8080/ZingWeb/faces/pages/myScrapBook.jspx" "Mozilla/5.0 (X11; Ubuntu; Linux i686; rv:10.0.1) Gecko/20100101 Firefox/10.0.1"
0:0:0:0:0:0:0:1 -  -  [11/Jan/2014:21:00:25 +0000] "GET /ZingWeb/faces/pages/CSS/table.css HTTP/1.1" 200 270 "http://localhost:8080/ZingWeb/faces/pages/myScrapBook.jspx" "Mozilla/5.0 (X11; Ubuntu; Linux i686; rv:10.0.1) Gecko/20100101 Firefox/10.0.1"
0:0:0:0:0:0:0:1 -  -  [11/Jan/2014:21:00:25 +0000] "GET /ShindigWeb/css/style.css HTTP/1.1" 404 1410 "http://localhost:8080/ZingWeb/faces/pages/myScrapBook.jspx" "Mozilla/5.0 (X11; Ubuntu; Linux i686; rv:10.0.1) Gecko/20100101 Firefox/10.0.1"
0:0:0:0:0:0:0:1 -  -  [11/Jan/2014:21:00:25 +0000] "GET /ZingWeb/faces/css/table.css HTTP/1.1" 200 270 "http://localhost:8080/ZingWeb/faces/pages/myScrapBook.jspx" "Mozilla/5.0 (X11; Ubuntu; Linux i686; rv:10.0.1) Gecko/20100101 Firefox/10.0.1"
0:0:0:0:0:0:0:1 -  -  [11/Jan/2014:21:00:25 +0000] "GET /ZingWeb/faces/js/showApplication.js HTTP/1.1" 200 256 "http://localhost:8080/ZingWeb/faces/pages/myScrapBook.jspx" "Mozilla/5.0 (X11; Ubuntu; Linux i686; rv:10.0.1) Gecko/20100101 Firefox/10.0.1"
0:0:0:0:0:0:0:1 -  -  [11/Jan/2014:21:00:25 +0000] "GET /ZingWeb/faces/images/spicetitle.jpg HTTP/1.1" 200 3017 "http://localhost:8080/ZingWeb/faces/pages/myScrapBook.jspx" "Mozilla/5.0 (X11; Ubuntu; Linux i686; rv:10.0.1) Gecko/20100101 Firefox/10.0.1"
0:0:0:0:0:0:0:1 -  -  [11/Jan/2014:21:00:25 +0000] "GET /ZingWeb/faces/images/table/table_top_bg.jpg HTTP/1.1" 200 581 "http://localhost:8080/ZingWeb/faces/css/style.css" "Mozilla/5.0 (X11; Ubuntu; Linux i686; rv:10.0.1) Gecko/20100101 Firefox/10.0.1"
0:0:0:0:0:0:0:1 -  -  [11/Jan/2014:21:00:25 +0000] "GET /ZingWeb/images/default.jpg HTTP/1.1" 304 0 "http://localhost:8080/ZingWeb/faces/pages/myScrapBook.jspx" "Mozilla/5.0 (X11; Ubuntu; Linux i686; rv:10.0.1) Gecko/20100101 Firefox/10.0.1"
0:0:0:0:0:0:0:1 -  -  [11/Jan/2014:21:00:25 +0000] "GET /ZingWeb/faces/images/plus2.gif HTTP/1.1" 200 91 "http://localhost:8080/ZingWeb/faces/pages/myScrapBook.jspx" "Mozilla/5.0 (X11; Ubuntu; Linux i686; rv:10.0.1) Gecko/20100101 Firefox/10.0.1"
0:0:0:0:0:0:0:1 -  -  [11/Jan/2014:21:00:25 +0000] "GET /ZingWeb/faces/images/box/center_box_top_500.jpg HTTP/1.1" 200 14628 "http://localhost:8080/ZingWeb/faces/pages/myScrapBook.jspx" "Mozilla/5.0 (X11; Ubuntu; Linux i686; rv:10.0.1) Gecko/20100101 Firefox/10.0.1"
0:0:0:0:0:0:0:1 -  -  [11/Jan/2014:21:00:25 +0000] "GET /ZingWeb/faces/images/box/box_bottom_500.jpg HTTP/1.1" 200 2254 "http://localhost:8080/ZingWeb/faces/pages/myScrapBook.jspx" "Mozilla/5.0 (X11; Ubuntu; Linux i686; rv:10.0.1) Gecko/20100101 Firefox/10.0.1"
0:0:0:0:0:0:0:1 -  -  [11/Jan/2014:21:00:25 +0000] "GET /ZingWeb/faces/images/box/box_center_280.jpg HTTP/1.1" 200 545 "http://localhost:8080/ZingWeb/faces/pages/myScrapBook.jspx" "Mozilla/5.0 (X11; Ubuntu; Linux i686; rv:10.0.1) Gecko/20100101 Firefox/10.0.1"
0:0:0:0:0:0:0:1 -  -  [11/Jan/2014:21:00:25 +0000] "GET /ZingWeb/faces/pages/CSS/style.css HTTP/1.1" 200 2550 "http://localhost:8080/ZingWeb/faces/pages/CSS/style.css" "Mozilla/5.0 (X11; Ubuntu; Linux i686; rv:10.0.1) Gecko/20100101 Firefox/10.0.1"
0:0:0:0:0:0:0:1 -  -  [11/Jan/2014:21:00:25 +0000] "GET /ZingWeb/faces/images/box/box_top_170.jpg HTTP/1.1" 200 5778 "http://localhost:8080/ZingWeb/faces/pages/myScrapBook.jspx" "Mozilla/5.0 (X11; Ubuntu; Linux i686; rv:10.0.1) Gecko/20100101 Firefox/10.0.1"
0:0:0:0:0:0:0:1 -  -  [11/Jan/2014:21:00:25 +0000] "GET /ZingWeb/faces/images/box/box_bottom_170.jpg HTTP/1.1" 200 1631 "http://localhost:8080/ZingWeb/faces/pages/myScrapBook.jspx" "Mozilla/5.0 (X11; Ubuntu; Linux i686; rv:10.0.1) Gecko/20100101 Firefox/10.0.1"
0:0:0:0:0:0:0:1 -  -  [11/Jan/2014:21:00:25 +0000] "GET /ShindigWeb/css/style.css HTTP/1.1" 404 1410 "http://localhost:8080/ZingWeb/faces/pages/myScrapBook.jspx" "Mozilla/5.0 (X11; Ubuntu; Linux i686; rv:10.0.1) Gecko/20100101 Firefox/10.0.1"
0:0:0:0:0:0:0:1 -  -  [11/Jan/2014:21:00:25 +0000] "GET /ZingWeb/faces/images/box/box_top_280.jpg HTTP/1.1" 200 8552 "http://localhost:8080/ZingWeb/faces/pages/myScrapBook.jspx" "Mozilla/5.0 (X11; Ubuntu; Linux i686; rv:10.0.1) Gecko/20100101 Firefox/10.0.1"
0:0:0:0:0:0:0:1 -  -  [11/Jan/2014:21:00:25 +0000] "GET /ZingWeb/faces/images/box/box_bottom_280.jpg HTTP/1.1" 200 1405 "http://localhost:8080/ZingWeb/faces/pages/myScrapBook.jspx" "Mozilla/5.0 (X11; Ubuntu; Linux i686; rv:10.0.1) Gecko/20100101 Firefox/10.0.1"
0:0:0:0:0:0:0:1 -  -  [11/Jan/2014:21:00:25 +0000] "GET /ZingWeb/faces/images/bottom.jpg HTTP/1.1" 200 9854 "http://localhost:8080/ZingWeb/faces/pages/myScrapBook.jspx" "Mozilla/5.0 (X11; Ubuntu; Linux i686; rv:10.0.1) Gecko/20100101 Firefox/10.0.1"
0:0:0:0:0:0:0:1 -  -  [11/Jan/2014:21:01:09 +0000] "GET /ZingWeb/faces/pages/myScrapBook.jspx HTTP/1.1" 302 0 "-" "Mozilla/5.0 (X11; Ubuntu; Linux i686; rv:10.0.1) Gecko/20100101 Firefox/10.0.1"
0:0:0:0:0:0:0:1 -  -  [11/Jan/2014:21:01:09 +0000] "GET /ZingWeb/faces/pages/login.jspx HTTP/1.1" 200 3954 "-" "Mozilla/5.0 (X11; Ubuntu; Linux i686; rv:10.0.1) Gecko/20100101 Firefox/10.0.1"
0:0:0:0:0:0:0:1 -  -  [11/Jan/2014:21:01:09 +0000] "GET /ZingWeb/faces/css/style.css HTTP/1.1" 200 5832 "http://localhost:8080/ZingWeb/faces/pages/login.jspx" "Mozilla/5.0 (X11; Ubuntu; Linux i686; rv:10.0.1) Gecko/20100101 Firefox/10.0.1"
0:0:0:0:0:0:0:1 -  -  [11/Jan/2014:21:01:09 +0000] "GET /ZingWeb/faces/Scripts/AC_RunActiveContent.js HTTP/1.1" 404 1424 "http://localhost:8080/ZingWeb/faces/pages/login.jspx" "Mozilla/5.0 (X11; Ubuntu; Linux i686; rv:10.0.1) Gecko/20100101 Firefox/10.0.1"
0:0:0:0:0:0:0:1 -  -  [11/Jan/2014:21:01:09 +0000] "GET /ZingWeb/faces/images/FORMBG.jpg HTTP/1.1" 200 33767 "http://localhost:8080/ZingWeb/faces/pages/login.jspx" "Mozilla/5.0 (X11; Ubuntu; Linux i686; rv:10.0.1) Gecko/20100101 Firefox/10.0.1"
0:0:0:0:0:0:0:1 -  -  [11/Jan/2014:21:01:18 +0000] "POST /ZingWeb/faces/pages/login.jspx HTTP/1.1" 200 25137 "http://localhost:8080/ZingWeb/faces/pages/login.jspx" "Mozilla/5.0 (X11; Ubuntu; Linux i686; rv:10.0.1) Gecko/20100101 Firefox/10.0.1"
0:0:0:0:0:0:0:1 -  -  [11/Jan/2014:21:01:18 +0000] "GET /ZingWeb/faces/css/style.css HTTP/1.1" 200 5832 "http://localhost:8080/ZingWeb/faces/pages/login.jspx" "Mozilla/5.0 (X11; Ubuntu; Linux i686; rv:10.0.1) Gecko/20100101 Firefox/10.0.1"
0:0:0:0:0:0:0:1 -  -  [11/Jan/2014:21:01:19 +0000] "GET /ZingWeb/faces/js/showApplication.js HTTP/1.1" 200 256 "http://localhost:8080/ZingWeb/faces/pages/login.jspx" "Mozilla/5.0 (X11; Ubuntu; Linux i686; rv:10.0.1) Gecko/20100101 Firefox/10.0.1"
0:0:0:0:0:0:0:1 -  -  [11/Jan/2014:21:01:19 +0000] "GET /ZingWeb/faces/css/table.css HTTP/1.1" 200 270 "http://localhost:8080/ZingWeb/faces/pages/login.jspx" "Mozilla/5.0 (X11; Ubuntu; Linux i686; rv:10.0.1) Gecko/20100101 Firefox/10.0.1"
0:0:0:0:0:0:0:1 -  -  [11/Jan/2014:21:01:19 +0000] "GET /ShindigWeb/css/style.css HTTP/1.1" 404 1410 "http://localhost:8080/ZingWeb/faces/pages/login.jspx" "Mozilla/5.0 (X11; Ubuntu; Linux i686; rv:10.0.1) Gecko/20100101 Firefox/10.0.1"
0:0:0:0:0:0:0:1 -  -  [11/Jan/2014:21:01:19 +0000] "GET /ZingWeb/faces/pages/CSS/style.css HTTP/1.1" 200 2550 "http://localhost:8080/ZingWeb/faces/pages/login.jspx" "Mozilla/5.0 (X11; Ubuntu; Linux i686; rv:10.0.1) Gecko/20100101 Firefox/10.0.1"
0:0:0:0:0:0:0:1 -  -  [11/Jan/2014:21:01:19 +0000] "GET /ZingWeb/faces/pages/CSS/table.css HTTP/1.1" 200 270 "http://localhost:8080/ZingWeb/faces/pages/login.jspx" "Mozilla/5.0 (X11; Ubuntu; Linux i686; rv:10.0.1) Gecko/20100101 Firefox/10.0.1"
0:0:0:0:0:0:0:1 -  -  [11/Jan/2014:21:01:19 +0000] "GET /ZingWeb/faces/images/spicetitle.jpg HTTP/1.1" 200 3017 "http://localhost:8080/ZingWeb/faces/pages/login.jspx" "Mozilla/5.0 (X11; Ubuntu; Linux i686; rv:10.0.1) Gecko/20100101 Firefox/10.0.1"
0:0:0:0:0:0:0:1 -  -  [11/Jan/2014:21:01:19 +0000] "GET /ZingWeb/faces/images/table/table_top_bg.jpg HTTP/1.1" 200 581 "http://localhost:8080/ZingWeb/faces/css/style.css" "Mozilla/5.0 (X11; Ubuntu; Linux i686; rv:10.0.1) Gecko/20100101 Firefox/10.0.1"
0:0:0:0:0:0:0:1 -  -  [11/Jan/2014:21:01:19 +0000] "GET /ZingWeb/images/default.jpg HTTP/1.1" 304 0 "http://localhost:8080/ZingWeb/faces/pages/login.jspx" "Mozilla/5.0 (X11; Ubuntu; Linux i686; rv:10.0.1) Gecko/20100101 Firefox/10.0.1"
0:0:0:0:0:0:0:1 -  -  [11/Jan/2014:21:01:19 +0000] "GET /ZingWeb/faces/images/plus2.gif HTTP/1.1" 200 91 "http://localhost:8080/ZingWeb/faces/pages/login.jspx" "Mozilla/5.0 (X11; Ubuntu; Linux i686; rv:10.0.1) Gecko/20100101 Firefox/10.0.1"
0:0:0:0:0:0:0:1 -  -  [11/Jan/2014:21:01:19 +0000] "GET /ZingWeb/faces/images/box/center_box_top_500.jpg HTTP/1.1" 200 14628 "http://localhost:8080/ZingWeb/faces/pages/login.jspx" "Mozilla/5.0 (X11; Ubuntu; Linux i686; rv:10.0.1) Gecko/20100101 Firefox/10.0.1"
0:0:0:0:0:0:0:1 -  -  [11/Jan/2014:21:01:19 +0000] "GET /ZingWeb/faces/images/box/box_center_280.jpg HTTP/1.1" 200 545 "http://localhost:8080/ZingWeb/faces/pages/login.jspx" "Mozilla/5.0 (X11; Ubuntu; Linux i686; rv:10.0.1) Gecko/20100101 Firefox/10.0.1"
0:0:0:0:0:0:0:1 -  -  [11/Jan/2014:21:01:19 +0000] "GET /ZingWeb/faces/images/box/box_bottom_500.jpg HTTP/1.1" 200 2254 "http://localhost:8080/ZingWeb/faces/pages/login.jspx" "Mozilla/5.0 (X11; Ubuntu; Linux i686; rv:10.0.1) Gecko/20100101 Firefox/10.0.1"
0:0:0:0:0:0:0:1 -  -  [11/Jan/2014:21:01:19 +0000] "GET /ZingWeb/faces/pages/CSS/style.css HTTP/1.1" 200 2550 "http://localhost:8080/ZingWeb/faces/pages/CSS/style.css" "Mozilla/5.0 (X11; Ubuntu; Linux i686; rv:10.0.1) Gecko/20100101 Firefox/10.0.1"
0:0:0:0:0:0:0:1 -  -  [11/Jan/2014:21:01:19 +0000] "GET /ZingWeb/faces/images/box/box_top_170.jpg HTTP/1.1" 200 5778 "http://localhost:8080/ZingWeb/faces/pages/login.jspx" "Mozilla/5.0 (X11; Ubuntu; Linux i686; rv:10.0.1) Gecko/20100101 Firefox/10.0.1"
0:0:0:0:0:0:0:1 -  -  [11/Jan/2014:21:01:19 +0000] "GET /ZingWeb/faces/images/box/box_bottom_170.jpg HTTP/1.1" 200 1631 "http://localhost:8080/ZingWeb/faces/pages/login.jspx" "Mozilla/5.0 (X11; Ubuntu; Linux i686; rv:10.0.1) Gecko/20100101 Firefox/10.0.1"
0:0:0:0:0:0:0:1 -  -  [11/Jan/2014:21:01:19 +0000] "GET /ShindigWeb/css/style.css HTTP/1.1" 404 1410 "http://localhost:8080/ZingWeb/faces/pages/login.jspx" "Mozilla/5.0 (X11; Ubuntu; Linux i686; rv:10.0.1) Gecko/20100101 Firefox/10.0.1"
0:0:0:0:0:0:0:1 -  -  [11/Jan/2014:21:01:19 +0000] "GET /ZingWeb/faces/images/box/box_top_280.jpg HTTP/1.1" 200 8552 "http://localhost:8080/ZingWeb/faces/pages/login.jspx" "Mozilla/5.0 (X11; Ubuntu; Linux i686; rv:10.0.1) Gecko/20100101 Firefox/10.0.1"
0:0:0:0:0:0:0:1 -  -  [11/Jan/2014:21:01:19 +0000] "GET /ZingWeb/faces/images/box/box_bottom_280.jpg HTTP/1.1" 200 1405 "http://localhost:8080/ZingWeb/faces/pages/login.jspx" "Mozilla/5.0 (X11; Ubuntu; Linux i686; rv:10.0.1) Gecko/20100101 Firefox/10.0.1"
0:0:0:0:0:0:0:1 -  -  [11/Jan/2014:21:01:19 +0000] "GET /ZingWeb/faces/images/bottom.jpg HTTP/1.1" 200 9854 "http://localhost:8080/ZingWeb/faces/pages/login.jspx" "Mozilla/5.0 (X11; Ubuntu; Linux i686; rv:10.0.1) Gecko/20100101 Firefox/10.0.1"
0:0:0:0:0:0:0:1 -  -  [11/Jan/2014:21:01:20 +0000] "POST /ZingWeb/faces/pages/home.jspx HTTP/1.1" 200 1985 "http://localhost:8080/ZingWeb/faces/pages/login.jspx" "Mozilla/5.0 (X11; Ubuntu; Linux i686; rv:10.0.1) Gecko/20100101 Firefox/10.0.1"
0:0:0:0:0:0:0:1 -  -  [11/Jan/2014:21:01:20 +0000] "GET /ZingWeb/faces/css/style.css HTTP/1.1" 200 5832 "http://localhost:8080/ZingWeb/faces/pages/home.jspx" "Mozilla/5.0 (X11; Ubuntu; Linux i686; rv:10.0.1) Gecko/20100101 Firefox/10.0.1"
0:0:0:0:0:0:0:1 -  -  [11/Jan/2014:21:01:20 +0000] "GET /ZingWeb/faces/Scripts/AC_RunActiveContent.js HTTP/1.1" 404 1424 "http://localhost:8080/ZingWeb/faces/pages/home.jspx" "Mozilla/5.0 (X11; Ubuntu; Linux i686; rv:10.0.1) Gecko/20100101 Firefox/10.0.1"
0:0:0:0:0:0:0:1 -  -  [11/Jan/2014:21:01:23 +0000] "POST /ZingWeb/faces/pages/myScrapBook.jspx HTTP/1.1" 200 25137 "http://localhost:8080/ZingWeb/faces/pages/home.jspx" "Mozilla/5.0 (X11; Ubuntu; Linux i686; rv:10.0.1) Gecko/20100101 Firefox/10.0.1"
0:0:0:0:0:0:0:1 -  -  [11/Jan/2014:21:01:23 +0000] "GET /ZingWeb/faces/css/style.css HTTP/1.1" 200 5832 "http://localhost:8080/ZingWeb/faces/pages/myScrapBook.jspx" "Mozilla/5.0 (X11; Ubuntu; Linux i686; rv:10.0.1) Gecko/20100101 Firefox/10.0.1"
0:0:0:0:0:0:0:1 -  -  [11/Jan/2014:21:01:23 +0000] "GET /ZingWeb/faces/js/showApplication.js HTTP/1.1" 200 256 "http://localhost:8080/ZingWeb/faces/pages/myScrapBook.jspx" "Mozilla/5.0 (X11; Ubuntu; Linux i686; rv:10.0.1) Gecko/20100101 Firefox/10.0.1"
0:0:0:0:0:0:0:1 -  -  [11/Jan/2014:21:01:23 +0000] "GET /ZingWeb/faces/pages/CSS/style.css HTTP/1.1" 200 2550 "http://localhost:8080/ZingWeb/faces/pages/myScrapBook.jspx" "Mozilla/5.0 (X11; Ubuntu; Linux i686; rv:10.0.1) Gecko/20100101 Firefox/10.0.1"
0:0:0:0:0:0:0:1 -  -  [11/Jan/2014:21:01:23 +0000] "GET /ShindigWeb/css/style.css HTTP/1.1" 404 1410 "http://localhost:8080/ZingWeb/faces/pages/myScrapBook.jspx" "Mozilla/5.0 (X11; Ubuntu; Linux i686; rv:10.0.1) Gecko/20100101 Firefox/10.0.1"
0:0:0:0:0:0:0:1 -  -  [11/Jan/2014:21:01:23 +0000] "GET /ZingWeb/faces/css/table.css HTTP/1.1" 200 270 "http://localhost:8080/ZingWeb/faces/pages/myScrapBook.jspx" "Mozilla/5.0 (X11; Ubuntu; Linux i686; rv:10.0.1) Gecko/20100101 Firefox/10.0.1"
0:0:0:0:0:0:0:1 -  -  [11/Jan/2014:21:01:23 +0000] "GET /ZingWeb/faces/pages/CSS/table.css HTTP/1.1" 200 270 "http://localhost:8080/ZingWeb/faces/pages/myScrapBook.jspx" "Mozilla/5.0 (X11; Ubuntu; Linux i686; rv:10.0.1) Gecko/20100101 Firefox/10.0.1"
0:0:0:0:0:0:0:1 -  -  [11/Jan/2014:21:01:23 +0000] "GET /ZingWeb/faces/images/spicetitle.jpg HTTP/1.1" 200 3017 "http://localhost:8080/ZingWeb/faces/pages/myScrapBook.jspx" "Mozilla/5.0 (X11; Ubuntu; Linux i686; rv:10.0.1) Gecko/20100101 Firefox/10.0.1"
0:0:0:0:0:0:0:1 -  -  [11/Jan/2014:21:01:23 +0000] "GET /ZingWeb/faces/images/table/table_top_bg.jpg HTTP/1.1" 200 581 "http://localhost:8080/ZingWeb/faces/css/style.css" "Mozilla/5.0 (X11; Ubuntu; Linux i686; rv:10.0.1) Gecko/20100101 Firefox/10.0.1"
0:0:0:0:0:0:0:1 -  -  [11/Jan/2014:21:01:23 +0000] "GET /ZingWeb/images/default.jpg HTTP/1.1" 304 0 "http://localhost:8080/ZingWeb/faces/pages/myScrapBook.jspx" "Mozilla/5.0 (X11; Ubuntu; Linux i686; rv:10.0.1) Gecko/20100101 Firefox/10.0.1"
0:0:0:0:0:0:0:1 -  -  [11/Jan/2014:21:01:23 +0000] "GET /ZingWeb/faces/images/plus2.gif HTTP/1.1" 200 91 "http://localhost:8080/ZingWeb/faces/pages/myScrapBook.jspx" "Mozilla/5.0 (X11; Ubuntu; Linux i686; rv:10.0.1) Gecko/20100101 Firefox/10.0.1"
0:0:0:0:0:0:0:1 -  -  [11/Jan/2014:21:01:23 +0000] "GET /ZingWeb/faces/images/box/center_box_top_500.jpg HTTP/1.1" 200 14628 "http://localhost:8080/ZingWeb/faces/pages/myScrapBook.jspx" "Mozilla/5.0 (X11; Ubuntu; Linux i686; rv:10.0.1) Gecko/20100101 Firefox/10.0.1"
0:0:0:0:0:0:0:1 -  -  [11/Jan/2014:21:01:23 +0000] "GET /ZingWeb/faces/images/box/box_bottom_500.jpg HTTP/1.1" 200 2254 "http://localhost:8080/ZingWeb/faces/pages/myScrapBook.jspx" "Mozilla/5.0 (X11; Ubuntu; Linux i686; rv:10.0.1) Gecko/20100101 Firefox/10.0.1"
0:0:0:0:0:0:0:1 -  -  [11/Jan/2014:21:01:23 +0000] "GET /ZingWeb/faces/images/box/box_center_280.jpg HTTP/1.1" 200 545 "http://localhost:8080/ZingWeb/faces/pages/myScrapBook.jspx" "Mozilla/5.0 (X11; Ubuntu; Linux i686; rv:10.0.1) Gecko/20100101 Firefox/10.0.1"
0:0:0:0:0:0:0:1 -  -  [11/Jan/2014:21:01:23 +0000] "GET /ZingWeb/faces/pages/CSS/style.css HTTP/1.1" 200 2550 "http://localhost:8080/ZingWeb/faces/pages/CSS/style.css" "Mozilla/5.0 (X11; Ubuntu; Linux i686; rv:10.0.1) Gecko/20100101 Firefox/10.0.1"
0:0:0:0:0:0:0:1 -  -  [11/Jan/2014:21:01:23 +0000] "GET /ZingWeb/faces/images/box/box_top_170.jpg HTTP/1.1" 200 5778 "http://localhost:8080/ZingWeb/faces/pages/myScrapBook.jspx" "Mozilla/5.0 (X11; Ubuntu; Linux i686; rv:10.0.1) Gecko/20100101 Firefox/10.0.1"
0:0:0:0:0:0:0:1 -  -  [11/Jan/2014:21:01:23 +0000] "GET /ZingWeb/faces/images/box/box_bottom_170.jpg HTTP/1.1" 200 1631 "http://localhost:8080/ZingWeb/faces/pages/myScrapBook.jspx" "Mozilla/5.0 (X11; Ubuntu; Linux i686; rv:10.0.1) Gecko/20100101 Firefox/10.0.1"
0:0:0:0:0:0:0:1 -  -  [11/Jan/2014:21:01:23 +0000] "GET /ShindigWeb/css/style.css HTTP/1.1" 404 1410 "http://localhost:8080/ZingWeb/faces/pages/myScrapBook.jspx" "Mozilla/5.0 (X11; Ubuntu; Linux i686; rv:10.0.1) Gecko/20100101 Firefox/10.0.1"
0:0:0:0:0:0:0:1 -  -  [11/Jan/2014:21:01:23 +0000] "GET /ZingWeb/faces/images/box/box_top_280.jpg HTTP/1.1" 200 8552 "http://localhost:8080/ZingWeb/faces/pages/myScrapBook.jspx" "Mozilla/5.0 (X11; Ubuntu; Linux i686; rv:10.0.1) Gecko/20100101 Firefox/10.0.1"
0:0:0:0:0:0:0:1 -  -  [11/Jan/2014:21:01:23 +0000] "GET /ZingWeb/faces/images/box/box_bottom_280.jpg HTTP/1.1" 200 1405 "http://localhost:8080/ZingWeb/faces/pages/myScrapBook.jspx" "Mozilla/5.0 (X11; Ubuntu; Linux i686; rv:10.0.1) Gecko/20100101 Firefox/10.0.1"
0:0:0:0:0:0:0:1 -  -  [11/Jan/2014:21:01:23 +0000] "GET /ZingWeb/faces/images/bottom.jpg HTTP/1.1" 200 9854 "http://localhost:8080/ZingWeb/faces/pages/myScrapBook.jspx" "Mozilla/5.0 (X11; Ubuntu; Linux i686; rv:10.0.1) Gecko/20100101 Firefox/10.0.1"
0:0:0:0:0:0:0:1 -  -  [11/Jan/2014:21:11:51 +0000] "GET /ZingWeb/faces/pages/myScrapBook.jspx HTTP/1.1" 302 0 "-" "Mozilla/5.0 (X11; Ubuntu; Linux i686; rv:10.0.1) Gecko/20100101 Firefox/10.0.1"
0:0:0:0:0:0:0:1 -  -  [11/Jan/2014:21:11:52 +0000] "GET /ZingWeb/faces/pages/login.jspx HTTP/1.1" 200 3954 "-" "Mozilla/5.0 (X11; Ubuntu; Linux i686; rv:10.0.1) Gecko/20100101 Firefox/10.0.1"
0:0:0:0:0:0:0:1 -  -  [11/Jan/2014:21:11:52 +0000] "GET /ZingWeb/faces/css/style.css HTTP/1.1" 200 5832 "http://localhost:8080/ZingWeb/faces/pages/login.jspx" "Mozilla/5.0 (X11; Ubuntu; Linux i686; rv:10.0.1) Gecko/20100101 Firefox/10.0.1"
0:0:0:0:0:0:0:1 -  -  [11/Jan/2014:21:11:52 +0000] "GET /ZingWeb/faces/Scripts/AC_RunActiveContent.js HTTP/1.1" 404 1424 "http://localhost:8080/ZingWeb/faces/pages/login.jspx" "Mozilla/5.0 (X11; Ubuntu; Linux i686; rv:10.0.1) Gecko/20100101 Firefox/10.0.1"
0:0:0:0:0:0:0:1 -  -  [11/Jan/2014:21:11:52 +0000] "GET /ZingWeb/faces/images/FORMBG.jpg HTTP/1.1" 200 33767 "http://localhost:8080/ZingWeb/faces/pages/login.jspx" "Mozilla/5.0 (X11; Ubuntu; Linux i686; rv:10.0.1) Gecko/20100101 Firefox/10.0.1"
0:0:0:0:0:0:0:1 -  -  [11/Jan/2014:21:12:00 +0000] "POST /ZingWeb/faces/pages/login.jspx HTTP/1.1" 200 25137 "http://localhost:8080/ZingWeb/faces/pages/login.jspx" "Mozilla/5.0 (X11; Ubuntu; Linux i686; rv:10.0.1) Gecko/20100101 Firefox/10.0.1"
0:0:0:0:0:0:0:1 -  -  [11/Jan/2014:21:12:01 +0000] "GET /ZingWeb/faces/css/style.css HTTP/1.1" 200 5832 "http://localhost:8080/ZingWeb/faces/pages/login.jspx" "Mozilla/5.0 (X11; Ubuntu; Linux i686; rv:10.0.1) Gecko/20100101 Firefox/10.0.1"
0:0:0:0:0:0:0:1 -  -  [11/Jan/2014:21:12:01 +0000] "GET /ZingWeb/faces/css/table.css HTTP/1.1" 200 270 "http://localhost:8080/ZingWeb/faces/pages/login.jspx" "Mozilla/5.0 (X11; Ubuntu; Linux i686; rv:10.0.1) Gecko/20100101 Firefox/10.0.1"
0:0:0:0:0:0:0:1 -  -  [11/Jan/2014:21:12:01 +0000] "GET /ZingWeb/faces/pages/CSS/style.css HTTP/1.1" 200 2550 "http://localhost:8080/ZingWeb/faces/pages/login.jspx" "Mozilla/5.0 (X11; Ubuntu; Linux i686; rv:10.0.1) Gecko/20100101 Firefox/10.0.1"
0:0:0:0:0:0:0:1 -  -  [11/Jan/2014:21:12:01 +0000] "GET /ZingWeb/faces/pages/CSS/table.css HTTP/1.1" 200 270 "http://localhost:8080/ZingWeb/faces/pages/login.jspx" "Mozilla/5.0 (X11; Ubuntu; Linux i686; rv:10.0.1) Gecko/20100101 Firefox/10.0.1"
0:0:0:0:0:0:0:1 -  -  [11/Jan/2014:21:12:01 +0000] "GET /ShindigWeb/css/style.css HTTP/1.1" 404 1410 "http://localhost:8080/ZingWeb/faces/pages/login.jspx" "Mozilla/5.0 (X11; Ubuntu; Linux i686; rv:10.0.1) Gecko/20100101 Firefox/10.0.1"
0:0:0:0:0:0:0:1 -  -  [11/Jan/2014:21:12:01 +0000] "GET /ZingWeb/faces/js/showApplication.js HTTP/1.1" 200 256 "http://localhost:8080/ZingWeb/faces/pages/login.jspx" "Mozilla/5.0 (X11; Ubuntu; Linux i686; rv:10.0.1) Gecko/20100101 Firefox/10.0.1"
0:0:0:0:0:0:0:1 -  -  [11/Jan/2014:21:12:01 +0000] "GET /ZingWeb/faces/images/spicetitle.jpg HTTP/1.1" 200 3017 "http://localhost:8080/ZingWeb/faces/pages/login.jspx" "Mozilla/5.0 (X11; Ubuntu; Linux i686; rv:10.0.1) Gecko/20100101 Firefox/10.0.1"
0:0:0:0:0:0:0:1 -  -  [11/Jan/2014:21:12:01 +0000] "GET /ZingWeb/faces/images/table/table_top_bg.jpg HTTP/1.1" 200 581 "http://localhost:8080/ZingWeb/faces/css/style.css" "Mozilla/5.0 (X11; Ubuntu; Linux i686; rv:10.0.1) Gecko/20100101 Firefox/10.0.1"
0:0:0:0:0:0:0:1 -  -  [11/Jan/2014:21:12:01 +0000] "GET /ZingWeb/images/default.jpg HTTP/1.1" 304 0 "http://localhost:8080/ZingWeb/faces/pages/login.jspx" "Mozilla/5.0 (X11; Ubuntu; Linux i686; rv:10.0.1) Gecko/20100101 Firefox/10.0.1"
0:0:0:0:0:0:0:1 -  -  [11/Jan/2014:21:12:01 +0000] "GET /ZingWeb/faces/images/plus2.gif HTTP/1.1" 200 91 "http://localhost:8080/ZingWeb/faces/pages/login.jspx" "Mozilla/5.0 (X11; Ubuntu; Linux i686; rv:10.0.1) Gecko/20100101 Firefox/10.0.1"
0:0:0:0:0:0:0:1 -  -  [11/Jan/2014:21:12:01 +0000] "GET /ZingWeb/faces/images/box/box_center_280.jpg HTTP/1.1" 200 545 "http://localhost:8080/ZingWeb/faces/pages/login.jspx" "Mozilla/5.0 (X11; Ubuntu; Linux i686; rv:10.0.1) Gecko/20100101 Firefox/10.0.1"
0:0:0:0:0:0:0:1 -  -  [11/Jan/2014:21:12:01 +0000] "GET /ZingWeb/faces/images/box/box_bottom_500.jpg HTTP/1.1" 200 2254 "http://localhost:8080/ZingWeb/faces/pages/login.jspx" "Mozilla/5.0 (X11; Ubuntu; Linux i686; rv:10.0.1) Gecko/20100101 Firefox/10.0.1"
0:0:0:0:0:0:0:1 -  -  [11/Jan/2014:21:12:01 +0000] "GET /ZingWeb/faces/images/box/center_box_top_500.jpg HTTP/1.1" 200 14628 "http://localhost:8080/ZingWeb/faces/pages/login.jspx" "Mozilla/5.0 (X11; Ubuntu; Linux i686; rv:10.0.1) Gecko/20100101 Firefox/10.0.1"
0:0:0:0:0:0:0:1 -  -  [11/Jan/2014:21:12:01 +0000] "GET /ZingWeb/faces/pages/CSS/style.css HTTP/1.1" 200 2550 "http://localhost:8080/ZingWeb/faces/pages/CSS/style.css" "Mozilla/5.0 (X11; Ubuntu; Linux i686; rv:10.0.1) Gecko/20100101 Firefox/10.0.1"
0:0:0:0:0:0:0:1 -  -  [11/Jan/2014:21:12:01 +0000] "GET /ZingWeb/faces/images/box/box_top_170.jpg HTTP/1.1" 200 5778 "http://localhost:8080/ZingWeb/faces/pages/login.jspx" "Mozilla/5.0 (X11; Ubuntu; Linux i686; rv:10.0.1) Gecko/20100101 Firefox/10.0.1"
0:0:0:0:0:0:0:1 -  -  [11/Jan/2014:21:12:01 +0000] "GET /ZingWeb/faces/images/box/box_bottom_170.jpg HTTP/1.1" 200 1631 "http://localhost:8080/ZingWeb/faces/pages/login.jspx" "Mozilla/5.0 (X11; Ubuntu; Linux i686; rv:10.0.1) Gecko/20100101 Firefox/10.0.1"
0:0:0:0:0:0:0:1 -  -  [11/Jan/2014:21:12:01 +0000] "GET /ShindigWeb/css/style.css HTTP/1.1" 404 1410 "http://localhost:8080/ZingWeb/faces/pages/login.jspx" "Mozilla/5.0 (X11; Ubuntu; Linux i686; rv:10.0.1) Gecko/20100101 Firefox/10.0.1"
0:0:0:0:0:0:0:1 -  -  [11/Jan/2014:21:12:01 +0000] "GET /ZingWeb/faces/images/box/box_top_280.jpg HTTP/1.1" 200 8552 "http://localhost:8080/ZingWeb/faces/pages/login.jspx" "Mozilla/5.0 (X11; Ubuntu; Linux i686; rv:10.0.1) Gecko/20100101 Firefox/10.0.1"
0:0:0:0:0:0:0:1 -  -  [11/Jan/2014:21:12:01 +0000] "GET /ZingWeb/faces/images/box/box_bottom_280.jpg HTTP/1.1" 200 1405 "http://localhost:8080/ZingWeb/faces/pages/login.jspx" "Mozilla/5.0 (X11; Ubuntu; Linux i686; rv:10.0.1) Gecko/20100101 Firefox/10.0.1"
0:0:0:0:0:0:0:1 -  -  [11/Jan/2014:21:12:01 +0000] "GET /ZingWeb/faces/images/bottom.jpg HTTP/1.1" 200 9854 "http://localhost:8080/ZingWeb/faces/pages/login.jspx" "Mozilla/5.0 (X11; Ubuntu; Linux i686; rv:10.0.1) Gecko/20100101 Firefox/10.0.1"
0:0:0:0:0:0:0:1 -  -  [11/Jan/2014:21:12:04 +0000] "POST /ZingWeb/faces/pages/home.jspx HTTP/1.1" 200 680 "http://localhost:8080/ZingWeb/faces/pages/login.jspx" "Mozilla/5.0 (X11; Ubuntu; Linux i686; rv:10.0.1) Gecko/20100101 Firefox/10.0.1"
0:0:0:0:0:0:0:1 -  -  [11/Jan/2014:21:25:35 +0000] "GET /ZingWeb/faces/pages/home.jspx HTTP/1.1" 302 0 "-" "Mozilla/5.0 (X11; Ubuntu; Linux i686; rv:10.0.1) Gecko/20100101 Firefox/10.0.1"
0:0:0:0:0:0:0:1 -  -  [11/Jan/2014:21:25:36 +0000] "GET /ZingWeb/faces/pages/login.jspx HTTP/1.1" 200 3954 "-" "Mozilla/5.0 (X11; Ubuntu; Linux i686; rv:10.0.1) Gecko/20100101 Firefox/10.0.1"
0:0:0:0:0:0:0:1 -  -  [11/Jan/2014:21:25:36 +0000] "GET /ZingWeb/faces/css/style.css HTTP/1.1" 200 5832 "http://localhost:8080/ZingWeb/faces/pages/login.jspx" "Mozilla/5.0 (X11; Ubuntu; Linux i686; rv:10.0.1) Gecko/20100101 Firefox/10.0.1"
0:0:0:0:0:0:0:1 -  -  [11/Jan/2014:21:25:36 +0000] "GET /ZingWeb/faces/Scripts/AC_RunActiveContent.js HTTP/1.1" 404 1424 "http://localhost:8080/ZingWeb/faces/pages/login.jspx" "Mozilla/5.0 (X11; Ubuntu; Linux i686; rv:10.0.1) Gecko/20100101 Firefox/10.0.1"
0:0:0:0:0:0:0:1 -  -  [11/Jan/2014:21:25:36 +0000] "GET /ZingWeb/faces/images/FORMBG.jpg HTTP/1.1" 200 33767 "http://localhost:8080/ZingWeb/faces/pages/login.jspx" "Mozilla/5.0 (X11; Ubuntu; Linux i686; rv:10.0.1) Gecko/20100101 Firefox/10.0.1"
0:0:0:0:0:0:0:1 -  -  [11/Jan/2014:21:25:44 +0000] "POST /ZingWeb/faces/pages/login.jspx HTTP/1.1" 200 25137 "http://localhost:8080/ZingWeb/faces/pages/login.jspx" "Mozilla/5.0 (X11; Ubuntu; Linux i686; rv:10.0.1) Gecko/20100101 Firefox/10.0.1"
0:0:0:0:0:0:0:1 -  -  [11/Jan/2014:21:25:44 +0000] "GET /ZingWeb/faces/css/style.css HTTP/1.1" 200 5832 "http://localhost:8080/ZingWeb/faces/pages/login.jspx" "Mozilla/5.0 (X11; Ubuntu; Linux i686; rv:10.0.1) Gecko/20100101 Firefox/10.0.1"
0:0:0:0:0:0:0:1 -  -  [11/Jan/2014:21:25:44 +0000] "GET /ZingWeb/faces/images/spicetitle.jpg HTTP/1.1" 200 3017 "http://localhost:8080/ZingWeb/faces/pages/login.jspx" "Mozilla/5.0 (X11; Ubuntu; Linux i686; rv:10.0.1) Gecko/20100101 Firefox/10.0.1"
0:0:0:0:0:0:0:1 -  -  [11/Jan/2014:21:25:44 +0000] "GET /ZingWeb/faces/js/showApplication.js HTTP/1.1" 200 256 "http://localhost:8080/ZingWeb/faces/pages/login.jspx" "Mozilla/5.0 (X11; Ubuntu; Linux i686; rv:10.0.1) Gecko/20100101 Firefox/10.0.1"
0:0:0:0:0:0:0:1 -  -  [11/Jan/2014:21:25:44 +0000] "GET /ZingWeb/faces/images/box/box_center_280.jpg HTTP/1.1" 200 545 "http://localhost:8080/ZingWeb/faces/pages/login.jspx" "Mozilla/5.0 (X11; Ubuntu; Linux i686; rv:10.0.1) Gecko/20100101 Firefox/10.0.1"
0:0:0:0:0:0:0:1 -  -  [11/Jan/2014:21:25:44 +0000] "GET /ZingWeb/faces/pages/CSS/style.css HTTP/1.1" 200 2550 "http://localhost:8080/ZingWeb/faces/pages/login.jspx" "Mozilla/5.0 (X11; Ubuntu; Linux i686; rv:10.0.1) Gecko/20100101 Firefox/10.0.1"
0:0:0:0:0:0:0:1 -  -  [11/Jan/2014:21:25:44 +0000] "GET /ZingWeb/faces/pages/CSS/table.css HTTP/1.1" 200 270 "http://localhost:8080/ZingWeb/faces/pages/login.jspx" "Mozilla/5.0 (X11; Ubuntu; Linux i686; rv:10.0.1) Gecko/20100101 Firefox/10.0.1"
0:0:0:0:0:0:0:1 -  -  [11/Jan/2014:21:25:44 +0000] "GET /ZingWeb/faces/css/table.css HTTP/1.1" 200 270 "http://localhost:8080/ZingWeb/faces/pages/login.jspx" "Mozilla/5.0 (X11; Ubuntu; Linux i686; rv:10.0.1) Gecko/20100101 Firefox/10.0.1"
0:0:0:0:0:0:0:1 -  -  [11/Jan/2014:21:25:44 +0000] "GET /ZingWeb/faces/images/plus2.gif HTTP/1.1" 200 91 "http://localhost:8080/ZingWeb/faces/pages/login.jspx" "Mozilla/5.0 (X11; Ubuntu; Linux i686; rv:10.0.1) Gecko/20100101 Firefox/10.0.1"
0:0:0:0:0:0:0:1 -  -  [11/Jan/2014:21:25:44 +0000] "GET /ZingWeb/faces/images/box/center_box_top_500.jpg HTTP/1.1" 200 14628 "http://localhost:8080/ZingWeb/faces/pages/login.jspx" "Mozilla/5.0 (X11; Ubuntu; Linux i686; rv:10.0.1) Gecko/20100101 Firefox/10.0.1"
0:0:0:0:0:0:0:1 -  -  [11/Jan/2014:21:25:44 +0000] "GET /ShindigWeb/css/style.css HTTP/1.1" 404 1410 "http://localhost:8080/ZingWeb/faces/pages/login.jspx" "Mozilla/5.0 (X11; Ubuntu; Linux i686; rv:10.0.1) Gecko/20100101 Firefox/10.0.1"
0:0:0:0:0:0:0:1 -  -  [11/Jan/2014:21:25:44 +0000] "GET /ZingWeb/faces/images/box/box_bottom_500.jpg HTTP/1.1" 200 2254 "http://localhost:8080/ZingWeb/faces/pages/login.jspx" "Mozilla/5.0 (X11; Ubuntu; Linux i686; rv:10.0.1) Gecko/20100101 Firefox/10.0.1"
0:0:0:0:0:0:0:1 -  -  [11/Jan/2014:21:25:44 +0000] "GET /ZingWeb/faces/images/table/table_top_bg.jpg HTTP/1.1" 200 581 "http://localhost:8080/ZingWeb/faces/css/style.css" "Mozilla/5.0 (X11; Ubuntu; Linux i686; rv:10.0.1) Gecko/20100101 Firefox/10.0.1"
0:0:0:0:0:0:0:1 -  -  [11/Jan/2014:21:25:44 +0000] "GET /ZingWeb/images/default.jpg HTTP/1.1" 304 0 "http://localhost:8080/ZingWeb/faces/pages/login.jspx" "Mozilla/5.0 (X11; Ubuntu; Linux i686; rv:10.0.1) Gecko/20100101 Firefox/10.0.1"
0:0:0:0:0:0:0:1 -  -  [11/Jan/2014:21:25:45 +0000] "GET /ZingWeb/faces/pages/CSS/style.css HTTP/1.1" 200 2550 "http://localhost:8080/ZingWeb/faces/pages/CSS/style.css" "Mozilla/5.0 (X11; Ubuntu; Linux i686; rv:10.0.1) Gecko/20100101 Firefox/10.0.1"
0:0:0:0:0:0:0:1 -  -  [11/Jan/2014:21:25:45 +0000] "GET /ZingWeb/faces/images/box/box_top_170.jpg HTTP/1.1" 200 5778 "http://localhost:8080/ZingWeb/faces/pages/login.jspx" "Mozilla/5.0 (X11; Ubuntu; Linux i686; rv:10.0.1) Gecko/20100101 Firefox/10.0.1"
0:0:0:0:0:0:0:1 -  -  [11/Jan/2014:21:25:45 +0000] "GET /ZingWeb/faces/images/box/box_bottom_170.jpg HTTP/1.1" 200 1631 "http://localhost:8080/ZingWeb/faces/pages/login.jspx" "Mozilla/5.0 (X11; Ubuntu; Linux i686; rv:10.0.1) Gecko/20100101 Firefox/10.0.1"
0:0:0:0:0:0:0:1 -  -  [11/Jan/2014:21:25:45 +0000] "GET /ShindigWeb/css/style.css HTTP/1.1" 404 1410 "http://localhost:8080/ZingWeb/faces/pages/login.jspx" "Mozilla/5.0 (X11; Ubuntu; Linux i686; rv:10.0.1) Gecko/20100101 Firefox/10.0.1"
0:0:0:0:0:0:0:1 -  -  [11/Jan/2014:21:25:45 +0000] "GET /ZingWeb/faces/images/box/box_top_280.jpg HTTP/1.1" 200 8552 "http://localhost:8080/ZingWeb/faces/pages/login.jspx" "Mozilla/5.0 (X11; Ubuntu; Linux i686; rv:10.0.1) Gecko/20100101 Firefox/10.0.1"
0:0:0:0:0:0:0:1 -  -  [11/Jan/2014:21:25:45 +0000] "GET /ZingWeb/faces/images/box/box_bottom_280.jpg HTTP/1.1" 200 1405 "http://localhost:8080/ZingWeb/faces/pages/login.jspx" "Mozilla/5.0 (X11; Ubuntu; Linux i686; rv:10.0.1) Gecko/20100101 Firefox/10.0.1"
0:0:0:0:0:0:0:1 -  -  [11/Jan/2014:21:25:45 +0000] "GET /ZingWeb/faces/images/bottom.jpg HTTP/1.1" 200 9854 "http://localhost:8080/ZingWeb/faces/pages/login.jspx" "Mozilla/5.0 (X11; Ubuntu; Linux i686; rv:10.0.1) Gecko/20100101 Firefox/10.0.1"
0:0:0:0:0:0:0:1 -  -  [11/Jan/2014:21:25:46 +0000] "POST /ZingWeb/faces/pages/home.jspx HTTP/1.1" 200 8127 "http://localhost:8080/ZingWeb/faces/pages/login.jspx" "Mozilla/5.0 (X11; Ubuntu; Linux i686; rv:10.0.1) Gecko/20100101 Firefox/10.0.1"
0:0:0:0:0:0:0:1 -  -  [11/Jan/2014:21:27:00 +0000] "GET /ZingWeb/faces/pages/home.jspx HTTP/1.1" 302 0 "-" "Mozilla/5.0 (X11; Ubuntu; Linux i686; rv:10.0.1) Gecko/20100101 Firefox/10.0.1"
0:0:0:0:0:0:0:1 -  -  [11/Jan/2014:21:27:00 +0000] "GET /ZingWeb/faces/pages/login.jspx HTTP/1.1" 200 3954 "-" "Mozilla/5.0 (X11; Ubuntu; Linux i686; rv:10.0.1) Gecko/20100101 Firefox/10.0.1"
0:0:0:0:0:0:0:1 -  -  [11/Jan/2014:21:27:00 +0000] "GET /ZingWeb/faces/css/style.css HTTP/1.1" 200 5832 "http://localhost:8080/ZingWeb/faces/pages/login.jspx" "Mozilla/5.0 (X11; Ubuntu; Linux i686; rv:10.0.1) Gecko/20100101 Firefox/10.0.1"
0:0:0:0:0:0:0:1 -  -  [11/Jan/2014:21:27:00 +0000] "GET /ZingWeb/faces/Scripts/AC_RunActiveContent.js HTTP/1.1" 404 1424 "http://localhost:8080/ZingWeb/faces/pages/login.jspx" "Mozilla/5.0 (X11; Ubuntu; Linux i686; rv:10.0.1) Gecko/20100101 Firefox/10.0.1"
0:0:0:0:0:0:0:1 -  -  [11/Jan/2014:21:27:00 +0000] "GET /ZingWeb/faces/images/FORMBG.jpg HTTP/1.1" 200 33767 "http://localhost:8080/ZingWeb/faces/pages/login.jspx" "Mozilla/5.0 (X11; Ubuntu; Linux i686; rv:10.0.1) Gecko/20100101 Firefox/10.0.1"
0:0:0:0:0:0:0:1 -  -  [11/Jan/2014:21:27:06 +0000] "POST /ZingWeb/faces/pages/login.jspx HTTP/1.1" 200 25137 "http://localhost:8080/ZingWeb/faces/pages/login.jspx" "Mozilla/5.0 (X11; Ubuntu; Linux i686; rv:10.0.1) Gecko/20100101 Firefox/10.0.1"
0:0:0:0:0:0:0:1 -  -  [11/Jan/2014:21:27:07 +0000] "GET /ZingWeb/faces/css/style.css HTTP/1.1" 200 5832 "http://localhost:8080/ZingWeb/faces/pages/login.jspx" "Mozilla/5.0 (X11; Ubuntu; Linux i686; rv:10.0.1) Gecko/20100101 Firefox/10.0.1"
0:0:0:0:0:0:0:1 -  -  [11/Jan/2014:21:27:07 +0000] "GET /ZingWeb/faces/css/table.css HTTP/1.1" 200 270 "http://localhost:8080/ZingWeb/faces/pages/login.jspx" "Mozilla/5.0 (X11; Ubuntu; Linux i686; rv:10.0.1) Gecko/20100101 Firefox/10.0.1"
0:0:0:0:0:0:0:1 -  -  [11/Jan/2014:21:27:07 +0000] "GET /ZingWeb/faces/js/showApplication.js HTTP/1.1" 200 256 "http://localhost:8080/ZingWeb/faces/pages/login.jspx" "Mozilla/5.0 (X11; Ubuntu; Linux i686; rv:10.0.1) Gecko/20100101 Firefox/10.0.1"
0:0:0:0:0:0:0:1 -  -  [11/Jan/2014:21:27:07 +0000] "GET /ZingWeb/faces/images/plus2.gif HTTP/1.1" 200 91 "http://localhost:8080/ZingWeb/faces/pages/login.jspx" "Mozilla/5.0 (X11; Ubuntu; Linux i686; rv:10.0.1) Gecko/20100101 Firefox/10.0.1"
0:0:0:0:0:0:0:1 -  -  [11/Jan/2014:21:27:07 +0000] "GET /ZingWeb/faces/pages/CSS/table.css HTTP/1.1" 200 270 "http://localhost:8080/ZingWeb/faces/pages/login.jspx" "Mozilla/5.0 (X11; Ubuntu; Linux i686; rv:10.0.1) Gecko/20100101 Firefox/10.0.1"
0:0:0:0:0:0:0:1 -  -  [11/Jan/2014:21:27:07 +0000] "GET /ZingWeb/faces/images/box/box_center_280.jpg HTTP/1.1" 200 545 "http://localhost:8080/ZingWeb/faces/pages/login.jspx" "Mozilla/5.0 (X11; Ubuntu; Linux i686; rv:10.0.1) Gecko/20100101 Firefox/10.0.1"
0:0:0:0:0:0:0:1 -  -  [11/Jan/2014:21:27:07 +0000] "GET /ZingWeb/faces/images/box/box_bottom_500.jpg HTTP/1.1" 200 2254 "http://localhost:8080/ZingWeb/faces/pages/login.jspx" "Mozilla/5.0 (X11; Ubuntu; Linux i686; rv:10.0.1) Gecko/20100101 Firefox/10.0.1"
0:0:0:0:0:0:0:1 -  -  [11/Jan/2014:21:27:07 +0000] "GET /ShindigWeb/css/style.css HTTP/1.1" 404 1410 "http://localhost:8080/ZingWeb/faces/pages/login.jspx" "Mozilla/5.0 (X11; Ubuntu; Linux i686; rv:10.0.1) Gecko/20100101 Firefox/10.0.1"
0:0:0:0:0:0:0:1 -  -  [11/Jan/2014:21:27:07 +0000] "GET /ZingWeb/faces/pages/CSS/style.css HTTP/1.1" 200 2550 "http://localhost:8080/ZingWeb/faces/pages/login.jspx" "Mozilla/5.0 (X11; Ubuntu; Linux i686; rv:10.0.1) Gecko/20100101 Firefox/10.0.1"
0:0:0:0:0:0:0:1 -  -  [11/Jan/2014:21:27:07 +0000] "GET /ZingWeb/faces/images/spicetitle.jpg HTTP/1.1" 200 3017 "http://localhost:8080/ZingWeb/faces/pages/login.jspx" "Mozilla/5.0 (X11; Ubuntu; Linux i686; rv:10.0.1) Gecko/20100101 Firefox/10.0.1"
0:0:0:0:0:0:0:1 -  -  [11/Jan/2014:21:27:07 +0000] "GET /ZingWeb/faces/images/box/center_box_top_500.jpg HTTP/1.1" 200 14628 "http://localhost:8080/ZingWeb/faces/pages/login.jspx" "Mozilla/5.0 (X11; Ubuntu; Linux i686; rv:10.0.1) Gecko/20100101 Firefox/10.0.1"
0:0:0:0:0:0:0:1 -  -  [11/Jan/2014:21:27:07 +0000] "GET /ZingWeb/faces/images/table/table_top_bg.jpg HTTP/1.1" 200 581 "http://localhost:8080/ZingWeb/faces/css/style.css" "Mozilla/5.0 (X11; Ubuntu; Linux i686; rv:10.0.1) Gecko/20100101 Firefox/10.0.1"
0:0:0:0:0:0:0:1 -  -  [11/Jan/2014:21:27:07 +0000] "GET /ZingWeb/images/default.jpg HTTP/1.1" 304 0 "http://localhost:8080/ZingWeb/faces/pages/login.jspx" "Mozilla/5.0 (X11; Ubuntu; Linux i686; rv:10.0.1) Gecko/20100101 Firefox/10.0.1"
0:0:0:0:0:0:0:1 -  -  [11/Jan/2014:21:27:07 +0000] "GET /ZingWeb/faces/pages/CSS/style.css HTTP/1.1" 200 2550 "http://localhost:8080/ZingWeb/faces/pages/CSS/style.css" "Mozilla/5.0 (X11; Ubuntu; Linux i686; rv:10.0.1) Gecko/20100101 Firefox/10.0.1"
0:0:0:0:0:0:0:1 -  -  [11/Jan/2014:21:27:07 +0000] "GET /ZingWeb/faces/images/box/box_bottom_170.jpg HTTP/1.1" 200 1631 "http://localhost:8080/ZingWeb/faces/pages/login.jspx" "Mozilla/5.0 (X11; Ubuntu; Linux i686; rv:10.0.1) Gecko/20100101 Firefox/10.0.1"
0:0:0:0:0:0:0:1 -  -  [11/Jan/2014:21:27:07 +0000] "GET /ZingWeb/faces/images/box/box_top_170.jpg HTTP/1.1" 200 5778 "http://localhost:8080/ZingWeb/faces/pages/login.jspx" "Mozilla/5.0 (X11; Ubuntu; Linux i686; rv:10.0.1) Gecko/20100101 Firefox/10.0.1"
0:0:0:0:0:0:0:1 -  -  [11/Jan/2014:21:27:07 +0000] "GET /ShindigWeb/css/style.css HTTP/1.1" 404 1410 "http://localhost:8080/ZingWeb/faces/pages/login.jspx" "Mozilla/5.0 (X11; Ubuntu; Linux i686; rv:10.0.1) Gecko/20100101 Firefox/10.0.1"
0:0:0:0:0:0:0:1 -  -  [11/Jan/2014:21:27:07 +0000] "GET /ZingWeb/faces/images/box/box_top_280.jpg HTTP/1.1" 200 8552 "http://localhost:8080/ZingWeb/faces/pages/login.jspx" "Mozilla/5.0 (X11; Ubuntu; Linux i686; rv:10.0.1) Gecko/20100101 Firefox/10.0.1"
0:0:0:0:0:0:0:1 -  -  [11/Jan/2014:21:27:07 +0000] "GET /ZingWeb/faces/images/box/box_bottom_280.jpg HTTP/1.1" 200 1405 "http://localhost:8080/ZingWeb/faces/pages/login.jspx" "Mozilla/5.0 (X11; Ubuntu; Linux i686; rv:10.0.1) Gecko/20100101 Firefox/10.0.1"
0:0:0:0:0:0:0:1 -  -  [11/Jan/2014:21:27:07 +0000] "GET /ZingWeb/faces/images/bottom.jpg HTTP/1.1" 200 9854 "http://localhost:8080/ZingWeb/faces/pages/login.jspx" "Mozilla/5.0 (X11; Ubuntu; Linux i686; rv:10.0.1) Gecko/20100101 Firefox/10.0.1"
0:0:0:0:0:0:0:1 -  -  [11/Jan/2014:21:27:09 +0000] "POST /ZingWeb/faces/pages/home.jspx HTTP/1.1" 200 866 "http://localhost:8080/ZingWeb/faces/pages/login.jspx" "Mozilla/5.0 (X11; Ubuntu; Linux i686; rv:10.0.1) Gecko/20100101 Firefox/10.0.1"
0:0:0:0:0:0:0:1 -  -  [11/Jan/2014:23:55:59 +0000] "GET /ZingWeb/faces/pages/home.jspx HTTP/1.1" 302 0 "-" "Mozilla/5.0 (X11; Ubuntu; Linux i686; rv:10.0.1) Gecko/20100101 Firefox/10.0.1"
0:0:0:0:0:0:0:1 -  -  [11/Jan/2014:23:55:59 +0000] "GET /ZingWeb/faces/pages/login.jspx HTTP/1.1" 200 3954 "-" "Mozilla/5.0 (X11; Ubuntu; Linux i686; rv:10.0.1) Gecko/20100101 Firefox/10.0.1"
0:0:0:0:0:0:0:1 -  -  [11/Jan/2014:23:56:00 +0000] "GET /ZingWeb/faces/css/style.css HTTP/1.1" 200 5832 "http://localhost:8080/ZingWeb/faces/pages/login.jspx" "Mozilla/5.0 (X11; Ubuntu; Linux i686; rv:10.0.1) Gecko/20100101 Firefox/10.0.1"
0:0:0:0:0:0:0:1 -  -  [11/Jan/2014:23:56:00 +0000] "GET /ZingWeb/faces/Scripts/AC_RunActiveContent.js HTTP/1.1" 404 1424 "http://localhost:8080/ZingWeb/faces/pages/login.jspx" "Mozilla/5.0 (X11; Ubuntu; Linux i686; rv:10.0.1) Gecko/20100101 Firefox/10.0.1"
0:0:0:0:0:0:0:1 -  -  [11/Jan/2014:23:56:01 +0000] "GET /ZingWeb/faces/images/FORMBG.jpg HTTP/1.1" 200 33767 "http://localhost:8080/ZingWeb/faces/pages/login.jspx" "Mozilla/5.0 (X11; Ubuntu; Linux i686; rv:10.0.1) Gecko/20100101 Firefox/10.0.1"
0:0:0:0:0:0:0:1 -  -  [11/Jan/2014:23:56:11 +0000] "POST /ZingWeb/faces/pages/login.jspx HTTP/1.1" 200 25137 "http://localhost:8080/ZingWeb/faces/pages/login.jspx" "Mozilla/5.0 (X11; Ubuntu; Linux i686; rv:10.0.1) Gecko/20100101 Firefox/10.0.1"
0:0:0:0:0:0:0:1 -  -  [11/Jan/2014:23:56:12 +0000] "GET /ZingWeb/faces/css/style.css HTTP/1.1" 200 5832 "http://localhost:8080/ZingWeb/faces/pages/login.jspx" "Mozilla/5.0 (X11; Ubuntu; Linux i686; rv:10.0.1) Gecko/20100101 Firefox/10.0.1"
0:0:0:0:0:0:0:1 -  -  [11/Jan/2014:23:56:12 +0000] "GET /ZingWeb/faces/css/table.css HTTP/1.1" 200 270 "http://localhost:8080/ZingWeb/faces/pages/login.jspx" "Mozilla/5.0 (X11; Ubuntu; Linux i686; rv:10.0.1) Gecko/20100101 Firefox/10.0.1"
0:0:0:0:0:0:0:1 -  -  [11/Jan/2014:23:56:12 +0000] "GET /ZingWeb/faces/js/showApplication.js HTTP/1.1" 200 256 "http://localhost:8080/ZingWeb/faces/pages/login.jspx" "Mozilla/5.0 (X11; Ubuntu; Linux i686; rv:10.0.1) Gecko/20100101 Firefox/10.0.1"
0:0:0:0:0:0:0:1 -  -  [11/Jan/2014:23:56:12 +0000] "GET /ZingWeb/faces/images/plus2.gif HTTP/1.1" 200 91 "http://localhost:8080/ZingWeb/faces/pages/login.jspx" "Mozilla/5.0 (X11; Ubuntu; Linux i686; rv:10.0.1) Gecko/20100101 Firefox/10.0.1"
0:0:0:0:0:0:0:1 -  -  [11/Jan/2014:23:56:12 +0000] "GET /ZingWeb/faces/images/spicetitle.jpg HTTP/1.1" 200 3017 "http://localhost:8080/ZingWeb/faces/pages/login.jspx" "Mozilla/5.0 (X11; Ubuntu; Linux i686; rv:10.0.1) Gecko/20100101 Firefox/10.0.1"
0:0:0:0:0:0:0:1 -  -  [11/Jan/2014:23:56:12 +0000] "GET /ZingWeb/faces/pages/CSS/style.css HTTP/1.1" 200 2550 "http://localhost:8080/ZingWeb/faces/pages/login.jspx" "Mozilla/5.0 (X11; Ubuntu; Linux i686; rv:10.0.1) Gecko/20100101 Firefox/10.0.1"
0:0:0:0:0:0:0:1 -  -  [11/Jan/2014:23:56:12 +0000] "GET /ZingWeb/faces/pages/CSS/table.css HTTP/1.1" 200 270 "http://localhost:8080/ZingWeb/faces/pages/login.jspx" "Mozilla/5.0 (X11; Ubuntu; Linux i686; rv:10.0.1) Gecko/20100101 Firefox/10.0.1"
0:0:0:0:0:0:0:1 -  -  [11/Jan/2014:23:56:12 +0000] "GET /ZingWeb/faces/images/box/center_box_top_500.jpg HTTP/1.1" 200 14628 "http://localhost:8080/ZingWeb/faces/pages/login.jspx" "Mozilla/5.0 (X11; Ubuntu; Linux i686; rv:10.0.1) Gecko/20100101 Firefox/10.0.1"
0:0:0:0:0:0:0:1 -  -  [11/Jan/2014:23:56:12 +0000] "GET /ZingWeb/faces/images/box/box_center_280.jpg HTTP/1.1" 200 545 "http://localhost:8080/ZingWeb/faces/pages/login.jspx" "Mozilla/5.0 (X11; Ubuntu; Linux i686; rv:10.0.1) Gecko/20100101 Firefox/10.0.1"
0:0:0:0:0:0:0:1 -  -  [11/Jan/2014:23:56:12 +0000] "GET /ZingWeb/faces/images/box/box_bottom_500.jpg HTTP/1.1" 200 2254 "http://localhost:8080/ZingWeb/faces/pages/login.jspx" "Mozilla/5.0 (X11; Ubuntu; Linux i686; rv:10.0.1) Gecko/20100101 Firefox/10.0.1"
0:0:0:0:0:0:0:1 -  -  [11/Jan/2014:23:56:12 +0000] "GET /ShindigWeb/css/style.css HTTP/1.1" 404 1410 "http://localhost:8080/ZingWeb/faces/pages/login.jspx" "Mozilla/5.0 (X11; Ubuntu; Linux i686; rv:10.0.1) Gecko/20100101 Firefox/10.0.1"
0:0:0:0:0:0:0:1 -  -  [11/Jan/2014:23:56:13 +0000] "GET /ZingWeb/faces/images/table/table_top_bg.jpg HTTP/1.1" 200 581 "http://localhost:8080/ZingWeb/faces/css/style.css" "Mozilla/5.0 (X11; Ubuntu; Linux i686; rv:10.0.1) Gecko/20100101 Firefox/10.0.1"
0:0:0:0:0:0:0:1 -  -  [11/Jan/2014:23:56:13 +0000] "GET /ZingWeb/images/default.jpg HTTP/1.1" 304 0 "http://localhost:8080/ZingWeb/faces/pages/login.jspx" "Mozilla/5.0 (X11; Ubuntu; Linux i686; rv:10.0.1) Gecko/20100101 Firefox/10.0.1"
0:0:0:0:0:0:0:1 -  -  [11/Jan/2014:23:56:13 +0000] "GET /ZingWeb/faces/pages/CSS/style.css HTTP/1.1" 200 2550 "http://localhost:8080/ZingWeb/faces/pages/CSS/style.css" "Mozilla/5.0 (X11; Ubuntu; Linux i686; rv:10.0.1) Gecko/20100101 Firefox/10.0.1"
0:0:0:0:0:0:0:1 -  -  [11/Jan/2014:23:56:13 +0000] "GET /ZingWeb/faces/images/box/box_top_170.jpg HTTP/1.1" 200 5778 "http://localhost:8080/ZingWeb/faces/pages/login.jspx" "Mozilla/5.0 (X11; Ubuntu; Linux i686; rv:10.0.1) Gecko/20100101 Firefox/10.0.1"
0:0:0:0:0:0:0:1 -  -  [11/Jan/2014:23:56:13 +0000] "GET /ZingWeb/faces/images/box/box_bottom_170.jpg HTTP/1.1" 200 1631 "http://localhost:8080/ZingWeb/faces/pages/login.jspx" "Mozilla/5.0 (X11; Ubuntu; Linux i686; rv:10.0.1) Gecko/20100101 Firefox/10.0.1"
0:0:0:0:0:0:0:1 -  -  [11/Jan/2014:23:56:13 +0000] "GET /ShindigWeb/css/style.css HTTP/1.1" 404 1410 "http://localhost:8080/ZingWeb/faces/pages/login.jspx" "Mozilla/5.0 (X11; Ubuntu; Linux i686; rv:10.0.1) Gecko/20100101 Firefox/10.0.1"
0:0:0:0:0:0:0:1 -  -  [11/Jan/2014:23:56:13 +0000] "GET /ZingWeb/faces/images/box/box_top_280.jpg HTTP/1.1" 200 8552 "http://localhost:8080/ZingWeb/faces/pages/login.jspx" "Mozilla/5.0 (X11; Ubuntu; Linux i686; rv:10.0.1) Gecko/20100101 Firefox/10.0.1"
0:0:0:0:0:0:0:1 -  -  [11/Jan/2014:23:56:13 +0000] "GET /ZingWeb/faces/images/box/box_bottom_280.jpg HTTP/1.1" 200 1405 "http://localhost:8080/ZingWeb/faces/pages/login.jspx" "Mozilla/5.0 (X11; Ubuntu; Linux i686; rv:10.0.1) Gecko/20100101 Firefox/10.0.1"
0:0:0:0:0:0:0:1 -  -  [11/Jan/2014:23:56:13 +0000] "GET /ZingWeb/faces/images/bottom.jpg HTTP/1.1" 200 9854 "http://localhost:8080/ZingWeb/faces/pages/login.jspx" "Mozilla/5.0 (X11; Ubuntu; Linux i686; rv:10.0.1) Gecko/20100101 Firefox/10.0.1"
0:0:0:0:0:0:0:1 -  -  [11/Jan/2014:23:56:16 +0000] "POST /ZingWeb/faces/pages/home.jspx HTTP/1.1" 200 862 "http://localhost:8080/ZingWeb/faces/pages/login.jspx" "Mozilla/5.0 (X11; Ubuntu; Linux i686; rv:10.0.1) Gecko/20100101 Firefox/10.0.1"
0:0:0:0:0:0:0:1 -  -  [11/Jan/2014:23:59:32 +0000] "GET /ZingWeb/faces/pages/home.jspx HTTP/1.1" 302 0 "-" "Mozilla/5.0 (X11; Ubuntu; Linux i686; rv:10.0.1) Gecko/20100101 Firefox/10.0.1"
0:0:0:0:0:0:0:1 -  -  [11/Jan/2014:23:59:32 +0000] "GET /ZingWeb/faces/pages/login.jspx HTTP/1.1" 200 3954 "-" "Mozilla/5.0 (X11; Ubuntu; Linux i686; rv:10.0.1) Gecko/20100101 Firefox/10.0.1"
0:0:0:0:0:0:0:1 -  -  [11/Jan/2014:23:59:33 +0000] "GET /ZingWeb/faces/css/style.css HTTP/1.1" 200 5832 "http://localhost:8080/ZingWeb/faces/pages/login.jspx" "Mozilla/5.0 (X11; Ubuntu; Linux i686; rv:10.0.1) Gecko/20100101 Firefox/10.0.1"
0:0:0:0:0:0:0:1 -  -  [11/Jan/2014:23:59:33 +0000] "GET /ZingWeb/faces/Scripts/AC_RunActiveContent.js HTTP/1.1" 404 1424 "http://localhost:8080/ZingWeb/faces/pages/login.jspx" "Mozilla/5.0 (X11; Ubuntu; Linux i686; rv:10.0.1) Gecko/20100101 Firefox/10.0.1"
0:0:0:0:0:0:0:1 -  -  [11/Jan/2014:23:59:33 +0000] "GET /ZingWeb/faces/images/FORMBG.jpg HTTP/1.1" 200 33767 "http://localhost:8080/ZingWeb/faces/pages/login.jspx" "Mozilla/5.0 (X11; Ubuntu; Linux i686; rv:10.0.1) Gecko/20100101 Firefox/10.0.1"
0:0:0:0:0:0:0:1 -  -  [11/Jan/2014:23:59:41 +0000] "POST /ZingWeb/faces/pages/login.jspx HTTP/1.1" 200 25137 "http://localhost:8080/ZingWeb/faces/pages/login.jspx" "Mozilla/5.0 (X11; Ubuntu; Linux i686; rv:10.0.1) Gecko/20100101 Firefox/10.0.1"
0:0:0:0:0:0:0:1 -  -  [11/Jan/2014:23:59:42 +0000] "GET /ZingWeb/faces/css/style.css HTTP/1.1" 200 5832 "http://localhost:8080/ZingWeb/faces/pages/login.jspx" "Mozilla/5.0 (X11; Ubuntu; Linux i686; rv:10.0.1) Gecko/20100101 Firefox/10.0.1"
0:0:0:0:0:0:0:1 -  -  [11/Jan/2014:23:59:42 +0000] "GET /ZingWeb/faces/css/table.css HTTP/1.1" 200 270 "http://localhost:8080/ZingWeb/faces/pages/login.jspx" "Mozilla/5.0 (X11; Ubuntu; Linux i686; rv:10.0.1) Gecko/20100101 Firefox/10.0.1"
0:0:0:0:0:0:0:1 -  -  [11/Jan/2014:23:59:42 +0000] "GET /ZingWeb/faces/js/showApplication.js HTTP/1.1" 200 256 "http://localhost:8080/ZingWeb/faces/pages/login.jspx" "Mozilla/5.0 (X11; Ubuntu; Linux i686; rv:10.0.1) Gecko/20100101 Firefox/10.0.1"
0:0:0:0:0:0:0:1 -  -  [11/Jan/2014:23:59:42 +0000] "GET /ZingWeb/faces/images/plus2.gif HTTP/1.1" 200 91 "http://localhost:8080/ZingWeb/faces/pages/login.jspx" "Mozilla/5.0 (X11; Ubuntu; Linux i686; rv:10.0.1) Gecko/20100101 Firefox/10.0.1"
0:0:0:0:0:0:0:1 -  -  [11/Jan/2014:23:59:42 +0000] "GET /ZingWeb/faces/pages/CSS/style.css HTTP/1.1" 200 2550 "http://localhost:8080/ZingWeb/faces/pages/login.jspx" "Mozilla/5.0 (X11; Ubuntu; Linux i686; rv:10.0.1) Gecko/20100101 Firefox/10.0.1"
0:0:0:0:0:0:0:1 -  -  [11/Jan/2014:23:59:42 +0000] "GET /ShindigWeb/css/style.css HTTP/1.1" 404 1410 "http://localhost:8080/ZingWeb/faces/pages/login.jspx" "Mozilla/5.0 (X11; Ubuntu; Linux i686; rv:10.0.1) Gecko/20100101 Firefox/10.0.1"
0:0:0:0:0:0:0:1 -  -  [11/Jan/2014:23:59:42 +0000] "GET /ZingWeb/faces/images/box/center_box_top_500.jpg HTTP/1.1" 200 14628 "http://localhost:8080/ZingWeb/faces/pages/login.jspx" "Mozilla/5.0 (X11; Ubuntu; Linux i686; rv:10.0.1) Gecko/20100101 Firefox/10.0.1"
0:0:0:0:0:0:0:1 -  -  [11/Jan/2014:23:59:42 +0000] "GET /ZingWeb/faces/pages/CSS/table.css HTTP/1.1" 200 270 "http://localhost:8080/ZingWeb/faces/pages/login.jspx" "Mozilla/5.0 (X11; Ubuntu; Linux i686; rv:10.0.1) Gecko/20100101 Firefox/10.0.1"
0:0:0:0:0:0:0:1 -  -  [11/Jan/2014:23:59:42 +0000] "GET /ZingWeb/faces/images/spicetitle.jpg HTTP/1.1" 200 3017 "http://localhost:8080/ZingWeb/faces/pages/login.jspx" "Mozilla/5.0 (X11; Ubuntu; Linux i686; rv:10.0.1) Gecko/20100101 Firefox/10.0.1"
0:0:0:0:0:0:0:1 -  -  [11/Jan/2014:23:59:42 +0000] "GET /ZingWeb/faces/images/box/box_bottom_500.jpg HTTP/1.1" 200 2254 "http://localhost:8080/ZingWeb/faces/pages/login.jspx" "Mozilla/5.0 (X11; Ubuntu; Linux i686; rv:10.0.1) Gecko/20100101 Firefox/10.0.1"
0:0:0:0:0:0:0:1 -  -  [11/Jan/2014:23:59:42 +0000] "GET /ZingWeb/faces/images/box/box_center_280.jpg HTTP/1.1" 200 545 "http://localhost:8080/ZingWeb/faces/pages/login.jspx" "Mozilla/5.0 (X11; Ubuntu; Linux i686; rv:10.0.1) Gecko/20100101 Firefox/10.0.1"
0:0:0:0:0:0:0:1 -  -  [11/Jan/2014:23:59:42 +0000] "GET /ZingWeb/faces/images/table/table_top_bg.jpg HTTP/1.1" 200 581 "http://localhost:8080/ZingWeb/faces/css/style.css" "Mozilla/5.0 (X11; Ubuntu; Linux i686; rv:10.0.1) Gecko/20100101 Firefox/10.0.1"
0:0:0:0:0:0:0:1 -  -  [11/Jan/2014:23:59:42 +0000] "GET /ZingWeb/images/default.jpg HTTP/1.1" 304 0 "http://localhost:8080/ZingWeb/faces/pages/login.jspx" "Mozilla/5.0 (X11; Ubuntu; Linux i686; rv:10.0.1) Gecko/20100101 Firefox/10.0.1"
0:0:0:0:0:0:0:1 -  -  [11/Jan/2014:23:59:42 +0000] "GET /ZingWeb/faces/pages/CSS/style.css HTTP/1.1" 200 2550 "http://localhost:8080/ZingWeb/faces/pages/CSS/style.css" "Mozilla/5.0 (X11; Ubuntu; Linux i686; rv:10.0.1) Gecko/20100101 Firefox/10.0.1"
0:0:0:0:0:0:0:1 -  -  [11/Jan/2014:23:59:42 +0000] "GET /ZingWeb/faces/images/box/box_top_170.jpg HTTP/1.1" 200 5778 "http://localhost:8080/ZingWeb/faces/pages/login.jspx" "Mozilla/5.0 (X11; Ubuntu; Linux i686; rv:10.0.1) Gecko/20100101 Firefox/10.0.1"
0:0:0:0:0:0:0:1 -  -  [11/Jan/2014:23:59:42 +0000] "GET /ShindigWeb/css/style.css HTTP/1.1" 404 1410 "http://localhost:8080/ZingWeb/faces/pages/login.jspx" "Mozilla/5.0 (X11; Ubuntu; Linux i686; rv:10.0.1) Gecko/20100101 Firefox/10.0.1"
0:0:0:0:0:0:0:1 -  -  [11/Jan/2014:23:59:42 +0000] "GET /ZingWeb/faces/images/box/box_bottom_170.jpg HTTP/1.1" 200 1631 "http://localhost:8080/ZingWeb/faces/pages/login.jspx" "Mozilla/5.0 (X11; Ubuntu; Linux i686; rv:10.0.1) Gecko/20100101 Firefox/10.0.1"
0:0:0:0:0:0:0:1 -  -  [11/Jan/2014:23:59:42 +0000] "GET /ZingWeb/faces/images/box/box_top_280.jpg HTTP/1.1" 200 8552 "http://localhost:8080/ZingWeb/faces/pages/login.jspx" "Mozilla/5.0 (X11; Ubuntu; Linux i686; rv:10.0.1) Gecko/20100101 Firefox/10.0.1"
0:0:0:0:0:0:0:1 -  -  [11/Jan/2014:23:59:42 +0000] "GET /ZingWeb/faces/images/box/box_bottom_280.jpg HTTP/1.1" 200 1405 "http://localhost:8080/ZingWeb/faces/pages/login.jspx" "Mozilla/5.0 (X11; Ubuntu; Linux i686; rv:10.0.1) Gecko/20100101 Firefox/10.0.1"
0:0:0:0:0:0:0:1 -  -  [11/Jan/2014:23:59:42 +0000] "GET /ZingWeb/faces/images/bottom.jpg HTTP/1.1" 200 9854 "http://localhost:8080/ZingWeb/faces/pages/login.jspx" "Mozilla/5.0 (X11; Ubuntu; Linux i686; rv:10.0.1) Gecko/20100101 Firefox/10.0.1"
0:0:0:0:0:0:0:1 -  -  [11/Jan/2014:23:59:43 +0000] "POST /ZingWeb/faces/pages/home.jspx HTTP/1.1" 200 926 "http://localhost:8080/ZingWeb/faces/pages/login.jspx" "Mozilla/5.0 (X11; Ubuntu; Linux i686; rv:10.0.1) Gecko/20100101 Firefox/10.0.1"
