0:0:0:0:0:0:0:1 -  -  [10/Jan/2014:01:10:20 +0000] "GET /ZingWeb/faces/pages/start.jspx HTTP/1.1" 302 0 "-" "Mozilla/5.0 (X11; Ubuntu; Linux i686; rv:10.0.1) Gecko/20100101 Firefox/10.0.1"
0:0:0:0:0:0:0:1 -  -  [10/Jan/2014:01:10:20 +0000] "GET /ZingWeb/faces/pages/login.jspx HTTP/1.1" 200 3936 "-" "Mozilla/5.0 (X11; Ubuntu; Linux i686; rv:10.0.1) Gecko/20100101 Firefox/10.0.1"
0:0:0:0:0:0:0:1 -  -  [10/Jan/2014:01:10:21 +0000] "GET /ZingWeb/faces/css/style.css HTTP/1.1" 200 5832 "http://localhost:8080/ZingWeb/faces/pages/login.jspx" "Mozilla/5.0 (X11; Ubuntu; Linux i686; rv:10.0.1) Gecko/20100101 Firefox/10.0.1"
0:0:0:0:0:0:0:1 -  -  [10/Jan/2014:01:10:21 +0000] "GET /ZingWeb/faces/Scripts/AC_RunActiveContent.js HTTP/1.1" 404 1424 "http://localhost:8080/ZingWeb/faces/pages/login.jspx" "Mozilla/5.0 (X11; Ubuntu; Linux i686; rv:10.0.1) Gecko/20100101 Firefox/10.0.1"
0:0:0:0:0:0:0:1 -  -  [10/Jan/2014:01:10:21 +0000] "GET /ZingWeb/faces/images/FORMBG.jpg HTTP/1.1" 200 33767 "http://localhost:8080/ZingWeb/faces/pages/login.jspx" "Mozilla/5.0 (X11; Ubuntu; Linux i686; rv:10.0.1) Gecko/20100101 Firefox/10.0.1"
0:0:0:0:0:0:0:1 -  -  [10/Jan/2014:01:18:48 +0000] "GET /ZingWeb/faces/pages/login.jspx HTTP/1.1" 200 7298 "-" "Mozilla/5.0 (X11; Ubuntu; Linux i686; rv:10.0.1) Gecko/20100101 Firefox/10.0.1"
0:0:0:0:0:0:0:1 -  -  [10/Jan/2014:01:19:44 +0000] "GET /ZingWeb/faces/pages/login.jspx HTTP/1.1" 200 7310 "-" "Mozilla/5.0 (X11; Ubuntu; Linux i686; rv:10.0.1) Gecko/20100101 Firefox/10.0.1"
0:0:0:0:0:0:0:1 -  -  [10/Jan/2014:01:20:52 +0000] "GET /ZingWeb/faces/pages/login.jspx HTTP/1.1" 200 7314 "-" "Mozilla/5.0 (X11; Ubuntu; Linux i686; rv:10.0.1) Gecko/20100101 Firefox/10.0.1"
0:0:0:0:0:0:0:1 -  -  [10/Jan/2014:01:21:25 +0000] "GET /ZingWeb/faces/pages/login.jspx HTTP/1.1" 200 7314 "-" "Mozilla/5.0 (X11; Ubuntu; Linux i686; rv:10.0.1) Gecko/20100101 Firefox/10.0.1"
0:0:0:0:0:0:0:1 -  -  [10/Jan/2014:01:22:07 +0000] "GET /ZingWeb/faces/pages/login.jspx HTTP/1.1" 200 4129 "-" "Mozilla/5.0 (X11; Ubuntu; Linux i686; rv:10.0.1) Gecko/20100101 Firefox/10.0.1"
0:0:0:0:0:0:0:1 -  -  [10/Jan/2014:01:22:08 +0000] "GET /ZingWeb/faces/css/style.css HTTP/1.1" 200 5832 "http://localhost:8080/ZingWeb/faces/pages/login.jspx" "Mozilla/5.0 (X11; Ubuntu; Linux i686; rv:10.0.1) Gecko/20100101 Firefox/10.0.1"
0:0:0:0:0:0:0:1 -  -  [10/Jan/2014:01:22:08 +0000] "GET /ZingWeb/faces/Scripts/AC_RunActiveContent.js HTTP/1.1" 404 1424 "http://localhost:8080/ZingWeb/faces/pages/login.jspx" "Mozilla/5.0 (X11; Ubuntu; Linux i686; rv:10.0.1) Gecko/20100101 Firefox/10.0.1"
0:0:0:0:0:0:0:1 -  -  [10/Jan/2014:01:22:08 +0000] "GET /ZingWeb/faces/images/FORMBG.jpg HTTP/1.1" 200 33767 "http://localhost:8080/ZingWeb/faces/pages/login.jspx" "Mozilla/5.0 (X11; Ubuntu; Linux i686; rv:10.0.1) Gecko/20100101 Firefox/10.0.1"
0:0:0:0:0:0:0:1 -  -  [10/Jan/2014:01:35:36 +0000] "GET /ZingWeb/faces/pages/login.jspx HTTP/1.1" 200 4129 "-" "Mozilla/5.0 (X11; Ubuntu; Linux i686; rv:10.0.1) Gecko/20100101 Firefox/10.0.1"
0:0:0:0:0:0:0:1 -  -  [10/Jan/2014:01:35:36 +0000] "GET /ZingWeb/faces/css/style.css HTTP/1.1" 200 5832 "http://localhost:8080/ZingWeb/faces/pages/login.jspx" "Mozilla/5.0 (X11; Ubuntu; Linux i686; rv:10.0.1) Gecko/20100101 Firefox/10.0.1"
0:0:0:0:0:0:0:1 -  -  [10/Jan/2014:01:35:36 +0000] "GET /ZingWeb/faces/Scripts/AC_RunActiveContent.js HTTP/1.1" 404 1424 "http://localhost:8080/ZingWeb/faces/pages/login.jspx" "Mozilla/5.0 (X11; Ubuntu; Linux i686; rv:10.0.1) Gecko/20100101 Firefox/10.0.1"
0:0:0:0:0:0:0:1 -  -  [10/Jan/2014:01:35:36 +0000] "GET /ZingWeb/faces/images/FORMBG.jpg HTTP/1.1" 200 33767 "http://localhost:8080/ZingWeb/faces/pages/login.jspx" "Mozilla/5.0 (X11; Ubuntu; Linux i686; rv:10.0.1) Gecko/20100101 Firefox/10.0.1"
0:0:0:0:0:0:0:1 -  -  [10/Jan/2014:01:35:39 +0000] "POST /ZingWeb/faces/pages/login.jspx HTTP/1.1" 200 4180 "http://localhost:8080/ZingWeb/faces/pages/login.jspx" "Mozilla/5.0 (X11; Ubuntu; Linux i686; rv:10.0.1) Gecko/20100101 Firefox/10.0.1"
0:0:0:0:0:0:0:1 -  -  [10/Jan/2014:01:35:39 +0000] "GET /ZingWeb/faces/css/style.css HTTP/1.1" 200 5832 "http://localhost:8080/ZingWeb/faces/pages/login.jspx" "Mozilla/5.0 (X11; Ubuntu; Linux i686; rv:10.0.1) Gecko/20100101 Firefox/10.0.1"
0:0:0:0:0:0:0:1 -  -  [10/Jan/2014:01:35:39 +0000] "GET /ZingWeb/faces/Scripts/AC_RunActiveContent.js HTTP/1.1" 404 1424 "http://localhost:8080/ZingWeb/faces/pages/login.jspx" "Mozilla/5.0 (X11; Ubuntu; Linux i686; rv:10.0.1) Gecko/20100101 Firefox/10.0.1"
0:0:0:0:0:0:0:1 -  -  [10/Jan/2014:01:35:39 +0000] "GET /ZingWeb/faces/images/FORMBG.jpg HTTP/1.1" 200 33767 "http://localhost:8080/ZingWeb/faces/pages/login.jspx" "Mozilla/5.0 (X11; Ubuntu; Linux i686; rv:10.0.1) Gecko/20100101 Firefox/10.0.1"
0:0:0:0:0:0:0:1 -  -  [10/Jan/2014:01:35:45 +0000] "GET /ZingWeb/faces/pages/login.jspx HTTP/1.1" 200 4129 "-" "Mozilla/5.0 (X11; Ubuntu; Linux i686; rv:10.0.1) Gecko/20100101 Firefox/10.0.1"
0:0:0:0:0:0:0:1 -  -  [10/Jan/2014:01:35:45 +0000] "GET /ZingWeb/faces/css/style.css HTTP/1.1" 200 5832 "http://localhost:8080/ZingWeb/faces/pages/login.jspx" "Mozilla/5.0 (X11; Ubuntu; Linux i686; rv:10.0.1) Gecko/20100101 Firefox/10.0.1"
0:0:0:0:0:0:0:1 -  -  [10/Jan/2014:01:35:45 +0000] "GET /ZingWeb/faces/Scripts/AC_RunActiveContent.js HTTP/1.1" 404 1424 "http://localhost:8080/ZingWeb/faces/pages/login.jspx" "Mozilla/5.0 (X11; Ubuntu; Linux i686; rv:10.0.1) Gecko/20100101 Firefox/10.0.1"
0:0:0:0:0:0:0:1 -  -  [10/Jan/2014:01:35:45 +0000] "GET /ZingWeb/faces/images/FORMBG.jpg HTTP/1.1" 200 33767 "http://localhost:8080/ZingWeb/faces/pages/login.jspx" "Mozilla/5.0 (X11; Ubuntu; Linux i686; rv:10.0.1) Gecko/20100101 Firefox/10.0.1"
0:0:0:0:0:0:0:1 -  -  [10/Jan/2014:01:36:03 +0000] "POST /ZingWeb/faces/pages/login.jspx HTTP/1.1" 200 4171 "http://localhost:8080/ZingWeb/faces/pages/login.jspx" "Mozilla/5.0 (X11; Ubuntu; Linux i686; rv:10.0.1) Gecko/20100101 Firefox/10.0.1"
0:0:0:0:0:0:0:1 -  -  [10/Jan/2014:01:36:05 +0000] "GET /ZingWeb/faces/css/style.css HTTP/1.1" 200 5832 "http://localhost:8080/ZingWeb/faces/pages/login.jspx" "Mozilla/5.0 (X11; Ubuntu; Linux i686; rv:10.0.1) Gecko/20100101 Firefox/10.0.1"
0:0:0:0:0:0:0:1 -  -  [10/Jan/2014:01:36:05 +0000] "GET /ZingWeb/faces/Scripts/AC_RunActiveContent.js HTTP/1.1" 404 1424 "http://localhost:8080/ZingWeb/faces/pages/login.jspx" "Mozilla/5.0 (X11; Ubuntu; Linux i686; rv:10.0.1) Gecko/20100101 Firefox/10.0.1"
0:0:0:0:0:0:0:1 -  -  [10/Jan/2014:01:36:05 +0000] "GET /ZingWeb/faces/images/FORMBG.jpg HTTP/1.1" 200 33767 "http://localhost:8080/ZingWeb/faces/pages/login.jspx" "Mozilla/5.0 (X11; Ubuntu; Linux i686; rv:10.0.1) Gecko/20100101 Firefox/10.0.1"
0:0:0:0:0:0:0:1 -  -  [10/Jan/2014:01:36:09 +0000] "POST /ZingWeb/faces/pages/login.jspx HTTP/1.1" 200 18002 "http://localhost:8080/ZingWeb/faces/pages/login.jspx" "Mozilla/5.0 (X11; Ubuntu; Linux i686; rv:10.0.1) Gecko/20100101 Firefox/10.0.1"
0:0:0:0:0:0:0:1 -  -  [10/Jan/2014:01:36:09 +0000] "GET /ZingWeb/faces/css/style.css HTTP/1.1" 200 5832 "http://localhost:8080/ZingWeb/faces/pages/login.jspx" "Mozilla/5.0 (X11; Ubuntu; Linux i686; rv:10.0.1) Gecko/20100101 Firefox/10.0.1"
0:0:0:0:0:0:0:1 -  -  [10/Jan/2014:01:36:09 +0000] "GET /ZingWeb/faces/js/showApplication.js HTTP/1.1" 200 256 "http://localhost:8080/ZingWeb/faces/pages/login.jspx" "Mozilla/5.0 (X11; Ubuntu; Linux i686; rv:10.0.1) Gecko/20100101 Firefox/10.0.1"
0:0:0:0:0:0:0:1 -  -  [10/Jan/2014:01:36:09 +0000] "GET /ZingWeb/faces/pages/CSS/table.css HTTP/1.1" 200 270 "http://localhost:8080/ZingWeb/faces/pages/login.jspx" "Mozilla/5.0 (X11; Ubuntu; Linux i686; rv:10.0.1) Gecko/20100101 Firefox/10.0.1"
0:0:0:0:0:0:0:1 -  -  [10/Jan/2014:01:36:09 +0000] "GET /ZingWeb/faces/pages/CSS/style.css HTTP/1.1" 200 2550 "http://localhost:8080/ZingWeb/faces/pages/login.jspx" "Mozilla/5.0 (X11; Ubuntu; Linux i686; rv:10.0.1) Gecko/20100101 Firefox/10.0.1"
0:0:0:0:0:0:0:1 -  -  [10/Jan/2014:01:36:09 +0000] "GET /ShindigWeb/css/style.css HTTP/1.1" 404 1410 "http://localhost:8080/ZingWeb/faces/pages/login.jspx" "Mozilla/5.0 (X11; Ubuntu; Linux i686; rv:10.0.1) Gecko/20100101 Firefox/10.0.1"
0:0:0:0:0:0:0:1 -  -  [10/Jan/2014:01:36:09 +0000] "GET /ZingWeb/faces/css/table.css HTTP/1.1" 200 270 "http://localhost:8080/ZingWeb/faces/pages/login.jspx" "Mozilla/5.0 (X11; Ubuntu; Linux i686; rv:10.0.1) Gecko/20100101 Firefox/10.0.1"
0:0:0:0:0:0:0:1 -  -  [10/Jan/2014:01:36:09 +0000] "GET /ZingWeb/faces/images/spicetitle.jpg HTTP/1.1" 200 3017 "http://localhost:8080/ZingWeb/faces/pages/login.jspx" "Mozilla/5.0 (X11; Ubuntu; Linux i686; rv:10.0.1) Gecko/20100101 Firefox/10.0.1"
0:0:0:0:0:0:0:1 -  -  [10/Jan/2014:01:36:09 +0000] "GET /ZingWeb/faces/images/table/table_top_bg.jpg HTTP/1.1" 200 581 "http://localhost:8080/ZingWeb/faces/css/style.css" "Mozilla/5.0 (X11; Ubuntu; Linux i686; rv:10.0.1) Gecko/20100101 Firefox/10.0.1"
0:0:0:0:0:0:0:1 -  -  [10/Jan/2014:01:36:10 +0000] "GET /ZingWeb/images/default.jpg HTTP/1.1" 304 0 "http://localhost:8080/ZingWeb/faces/pages/login.jspx" "Mozilla/5.0 (X11; Ubuntu; Linux i686; rv:10.0.1) Gecko/20100101 Firefox/10.0.1"
0:0:0:0:0:0:0:1 -  -  [10/Jan/2014:01:36:10 +0000] "GET /ZingWeb/faces/images/plus2.gif HTTP/1.1" 200 91 "http://localhost:8080/ZingWeb/faces/pages/login.jspx" "Mozilla/5.0 (X11; Ubuntu; Linux i686; rv:10.0.1) Gecko/20100101 Firefox/10.0.1"
0:0:0:0:0:0:0:1 -  -  [10/Jan/2014:01:36:10 +0000] "GET /ZingWeb/faces/images/box/center_box_top_500.jpg HTTP/1.1" 200 14628 "http://localhost:8080/ZingWeb/faces/pages/login.jspx" "Mozilla/5.0 (X11; Ubuntu; Linux i686; rv:10.0.1) Gecko/20100101 Firefox/10.0.1"
0:0:0:0:0:0:0:1 -  -  [10/Jan/2014:01:36:10 +0000] "GET /ZingWeb/faces/images/box/box_center_280.jpg HTTP/1.1" 200 545 "http://localhost:8080/ZingWeb/faces/pages/login.jspx" "Mozilla/5.0 (X11; Ubuntu; Linux i686; rv:10.0.1) Gecko/20100101 Firefox/10.0.1"
0:0:0:0:0:0:0:1 -  -  [10/Jan/2014:01:36:10 +0000] "GET /ZingWeb/faces/images/box/box_bottom_500.jpg HTTP/1.1" 200 2254 "http://localhost:8080/ZingWeb/faces/pages/login.jspx" "Mozilla/5.0 (X11; Ubuntu; Linux i686; rv:10.0.1) Gecko/20100101 Firefox/10.0.1"
0:0:0:0:0:0:0:1 -  -  [10/Jan/2014:01:36:10 +0000] "GET /ZingWeb/faces/pages/CSS/style.css HTTP/1.1" 200 2550 "http://localhost:8080/ZingWeb/faces/pages/CSS/style.css" "Mozilla/5.0 (X11; Ubuntu; Linux i686; rv:10.0.1) Gecko/20100101 Firefox/10.0.1"
0:0:0:0:0:0:0:1 -  -  [10/Jan/2014:01:36:10 +0000] "GET /ZingWeb/faces/images/box/box_top_170.jpg HTTP/1.1" 200 5778 "http://localhost:8080/ZingWeb/faces/pages/login.jspx" "Mozilla/5.0 (X11; Ubuntu; Linux i686; rv:10.0.1) Gecko/20100101 Firefox/10.0.1"
0:0:0:0:0:0:0:1 -  -  [10/Jan/2014:01:36:10 +0000] "GET /ZingWeb/faces/images/box/box_bottom_170.jpg HTTP/1.1" 200 1631 "http://localhost:8080/ZingWeb/faces/pages/login.jspx" "Mozilla/5.0 (X11; Ubuntu; Linux i686; rv:10.0.1) Gecko/20100101 Firefox/10.0.1"
0:0:0:0:0:0:0:1 -  -  [10/Jan/2014:01:36:10 +0000] "GET /ShindigWeb/css/style.css HTTP/1.1" 404 1410 "http://localhost:8080/ZingWeb/faces/pages/login.jspx" "Mozilla/5.0 (X11; Ubuntu; Linux i686; rv:10.0.1) Gecko/20100101 Firefox/10.0.1"
0:0:0:0:0:0:0:1 -  -  [10/Jan/2014:01:36:10 +0000] "GET /ZingWeb/faces/images/box/box_bottom_280.jpg HTTP/1.1" 200 1405 "http://localhost:8080/ZingWeb/faces/pages/login.jspx" "Mozilla/5.0 (X11; Ubuntu; Linux i686; rv:10.0.1) Gecko/20100101 Firefox/10.0.1"
0:0:0:0:0:0:0:1 -  -  [10/Jan/2014:01:36:10 +0000] "GET /ZingWeb/faces/images/box/box_top_280.jpg HTTP/1.1" 200 8552 "http://localhost:8080/ZingWeb/faces/pages/login.jspx" "Mozilla/5.0 (X11; Ubuntu; Linux i686; rv:10.0.1) Gecko/20100101 Firefox/10.0.1"
0:0:0:0:0:0:0:1 -  -  [10/Jan/2014:01:36:10 +0000] "GET /ZingWeb/faces/images/bottom.jpg HTTP/1.1" 200 9854 "http://localhost:8080/ZingWeb/faces/pages/login.jspx" "Mozilla/5.0 (X11; Ubuntu; Linux i686; rv:10.0.1) Gecko/20100101 Firefox/10.0.1"
0:0:0:0:0:0:0:1 -  -  [10/Jan/2014:01:49:11 +0000] "GET /ZingWeb/faces/pages/login.jspx HTTP/1.1" 200 3936 "-" "Mozilla/5.0 (X11; Ubuntu; Linux i686; rv:10.0.1) Gecko/20100101 Firefox/10.0.1"
0:0:0:0:0:0:0:1 -  -  [10/Jan/2014:01:49:11 +0000] "GET /ZingWeb/faces/css/style.css HTTP/1.1" 200 5832 "http://localhost:8080/ZingWeb/faces/pages/login.jspx" "Mozilla/5.0 (X11; Ubuntu; Linux i686; rv:10.0.1) Gecko/20100101 Firefox/10.0.1"
0:0:0:0:0:0:0:1 -  -  [10/Jan/2014:01:49:11 +0000] "GET /ZingWeb/faces/Scripts/AC_RunActiveContent.js HTTP/1.1" 404 1424 "http://localhost:8080/ZingWeb/faces/pages/login.jspx" "Mozilla/5.0 (X11; Ubuntu; Linux i686; rv:10.0.1) Gecko/20100101 Firefox/10.0.1"
0:0:0:0:0:0:0:1 -  -  [10/Jan/2014:01:49:12 +0000] "GET /ZingWeb/faces/images/FORMBG.jpg HTTP/1.1" 200 33767 "http://localhost:8080/ZingWeb/faces/pages/login.jspx" "Mozilla/5.0 (X11; Ubuntu; Linux i686; rv:10.0.1) Gecko/20100101 Firefox/10.0.1"
0:0:0:0:0:0:0:1 -  -  [10/Jan/2014:01:49:19 +0000] "POST /ZingWeb/faces/pages/login.jspx HTTP/1.1" 200 7910 "http://localhost:8080/ZingWeb/faces/pages/login.jspx" "Mozilla/5.0 (X11; Ubuntu; Linux i686; rv:10.0.1) Gecko/20100101 Firefox/10.0.1"
0:0:0:0:0:0:0:1 -  -  [10/Jan/2014:01:50:20 +0000] "GET /ZingWeb/faces/pages/login.jspx HTTP/1.1" 200 3936 "-" "Mozilla/5.0 (X11; Ubuntu; Linux i686; rv:10.0.1) Gecko/20100101 Firefox/10.0.1"
0:0:0:0:0:0:0:1 -  -  [10/Jan/2014:01:50:20 +0000] "GET /ZingWeb/faces/css/style.css HTTP/1.1" 200 5832 "http://localhost:8080/ZingWeb/faces/pages/login.jspx" "Mozilla/5.0 (X11; Ubuntu; Linux i686; rv:10.0.1) Gecko/20100101 Firefox/10.0.1"
0:0:0:0:0:0:0:1 -  -  [10/Jan/2014:01:50:20 +0000] "GET /ZingWeb/faces/Scripts/AC_RunActiveContent.js HTTP/1.1" 404 1424 "http://localhost:8080/ZingWeb/faces/pages/login.jspx" "Mozilla/5.0 (X11; Ubuntu; Linux i686; rv:10.0.1) Gecko/20100101 Firefox/10.0.1"
0:0:0:0:0:0:0:1 -  -  [10/Jan/2014:01:50:20 +0000] "GET /ZingWeb/faces/images/FORMBG.jpg HTTP/1.1" 200 33767 "http://localhost:8080/ZingWeb/faces/pages/login.jspx" "Mozilla/5.0 (X11; Ubuntu; Linux i686; rv:10.0.1) Gecko/20100101 Firefox/10.0.1"
0:0:0:0:0:0:0:1 -  -  [10/Jan/2014:01:50:27 +0000] "POST /ZingWeb/faces/pages/login.jspx HTTP/1.1" 200 18002 "http://localhost:8080/ZingWeb/faces/pages/login.jspx" "Mozilla/5.0 (X11; Ubuntu; Linux i686; rv:10.0.1) Gecko/20100101 Firefox/10.0.1"
0:0:0:0:0:0:0:1 -  -  [10/Jan/2014:01:50:28 +0000] "GET /ZingWeb/faces/css/style.css HTTP/1.1" 200 5832 "http://localhost:8080/ZingWeb/faces/pages/login.jspx" "Mozilla/5.0 (X11; Ubuntu; Linux i686; rv:10.0.1) Gecko/20100101 Firefox/10.0.1"
0:0:0:0:0:0:0:1 -  -  [10/Jan/2014:01:50:28 +0000] "GET /ZingWeb/faces/css/table.css HTTP/1.1" 200 270 "http://localhost:8080/ZingWeb/faces/pages/login.jspx" "Mozilla/5.0 (X11; Ubuntu; Linux i686; rv:10.0.1) Gecko/20100101 Firefox/10.0.1"
0:0:0:0:0:0:0:1 -  -  [10/Jan/2014:01:50:28 +0000] "GET /ZingWeb/faces/images/spicetitle.jpg HTTP/1.1" 200 3017 "http://localhost:8080/ZingWeb/faces/pages/login.jspx" "Mozilla/5.0 (X11; Ubuntu; Linux i686; rv:10.0.1) Gecko/20100101 Firefox/10.0.1"
0:0:0:0:0:0:0:1 -  -  [10/Jan/2014:01:50:28 +0000] "GET /ZingWeb/faces/images/plus2.gif HTTP/1.1" 200 91 "http://localhost:8080/ZingWeb/faces/pages/login.jspx" "Mozilla/5.0 (X11; Ubuntu; Linux i686; rv:10.0.1) Gecko/20100101 Firefox/10.0.1"
0:0:0:0:0:0:0:1 -  -  [10/Jan/2014:01:50:28 +0000] "GET /ZingWeb/faces/images/box/box_bottom_500.jpg HTTP/1.1" 200 2254 "http://localhost:8080/ZingWeb/faces/pages/login.jspx" "Mozilla/5.0 (X11; Ubuntu; Linux i686; rv:10.0.1) Gecko/20100101 Firefox/10.0.1"
0:0:0:0:0:0:0:1 -  -  [10/Jan/2014:01:50:28 +0000] "GET /ShindigWeb/css/style.css HTTP/1.1" 404 1410 "http://localhost:8080/ZingWeb/faces/pages/login.jspx" "Mozilla/5.0 (X11; Ubuntu; Linux i686; rv:10.0.1) Gecko/20100101 Firefox/10.0.1"
0:0:0:0:0:0:0:1 -  -  [10/Jan/2014:01:50:28 +0000] "GET /ZingWeb/faces/pages/CSS/table.css HTTP/1.1" 200 270 "http://localhost:8080/ZingWeb/faces/pages/login.jspx" "Mozilla/5.0 (X11; Ubuntu; Linux i686; rv:10.0.1) Gecko/20100101 Firefox/10.0.1"
0:0:0:0:0:0:0:1 -  -  [10/Jan/2014:01:50:28 +0000] "GET /ZingWeb/faces/images/box/center_box_top_500.jpg HTTP/1.1" 200 14628 "http://localhost:8080/ZingWeb/faces/pages/login.jspx" "Mozilla/5.0 (X11; Ubuntu; Linux i686; rv:10.0.1) Gecko/20100101 Firefox/10.0.1"
0:0:0:0:0:0:0:1 -  -  [10/Jan/2014:01:50:28 +0000] "GET /ZingWeb/faces/js/showApplication.js HTTP/1.1" 200 256 "http://localhost:8080/ZingWeb/faces/pages/login.jspx" "Mozilla/5.0 (X11; Ubuntu; Linux i686; rv:10.0.1) Gecko/20100101 Firefox/10.0.1"
0:0:0:0:0:0:0:1 -  -  [10/Jan/2014:01:50:28 +0000] "GET /ZingWeb/faces/pages/CSS/style.css HTTP/1.1" 200 2550 "http://localhost:8080/ZingWeb/faces/pages/login.jspx" "Mozilla/5.0 (X11; Ubuntu; Linux i686; rv:10.0.1) Gecko/20100101 Firefox/10.0.1"
0:0:0:0:0:0:0:1 -  -  [10/Jan/2014:01:50:28 +0000] "GET /ZingWeb/faces/images/box/box_center_280.jpg HTTP/1.1" 200 545 "http://localhost:8080/ZingWeb/faces/pages/login.jspx" "Mozilla/5.0 (X11; Ubuntu; Linux i686; rv:10.0.1) Gecko/20100101 Firefox/10.0.1"
0:0:0:0:0:0:0:1 -  -  [10/Jan/2014:01:50:28 +0000] "GET /ZingWeb/faces/images/table/table_top_bg.jpg HTTP/1.1" 200 581 "http://localhost:8080/ZingWeb/faces/css/style.css" "Mozilla/5.0 (X11; Ubuntu; Linux i686; rv:10.0.1) Gecko/20100101 Firefox/10.0.1"
0:0:0:0:0:0:0:1 -  -  [10/Jan/2014:01:50:28 +0000] "GET /ZingWeb/images/default.jpg HTTP/1.1" 304 0 "http://localhost:8080/ZingWeb/faces/pages/login.jspx" "Mozilla/5.0 (X11; Ubuntu; Linux i686; rv:10.0.1) Gecko/20100101 Firefox/10.0.1"
0:0:0:0:0:0:0:1 -  -  [10/Jan/2014:01:50:28 +0000] "GET /ZingWeb/faces/pages/CSS/style.css HTTP/1.1" 200 2550 "http://localhost:8080/ZingWeb/faces/pages/CSS/style.css" "Mozilla/5.0 (X11; Ubuntu; Linux i686; rv:10.0.1) Gecko/20100101 Firefox/10.0.1"
0:0:0:0:0:0:0:1 -  -  [10/Jan/2014:01:50:28 +0000] "GET /ZingWeb/faces/images/box/box_top_170.jpg HTTP/1.1" 200 5778 "http://localhost:8080/ZingWeb/faces/pages/login.jspx" "Mozilla/5.0 (X11; Ubuntu; Linux i686; rv:10.0.1) Gecko/20100101 Firefox/10.0.1"
0:0:0:0:0:0:0:1 -  -  [10/Jan/2014:01:50:28 +0000] "GET /ZingWeb/faces/images/box/box_bottom_170.jpg HTTP/1.1" 200 1631 "http://localhost:8080/ZingWeb/faces/pages/login.jspx" "Mozilla/5.0 (X11; Ubuntu; Linux i686; rv:10.0.1) Gecko/20100101 Firefox/10.0.1"
0:0:0:0:0:0:0:1 -  -  [10/Jan/2014:01:50:28 +0000] "GET /ShindigWeb/css/style.css HTTP/1.1" 404 1410 "http://localhost:8080/ZingWeb/faces/pages/login.jspx" "Mozilla/5.0 (X11; Ubuntu; Linux i686; rv:10.0.1) Gecko/20100101 Firefox/10.0.1"
0:0:0:0:0:0:0:1 -  -  [10/Jan/2014:01:50:28 +0000] "GET /ZingWeb/faces/images/box/box_top_280.jpg HTTP/1.1" 200 8552 "http://localhost:8080/ZingWeb/faces/pages/login.jspx" "Mozilla/5.0 (X11; Ubuntu; Linux i686; rv:10.0.1) Gecko/20100101 Firefox/10.0.1"
0:0:0:0:0:0:0:1 -  -  [10/Jan/2014:01:50:28 +0000] "GET /ZingWeb/faces/images/box/box_bottom_280.jpg HTTP/1.1" 200 1405 "http://localhost:8080/ZingWeb/faces/pages/login.jspx" "Mozilla/5.0 (X11; Ubuntu; Linux i686; rv:10.0.1) Gecko/20100101 Firefox/10.0.1"
0:0:0:0:0:0:0:1 -  -  [10/Jan/2014:01:50:28 +0000] "GET /ZingWeb/faces/images/bottom.jpg HTTP/1.1" 200 9854 "http://localhost:8080/ZingWeb/faces/pages/login.jspx" "Mozilla/5.0 (X11; Ubuntu; Linux i686; rv:10.0.1) Gecko/20100101 Firefox/10.0.1"
0:0:0:0:0:0:0:1 -  -  [10/Jan/2014:21:28:40 +0000] "GET /ZingWeb/faces/pages/login.jspx HTTP/1.1" 200 4301 "-" "Mozilla/5.0 (X11; Ubuntu; Linux i686; rv:10.0.1) Gecko/20100101 Firefox/10.0.1"
0:0:0:0:0:0:0:1 -  -  [10/Jan/2014:21:28:40 +0000] "GET /ZingWeb/faces/css/style.css HTTP/1.1" 200 5832 "http://localhost:8080/ZingWeb/faces/pages/login.jspx" "Mozilla/5.0 (X11; Ubuntu; Linux i686; rv:10.0.1) Gecko/20100101 Firefox/10.0.1"
0:0:0:0:0:0:0:1 -  -  [10/Jan/2014:21:28:40 +0000] "GET /ZingWeb/faces/Scripts/AC_RunActiveContent.js HTTP/1.1" 404 1424 "http://localhost:8080/ZingWeb/faces/pages/login.jspx" "Mozilla/5.0 (X11; Ubuntu; Linux i686; rv:10.0.1) Gecko/20100101 Firefox/10.0.1"
0:0:0:0:0:0:0:1 -  -  [10/Jan/2014:21:28:41 +0000] "GET /ZingWeb/faces/images/FORMBG.jpg HTTP/1.1" 200 33767 "http://localhost:8080/ZingWeb/faces/pages/login.jspx" "Mozilla/5.0 (X11; Ubuntu; Linux i686; rv:10.0.1) Gecko/20100101 Firefox/10.0.1"
0:0:0:0:0:0:0:1 -  -  [10/Jan/2014:21:28:46 +0000] "POST /ZingWeb/faces/pages/login.jspx HTTP/1.1" 200 4352 "http://localhost:8080/ZingWeb/faces/pages/login.jspx" "Mozilla/5.0 (X11; Ubuntu; Linux i686; rv:10.0.1) Gecko/20100101 Firefox/10.0.1"
0:0:0:0:0:0:0:1 -  -  [10/Jan/2014:21:28:46 +0000] "GET /ZingWeb/faces/css/style.css HTTP/1.1" 200 5832 "http://localhost:8080/ZingWeb/faces/pages/login.jspx" "Mozilla/5.0 (X11; Ubuntu; Linux i686; rv:10.0.1) Gecko/20100101 Firefox/10.0.1"
0:0:0:0:0:0:0:1 -  -  [10/Jan/2014:21:28:46 +0000] "GET /ZingWeb/faces/Scripts/AC_RunActiveContent.js HTTP/1.1" 404 1424 "http://localhost:8080/ZingWeb/faces/pages/login.jspx" "Mozilla/5.0 (X11; Ubuntu; Linux i686; rv:10.0.1) Gecko/20100101 Firefox/10.0.1"
0:0:0:0:0:0:0:1 -  -  [10/Jan/2014:21:28:46 +0000] "GET /ZingWeb/faces/images/FORMBG.jpg HTTP/1.1" 200 33767 "http://localhost:8080/ZingWeb/faces/pages/login.jspx" "Mozilla/5.0 (X11; Ubuntu; Linux i686; rv:10.0.1) Gecko/20100101 Firefox/10.0.1"
0:0:0:0:0:0:0:1 -  -  [10/Jan/2014:21:28:58 +0000] "POST /ZingWeb/faces/pages/login.jspx HTTP/1.1" 200 4352 "http://localhost:8080/ZingWeb/faces/pages/login.jspx" "Mozilla/5.0 (X11; Ubuntu; Linux i686; rv:10.0.1) Gecko/20100101 Firefox/10.0.1"
0:0:0:0:0:0:0:1 -  -  [10/Jan/2014:21:28:58 +0000] "GET /ZingWeb/faces/css/style.css HTTP/1.1" 200 5832 "http://localhost:8080/ZingWeb/faces/pages/login.jspx" "Mozilla/5.0 (X11; Ubuntu; Linux i686; rv:10.0.1) Gecko/20100101 Firefox/10.0.1"
0:0:0:0:0:0:0:1 -  -  [10/Jan/2014:21:28:58 +0000] "GET /ZingWeb/faces/Scripts/AC_RunActiveContent.js HTTP/1.1" 404 1424 "http://localhost:8080/ZingWeb/faces/pages/login.jspx" "Mozilla/5.0 (X11; Ubuntu; Linux i686; rv:10.0.1) Gecko/20100101 Firefox/10.0.1"
0:0:0:0:0:0:0:1 -  -  [10/Jan/2014:21:28:59 +0000] "GET /ZingWeb/faces/images/FORMBG.jpg HTTP/1.1" 200 33767 "http://localhost:8080/ZingWeb/faces/pages/login.jspx" "Mozilla/5.0 (X11; Ubuntu; Linux i686; rv:10.0.1) Gecko/20100101 Firefox/10.0.1"
0:0:0:0:0:0:0:1 -  -  [10/Jan/2014:21:29:01 +0000] "POST /ZingWeb/faces/pages/login.jspx HTTP/1.1" 200 4352 "http://localhost:8080/ZingWeb/faces/pages/login.jspx" "Mozilla/5.0 (X11; Ubuntu; Linux i686; rv:10.0.1) Gecko/20100101 Firefox/10.0.1"
0:0:0:0:0:0:0:1 -  -  [10/Jan/2014:21:29:01 +0000] "GET /ZingWeb/faces/css/style.css HTTP/1.1" 200 5832 "http://localhost:8080/ZingWeb/faces/pages/login.jspx" "Mozilla/5.0 (X11; Ubuntu; Linux i686; rv:10.0.1) Gecko/20100101 Firefox/10.0.1"
0:0:0:0:0:0:0:1 -  -  [10/Jan/2014:21:29:01 +0000] "GET /ZingWeb/faces/Scripts/AC_RunActiveContent.js HTTP/1.1" 404 1424 "http://localhost:8080/ZingWeb/faces/pages/login.jspx" "Mozilla/5.0 (X11; Ubuntu; Linux i686; rv:10.0.1) Gecko/20100101 Firefox/10.0.1"
0:0:0:0:0:0:0:1 -  -  [10/Jan/2014:21:29:02 +0000] "GET /ZingWeb/faces/images/FORMBG.jpg HTTP/1.1" 200 33767 "http://localhost:8080/ZingWeb/faces/pages/login.jspx" "Mozilla/5.0 (X11; Ubuntu; Linux i686; rv:10.0.1) Gecko/20100101 Firefox/10.0.1"
0:0:0:0:0:0:0:1 -  -  [10/Jan/2014:21:29:14 +0000] "POST /ZingWeb/faces/pages/login.jspx HTTP/1.1" 200 25137 "http://localhost:8080/ZingWeb/faces/pages/login.jspx" "Mozilla/5.0 (X11; Ubuntu; Linux i686; rv:10.0.1) Gecko/20100101 Firefox/10.0.1"
0:0:0:0:0:0:0:1 -  -  [10/Jan/2014:21:29:14 +0000] "GET /ZingWeb/faces/css/style.css HTTP/1.1" 200 5832 "http://localhost:8080/ZingWeb/faces/pages/login.jspx" "Mozilla/5.0 (X11; Ubuntu; Linux i686; rv:10.0.1) Gecko/20100101 Firefox/10.0.1"
0:0:0:0:0:0:0:1 -  -  [10/Jan/2014:21:29:14 +0000] "GET /ZingWeb/faces/css/table.css HTTP/1.1" 200 270 "http://localhost:8080/ZingWeb/faces/pages/login.jspx" "Mozilla/5.0 (X11; Ubuntu; Linux i686; rv:10.0.1) Gecko/20100101 Firefox/10.0.1"
0:0:0:0:0:0:0:1 -  -  [10/Jan/2014:21:29:14 +0000] "GET /ZingWeb/faces/pages/CSS/table.css HTTP/1.1" 200 270 "http://localhost:8080/ZingWeb/faces/pages/login.jspx" "Mozilla/5.0 (X11; Ubuntu; Linux i686; rv:10.0.1) Gecko/20100101 Firefox/10.0.1"
0:0:0:0:0:0:0:1 -  -  [10/Jan/2014:21:29:14 +0000] "GET /ShindigWeb/css/style.css HTTP/1.1" 404 1410 "http://localhost:8080/ZingWeb/faces/pages/login.jspx" "Mozilla/5.0 (X11; Ubuntu; Linux i686; rv:10.0.1) Gecko/20100101 Firefox/10.0.1"
0:0:0:0:0:0:0:1 -  -  [10/Jan/2014:21:29:14 +0000] "GET /ZingWeb/faces/images/plus2.gif HTTP/1.1" 200 91 "http://localhost:8080/ZingWeb/faces/pages/login.jspx" "Mozilla/5.0 (X11; Ubuntu; Linux i686; rv:10.0.1) Gecko/20100101 Firefox/10.0.1"
0:0:0:0:0:0:0:1 -  -  [10/Jan/2014:21:29:14 +0000] "GET /ZingWeb/faces/pages/CSS/style.css HTTP/1.1" 200 2550 "http://localhost:8080/ZingWeb/faces/pages/login.jspx" "Mozilla/5.0 (X11; Ubuntu; Linux i686; rv:10.0.1) Gecko/20100101 Firefox/10.0.1"
0:0:0:0:0:0:0:1 -  -  [10/Jan/2014:21:29:14 +0000] "GET /ZingWeb/faces/images/box/box_bottom_500.jpg HTTP/1.1" 200 2254 "http://localhost:8080/ZingWeb/faces/pages/login.jspx" "Mozilla/5.0 (X11; Ubuntu; Linux i686; rv:10.0.1) Gecko/20100101 Firefox/10.0.1"
0:0:0:0:0:0:0:1 -  -  [10/Jan/2014:21:29:14 +0000] "GET /ZingWeb/faces/images/spicetitle.jpg HTTP/1.1" 200 3017 "http://localhost:8080/ZingWeb/faces/pages/login.jspx" "Mozilla/5.0 (X11; Ubuntu; Linux i686; rv:10.0.1) Gecko/20100101 Firefox/10.0.1"
0:0:0:0:0:0:0:1 -  -  [10/Jan/2014:21:29:14 +0000] "GET /ZingWeb/faces/images/box/center_box_top_500.jpg HTTP/1.1" 200 14628 "http://localhost:8080/ZingWeb/faces/pages/login.jspx" "Mozilla/5.0 (X11; Ubuntu; Linux i686; rv:10.0.1) Gecko/20100101 Firefox/10.0.1"
0:0:0:0:0:0:0:1 -  -  [10/Jan/2014:21:29:14 +0000] "GET /ZingWeb/faces/js/showApplication.js HTTP/1.1" 200 256 "http://localhost:8080/ZingWeb/faces/pages/login.jspx" "Mozilla/5.0 (X11; Ubuntu; Linux i686; rv:10.0.1) Gecko/20100101 Firefox/10.0.1"
0:0:0:0:0:0:0:1 -  -  [10/Jan/2014:21:29:14 +0000] "GET /ZingWeb/faces/images/box/box_center_280.jpg HTTP/1.1" 200 545 "http://localhost:8080/ZingWeb/faces/pages/login.jspx" "Mozilla/5.0 (X11; Ubuntu; Linux i686; rv:10.0.1) Gecko/20100101 Firefox/10.0.1"
0:0:0:0:0:0:0:1 -  -  [10/Jan/2014:21:29:14 +0000] "GET /ZingWeb/faces/images/table/table_top_bg.jpg HTTP/1.1" 200 581 "http://localhost:8080/ZingWeb/faces/css/style.css" "Mozilla/5.0 (X11; Ubuntu; Linux i686; rv:10.0.1) Gecko/20100101 Firefox/10.0.1"
0:0:0:0:0:0:0:1 -  -  [10/Jan/2014:21:29:14 +0000] "GET /ZingWeb/images/default.jpg HTTP/1.1" 304 0 "http://localhost:8080/ZingWeb/faces/pages/login.jspx" "Mozilla/5.0 (X11; Ubuntu; Linux i686; rv:10.0.1) Gecko/20100101 Firefox/10.0.1"
0:0:0:0:0:0:0:1 -  -  [10/Jan/2014:21:29:14 +0000] "GET /ZingWeb/faces/pages/CSS/style.css HTTP/1.1" 200 2550 "http://localhost:8080/ZingWeb/faces/pages/CSS/style.css" "Mozilla/5.0 (X11; Ubuntu; Linux i686; rv:10.0.1) Gecko/20100101 Firefox/10.0.1"
0:0:0:0:0:0:0:1 -  -  [10/Jan/2014:21:29:14 +0000] "GET /ZingWeb/faces/images/box/box_bottom_170.jpg HTTP/1.1" 200 1631 "http://localhost:8080/ZingWeb/faces/pages/login.jspx" "Mozilla/5.0 (X11; Ubuntu; Linux i686; rv:10.0.1) Gecko/20100101 Firefox/10.0.1"
0:0:0:0:0:0:0:1 -  -  [10/Jan/2014:21:29:14 +0000] "GET /ZingWeb/faces/images/box/box_top_170.jpg HTTP/1.1" 200 5778 "http://localhost:8080/ZingWeb/faces/pages/login.jspx" "Mozilla/5.0 (X11; Ubuntu; Linux i686; rv:10.0.1) Gecko/20100101 Firefox/10.0.1"
0:0:0:0:0:0:0:1 -  -  [10/Jan/2014:21:29:14 +0000] "GET /ShindigWeb/css/style.css HTTP/1.1" 404 1410 "http://localhost:8080/ZingWeb/faces/pages/login.jspx" "Mozilla/5.0 (X11; Ubuntu; Linux i686; rv:10.0.1) Gecko/20100101 Firefox/10.0.1"
0:0:0:0:0:0:0:1 -  -  [10/Jan/2014:21:29:15 +0000] "GET /ZingWeb/faces/images/box/box_top_280.jpg HTTP/1.1" 200 8552 "http://localhost:8080/ZingWeb/faces/pages/login.jspx" "Mozilla/5.0 (X11; Ubuntu; Linux i686; rv:10.0.1) Gecko/20100101 Firefox/10.0.1"
0:0:0:0:0:0:0:1 -  -  [10/Jan/2014:21:29:15 +0000] "GET /ZingWeb/faces/images/box/box_bottom_280.jpg HTTP/1.1" 200 1405 "http://localhost:8080/ZingWeb/faces/pages/login.jspx" "Mozilla/5.0 (X11; Ubuntu; Linux i686; rv:10.0.1) Gecko/20100101 Firefox/10.0.1"
0:0:0:0:0:0:0:1 -  -  [10/Jan/2014:21:29:15 +0000] "GET /ZingWeb/faces/images/bottom.jpg HTTP/1.1" 200 9854 "http://localhost:8080/ZingWeb/faces/pages/login.jspx" "Mozilla/5.0 (X11; Ubuntu; Linux i686; rv:10.0.1) Gecko/20100101 Firefox/10.0.1"
0:0:0:0:0:0:0:1 -  -  [10/Jan/2014:21:47:03 +0000] "GET /ZingWeb/faces/pages/login.jspx HTTP/1.1" 200 4301 "-" "Mozilla/5.0 (X11; Ubuntu; Linux i686; rv:10.0.1) Gecko/20100101 Firefox/10.0.1"
0:0:0:0:0:0:0:1 -  -  [10/Jan/2014:21:47:03 +0000] "GET /ZingWeb/faces/css/style.css HTTP/1.1" 200 5832 "http://localhost:8080/ZingWeb/faces/pages/login.jspx" "Mozilla/5.0 (X11; Ubuntu; Linux i686; rv:10.0.1) Gecko/20100101 Firefox/10.0.1"
0:0:0:0:0:0:0:1 -  -  [10/Jan/2014:21:47:03 +0000] "GET /ZingWeb/faces/Scripts/AC_RunActiveContent.js HTTP/1.1" 404 1424 "http://localhost:8080/ZingWeb/faces/pages/login.jspx" "Mozilla/5.0 (X11; Ubuntu; Linux i686; rv:10.0.1) Gecko/20100101 Firefox/10.0.1"
0:0:0:0:0:0:0:1 -  -  [10/Jan/2014:21:47:03 +0000] "GET /ZingWeb/faces/images/FORMBG.jpg HTTP/1.1" 200 33767 "http://localhost:8080/ZingWeb/faces/pages/login.jspx" "Mozilla/5.0 (X11; Ubuntu; Linux i686; rv:10.0.1) Gecko/20100101 Firefox/10.0.1"
0:0:0:0:0:0:0:1 -  -  [10/Jan/2014:21:47:06 +0000] "POST /ZingWeb/faces/pages/login.jspx HTTP/1.1" 200 4352 "http://localhost:8080/ZingWeb/faces/pages/login.jspx" "Mozilla/5.0 (X11; Ubuntu; Linux i686; rv:10.0.1) Gecko/20100101 Firefox/10.0.1"
0:0:0:0:0:0:0:1 -  -  [10/Jan/2014:21:47:07 +0000] "GET /ZingWeb/faces/css/style.css HTTP/1.1" 200 5832 "http://localhost:8080/ZingWeb/faces/pages/login.jspx" "Mozilla/5.0 (X11; Ubuntu; Linux i686; rv:10.0.1) Gecko/20100101 Firefox/10.0.1"
0:0:0:0:0:0:0:1 -  -  [10/Jan/2014:21:47:07 +0000] "GET /ZingWeb/faces/Scripts/AC_RunActiveContent.js HTTP/1.1" 404 1424 "http://localhost:8080/ZingWeb/faces/pages/login.jspx" "Mozilla/5.0 (X11; Ubuntu; Linux i686; rv:10.0.1) Gecko/20100101 Firefox/10.0.1"
0:0:0:0:0:0:0:1 -  -  [10/Jan/2014:21:47:07 +0000] "GET /ZingWeb/faces/images/FORMBG.jpg HTTP/1.1" 200 33767 "http://localhost:8080/ZingWeb/faces/pages/login.jspx" "Mozilla/5.0 (X11; Ubuntu; Linux i686; rv:10.0.1) Gecko/20100101 Firefox/10.0.1"
0:0:0:0:0:0:0:1 -  -  [10/Jan/2014:21:47:12 +0000] "POST /ZingWeb/faces/pages/login.jspx HTTP/1.1" 200 2000 "http://localhost:8080/ZingWeb/faces/pages/login.jspx" "Mozilla/5.0 (X11; Ubuntu; Linux i686; rv:10.0.1) Gecko/20100101 Firefox/10.0.1"
0:0:0:0:0:0:0:1 -  -  [10/Jan/2014:21:47:13 +0000] "GET /ZingWeb/faces/css/style.css HTTP/1.1" 200 5832 "http://localhost:8080/ZingWeb/faces/pages/login.jspx" "Mozilla/5.0 (X11; Ubuntu; Linux i686; rv:10.0.1) Gecko/20100101 Firefox/10.0.1"
0:0:0:0:0:0:0:1 -  -  [10/Jan/2014:21:47:13 +0000] "GET /ZingWeb/faces/Scripts/AC_RunActiveContent.js HTTP/1.1" 404 1424 "http://localhost:8080/ZingWeb/faces/pages/login.jspx" "Mozilla/5.0 (X11; Ubuntu; Linux i686; rv:10.0.1) Gecko/20100101 Firefox/10.0.1"
0:0:0:0:0:0:0:1 -  -  [10/Jan/2014:21:47:13 +0000] "GET /ZingWeb/faces/images/FORMBG.jpg HTTP/1.1" 200 33767 "http://localhost:8080/ZingWeb/faces/pages/login.jspx" "Mozilla/5.0 (X11; Ubuntu; Linux i686; rv:10.0.1) Gecko/20100101 Firefox/10.0.1"
0:0:0:0:0:0:0:1 -  -  [10/Jan/2014:21:47:17 +0000] "POST /ZingWeb/faces/pages/start.jspx HTTP/1.1" 302 0 "http://localhost:8080/ZingWeb/faces/pages/login.jspx" "Mozilla/5.0 (X11; Ubuntu; Linux i686; rv:10.0.1) Gecko/20100101 Firefox/10.0.1"
0:0:0:0:0:0:0:1 -  -  [10/Jan/2014:21:47:17 +0000] "GET /ZingWeb/faces/pages/login.jspx HTTP/1.1" 200 4305 "http://localhost:8080/ZingWeb/faces/pages/login.jspx" "Mozilla/5.0 (X11; Ubuntu; Linux i686; rv:10.0.1) Gecko/20100101 Firefox/10.0.1"
0:0:0:0:0:0:0:1 -  -  [10/Jan/2014:21:47:17 +0000] "GET /ZingWeb/faces/css/style.css HTTP/1.1" 200 5832 "http://localhost:8080/ZingWeb/faces/pages/login.jspx" "Mozilla/5.0 (X11; Ubuntu; Linux i686; rv:10.0.1) Gecko/20100101 Firefox/10.0.1"
0:0:0:0:0:0:0:1 -  -  [10/Jan/2014:21:47:17 +0000] "GET /ZingWeb/faces/Scripts/AC_RunActiveContent.js HTTP/1.1" 404 1424 "http://localhost:8080/ZingWeb/faces/pages/login.jspx" "Mozilla/5.0 (X11; Ubuntu; Linux i686; rv:10.0.1) Gecko/20100101 Firefox/10.0.1"
0:0:0:0:0:0:0:1 -  -  [10/Jan/2014:21:47:17 +0000] "GET /ZingWeb/faces/images/FORMBG.jpg HTTP/1.1" 200 33767 "http://localhost:8080/ZingWeb/faces/pages/login.jspx" "Mozilla/5.0 (X11; Ubuntu; Linux i686; rv:10.0.1) Gecko/20100101 Firefox/10.0.1"
0:0:0:0:0:0:0:1 -  -  [10/Jan/2014:21:47:32 +0000] "POST /ZingWeb/faces/pages/login.jspx HTTP/1.1" 200 25137 "http://localhost:8080/ZingWeb/faces/pages/login.jspx" "Mozilla/5.0 (X11; Ubuntu; Linux i686; rv:10.0.1) Gecko/20100101 Firefox/10.0.1"
0:0:0:0:0:0:0:1 -  -  [10/Jan/2014:21:47:32 +0000] "GET /ZingWeb/faces/css/style.css HTTP/1.1" 200 5832 "http://localhost:8080/ZingWeb/faces/pages/login.jspx" "Mozilla/5.0 (X11; Ubuntu; Linux i686; rv:10.0.1) Gecko/20100101 Firefox/10.0.1"
0:0:0:0:0:0:0:1 -  -  [10/Jan/2014:21:47:32 +0000] "GET /ZingWeb/faces/js/showApplication.js HTTP/1.1" 200 256 "http://localhost:8080/ZingWeb/faces/pages/login.jspx" "Mozilla/5.0 (X11; Ubuntu; Linux i686; rv:10.0.1) Gecko/20100101 Firefox/10.0.1"
0:0:0:0:0:0:0:1 -  -  [10/Jan/2014:21:47:32 +0000] "GET /ZingWeb/faces/pages/CSS/style.css HTTP/1.1" 200 2550 "http://localhost:8080/ZingWeb/faces/pages/login.jspx" "Mozilla/5.0 (X11; Ubuntu; Linux i686; rv:10.0.1) Gecko/20100101 Firefox/10.0.1"
0:0:0:0:0:0:0:1 -  -  [10/Jan/2014:21:47:32 +0000] "GET /ZingWeb/faces/css/table.css HTTP/1.1" 200 270 "http://localhost:8080/ZingWeb/faces/pages/login.jspx" "Mozilla/5.0 (X11; Ubuntu; Linux i686; rv:10.0.1) Gecko/20100101 Firefox/10.0.1"
0:0:0:0:0:0:0:1 -  -  [10/Jan/2014:21:47:32 +0000] "GET /ShindigWeb/css/style.css HTTP/1.1" 404 1410 "http://localhost:8080/ZingWeb/faces/pages/login.jspx" "Mozilla/5.0 (X11; Ubuntu; Linux i686; rv:10.0.1) Gecko/20100101 Firefox/10.0.1"
0:0:0:0:0:0:0:1 -  -  [10/Jan/2014:21:47:32 +0000] "GET /ZingWeb/faces/pages/CSS/table.css HTTP/1.1" 200 270 "http://localhost:8080/ZingWeb/faces/pages/login.jspx" "Mozilla/5.0 (X11; Ubuntu; Linux i686; rv:10.0.1) Gecko/20100101 Firefox/10.0.1"
0:0:0:0:0:0:0:1 -  -  [10/Jan/2014:21:47:32 +0000] "GET /ZingWeb/faces/images/spicetitle.jpg HTTP/1.1" 200 3017 "http://localhost:8080/ZingWeb/faces/pages/login.jspx" "Mozilla/5.0 (X11; Ubuntu; Linux i686; rv:10.0.1) Gecko/20100101 Firefox/10.0.1"
0:0:0:0:0:0:0:1 -  -  [10/Jan/2014:21:47:32 +0000] "GET /ZingWeb/faces/images/table/table_top_bg.jpg HTTP/1.1" 200 581 "http://localhost:8080/ZingWeb/faces/css/style.css" "Mozilla/5.0 (X11; Ubuntu; Linux i686; rv:10.0.1) Gecko/20100101 Firefox/10.0.1"
0:0:0:0:0:0:0:1 -  -  [10/Jan/2014:21:47:32 +0000] "GET /ZingWeb/images/default.jpg HTTP/1.1" 304 0 "http://localhost:8080/ZingWeb/faces/pages/login.jspx" "Mozilla/5.0 (X11; Ubuntu; Linux i686; rv:10.0.1) Gecko/20100101 Firefox/10.0.1"
0:0:0:0:0:0:0:1 -  -  [10/Jan/2014:21:47:32 +0000] "GET /ZingWeb/faces/images/plus2.gif HTTP/1.1" 200 91 "http://localhost:8080/ZingWeb/faces/pages/login.jspx" "Mozilla/5.0 (X11; Ubuntu; Linux i686; rv:10.0.1) Gecko/20100101 Firefox/10.0.1"
0:0:0:0:0:0:0:1 -  -  [10/Jan/2014:21:47:32 +0000] "GET /ZingWeb/faces/images/box/box_center_280.jpg HTTP/1.1" 200 545 "http://localhost:8080/ZingWeb/faces/pages/login.jspx" "Mozilla/5.0 (X11; Ubuntu; Linux i686; rv:10.0.1) Gecko/20100101 Firefox/10.0.1"
0:0:0:0:0:0:0:1 -  -  [10/Jan/2014:21:47:32 +0000] "GET /ZingWeb/faces/images/box/box_bottom_500.jpg HTTP/1.1" 200 2254 "http://localhost:8080/ZingWeb/faces/pages/login.jspx" "Mozilla/5.0 (X11; Ubuntu; Linux i686; rv:10.0.1) Gecko/20100101 Firefox/10.0.1"
0:0:0:0:0:0:0:1 -  -  [10/Jan/2014:21:47:32 +0000] "GET /ZingWeb/faces/images/box/center_box_top_500.jpg HTTP/1.1" 200 14628 "http://localhost:8080/ZingWeb/faces/pages/login.jspx" "Mozilla/5.0 (X11; Ubuntu; Linux i686; rv:10.0.1) Gecko/20100101 Firefox/10.0.1"
0:0:0:0:0:0:0:1 -  -  [10/Jan/2014:21:47:32 +0000] "GET /ZingWeb/faces/pages/CSS/style.css HTTP/1.1" 200 2550 "http://localhost:8080/ZingWeb/faces/pages/CSS/style.css" "Mozilla/5.0 (X11; Ubuntu; Linux i686; rv:10.0.1) Gecko/20100101 Firefox/10.0.1"
0:0:0:0:0:0:0:1 -  -  [10/Jan/2014:21:47:32 +0000] "GET /ZingWeb/faces/images/box/box_bottom_170.jpg HTTP/1.1" 200 1631 "http://localhost:8080/ZingWeb/faces/pages/login.jspx" "Mozilla/5.0 (X11; Ubuntu; Linux i686; rv:10.0.1) Gecko/20100101 Firefox/10.0.1"
0:0:0:0:0:0:0:1 -  -  [10/Jan/2014:21:47:32 +0000] "GET /ZingWeb/faces/images/box/box_top_170.jpg HTTP/1.1" 200 5778 "http://localhost:8080/ZingWeb/faces/pages/login.jspx" "Mozilla/5.0 (X11; Ubuntu; Linux i686; rv:10.0.1) Gecko/20100101 Firefox/10.0.1"
0:0:0:0:0:0:0:1 -  -  [10/Jan/2014:21:47:32 +0000] "GET /ShindigWeb/css/style.css HTTP/1.1" 404 1410 "http://localhost:8080/ZingWeb/faces/pages/login.jspx" "Mozilla/5.0 (X11; Ubuntu; Linux i686; rv:10.0.1) Gecko/20100101 Firefox/10.0.1"
0:0:0:0:0:0:0:1 -  -  [10/Jan/2014:21:47:32 +0000] "GET /ZingWeb/faces/images/box/box_top_280.jpg HTTP/1.1" 200 8552 "http://localhost:8080/ZingWeb/faces/pages/login.jspx" "Mozilla/5.0 (X11; Ubuntu; Linux i686; rv:10.0.1) Gecko/20100101 Firefox/10.0.1"
0:0:0:0:0:0:0:1 -  -  [10/Jan/2014:21:47:32 +0000] "GET /ZingWeb/faces/images/box/box_bottom_280.jpg HTTP/1.1" 200 1405 "http://localhost:8080/ZingWeb/faces/pages/login.jspx" "Mozilla/5.0 (X11; Ubuntu; Linux i686; rv:10.0.1) Gecko/20100101 Firefox/10.0.1"
0:0:0:0:0:0:0:1 -  -  [10/Jan/2014:21:47:32 +0000] "GET /ZingWeb/faces/images/bottom.jpg HTTP/1.1" 200 9854 "http://localhost:8080/ZingWeb/faces/pages/login.jspx" "Mozilla/5.0 (X11; Ubuntu; Linux i686; rv:10.0.1) Gecko/20100101 Firefox/10.0.1"
0:0:0:0:0:0:0:1 -  -  [10/Jan/2014:21:48:11 +0000] "POST /ZingWeb/faces/pages/home.jspx HTTP/1.1" 200 4301 "http://localhost:8080/ZingWeb/faces/pages/login.jspx" "Mozilla/5.0 (X11; Ubuntu; Linux i686; rv:10.0.1) Gecko/20100101 Firefox/10.0.1"
0:0:0:0:0:0:0:1 -  -  [10/Jan/2014:21:48:11 +0000] "GET /ZingWeb/faces/css/style.css HTTP/1.1" 200 5832 "http://localhost:8080/ZingWeb/faces/pages/home.jspx" "Mozilla/5.0 (X11; Ubuntu; Linux i686; rv:10.0.1) Gecko/20100101 Firefox/10.0.1"
0:0:0:0:0:0:0:1 -  -  [10/Jan/2014:21:48:11 +0000] "GET /ZingWeb/faces/Scripts/AC_RunActiveContent.js HTTP/1.1" 404 1424 "http://localhost:8080/ZingWeb/faces/pages/home.jspx" "Mozilla/5.0 (X11; Ubuntu; Linux i686; rv:10.0.1) Gecko/20100101 Firefox/10.0.1"
0:0:0:0:0:0:0:1 -  -  [10/Jan/2014:21:48:11 +0000] "GET /ZingWeb/faces/images/FORMBG.jpg HTTP/1.1" 200 33767 "http://localhost:8080/ZingWeb/faces/pages/home.jspx" "Mozilla/5.0 (X11; Ubuntu; Linux i686; rv:10.0.1) Gecko/20100101 Firefox/10.0.1"
0:0:0:0:0:0:0:1 -  -  [10/Jan/2014:21:48:13 +0000] "POST /ZingWeb/faces/pages/login.jspx HTTP/1.1" 200 4352 "http://localhost:8080/ZingWeb/faces/pages/home.jspx" "Mozilla/5.0 (X11; Ubuntu; Linux i686; rv:10.0.1) Gecko/20100101 Firefox/10.0.1"
0:0:0:0:0:0:0:1 -  -  [10/Jan/2014:21:48:13 +0000] "GET /ZingWeb/faces/css/style.css HTTP/1.1" 200 5832 "http://localhost:8080/ZingWeb/faces/pages/login.jspx" "Mozilla/5.0 (X11; Ubuntu; Linux i686; rv:10.0.1) Gecko/20100101 Firefox/10.0.1"
0:0:0:0:0:0:0:1 -  -  [10/Jan/2014:21:48:13 +0000] "GET /ZingWeb/faces/Scripts/AC_RunActiveContent.js HTTP/1.1" 404 1424 "http://localhost:8080/ZingWeb/faces/pages/login.jspx" "Mozilla/5.0 (X11; Ubuntu; Linux i686; rv:10.0.1) Gecko/20100101 Firefox/10.0.1"
0:0:0:0:0:0:0:1 -  -  [10/Jan/2014:21:48:13 +0000] "GET /ZingWeb/faces/images/FORMBG.jpg HTTP/1.1" 200 33767 "http://localhost:8080/ZingWeb/faces/pages/login.jspx" "Mozilla/5.0 (X11; Ubuntu; Linux i686; rv:10.0.1) Gecko/20100101 Firefox/10.0.1"
0:0:0:0:0:0:0:1 -  -  [10/Jan/2014:21:48:21 +0000] "POST /ZingWeb/faces/pages/login.jspx HTTP/1.1" 200 2000 "http://localhost:8080/ZingWeb/faces/pages/login.jspx" "Mozilla/5.0 (X11; Ubuntu; Linux i686; rv:10.0.1) Gecko/20100101 Firefox/10.0.1"
0:0:0:0:0:0:0:1 -  -  [10/Jan/2014:21:48:21 +0000] "GET /ZingWeb/faces/css/style.css HTTP/1.1" 200 5832 "http://localhost:8080/ZingWeb/faces/pages/login.jspx" "Mozilla/5.0 (X11; Ubuntu; Linux i686; rv:10.0.1) Gecko/20100101 Firefox/10.0.1"
0:0:0:0:0:0:0:1 -  -  [10/Jan/2014:21:48:21 +0000] "GET /ZingWeb/faces/Scripts/AC_RunActiveContent.js HTTP/1.1" 404 1424 "http://localhost:8080/ZingWeb/faces/pages/login.jspx" "Mozilla/5.0 (X11; Ubuntu; Linux i686; rv:10.0.1) Gecko/20100101 Firefox/10.0.1"
0:0:0:0:0:0:0:1 -  -  [10/Jan/2014:21:48:22 +0000] "GET /ZingWeb/faces/images/FORMBG.jpg HTTP/1.1" 200 33767 "http://localhost:8080/ZingWeb/faces/pages/login.jspx" "Mozilla/5.0 (X11; Ubuntu; Linux i686; rv:10.0.1) Gecko/20100101 Firefox/10.0.1"
0:0:0:0:0:0:0:1 -  -  [10/Jan/2014:21:48:36 +0000] "POST /ZingWeb/faces/pages/start.jspx HTTP/1.1" 302 0 "http://localhost:8080/ZingWeb/faces/pages/login.jspx" "Mozilla/5.0 (X11; Ubuntu; Linux i686; rv:10.0.1) Gecko/20100101 Firefox/10.0.1"
0:0:0:0:0:0:0:1 -  -  [10/Jan/2014:21:48:36 +0000] "GET /ZingWeb/faces/pages/login.jspx HTTP/1.1" 200 4305 "http://localhost:8080/ZingWeb/faces/pages/login.jspx" "Mozilla/5.0 (X11; Ubuntu; Linux i686; rv:10.0.1) Gecko/20100101 Firefox/10.0.1"
0:0:0:0:0:0:0:1 -  -  [10/Jan/2014:21:48:36 +0000] "GET /ZingWeb/faces/css/style.css HTTP/1.1" 200 5832 "http://localhost:8080/ZingWeb/faces/pages/login.jspx" "Mozilla/5.0 (X11; Ubuntu; Linux i686; rv:10.0.1) Gecko/20100101 Firefox/10.0.1"
0:0:0:0:0:0:0:1 -  -  [10/Jan/2014:21:48:36 +0000] "GET /ZingWeb/faces/Scripts/AC_RunActiveContent.js HTTP/1.1" 404 1424 "http://localhost:8080/ZingWeb/faces/pages/login.jspx" "Mozilla/5.0 (X11; Ubuntu; Linux i686; rv:10.0.1) Gecko/20100101 Firefox/10.0.1"
0:0:0:0:0:0:0:1 -  -  [10/Jan/2014:21:48:36 +0000] "GET /ZingWeb/faces/images/FORMBG.jpg HTTP/1.1" 200 33767 "http://localhost:8080/ZingWeb/faces/pages/login.jspx" "Mozilla/5.0 (X11; Ubuntu; Linux i686; rv:10.0.1) Gecko/20100101 Firefox/10.0.1"
0:0:0:0:0:0:0:1 -  -  [10/Jan/2014:21:53:12 +0000] "GET /ZingWeb/faces/pages/login.jspx HTTP/1.1" 200 3954 "-" "Mozilla/5.0 (X11; Ubuntu; Linux i686; rv:10.0.1) Gecko/20100101 Firefox/10.0.1"
0:0:0:0:0:0:0:1 -  -  [10/Jan/2014:21:53:12 +0000] "GET /ZingWeb/faces/css/style.css HTTP/1.1" 200 5832 "http://localhost:8080/ZingWeb/faces/pages/login.jspx" "Mozilla/5.0 (X11; Ubuntu; Linux i686; rv:10.0.1) Gecko/20100101 Firefox/10.0.1"
0:0:0:0:0:0:0:1 -  -  [10/Jan/2014:21:53:12 +0000] "GET /ZingWeb/faces/Scripts/AC_RunActiveContent.js HTTP/1.1" 404 1424 "http://localhost:8080/ZingWeb/faces/pages/login.jspx" "Mozilla/5.0 (X11; Ubuntu; Linux i686; rv:10.0.1) Gecko/20100101 Firefox/10.0.1"
0:0:0:0:0:0:0:1 -  -  [10/Jan/2014:21:53:12 +0000] "GET /ZingWeb/faces/images/FORMBG.jpg HTTP/1.1" 200 33767 "http://localhost:8080/ZingWeb/faces/pages/login.jspx" "Mozilla/5.0 (X11; Ubuntu; Linux i686; rv:10.0.1) Gecko/20100101 Firefox/10.0.1"
0:0:0:0:0:0:0:1 -  -  [10/Jan/2014:21:53:21 +0000] "POST /ZingWeb/faces/pages/login.jspx HTTP/1.1" 200 25264 "http://localhost:8080/ZingWeb/faces/pages/login.jspx" "Mozilla/5.0 (X11; Ubuntu; Linux i686; rv:10.0.1) Gecko/20100101 Firefox/10.0.1"
0:0:0:0:0:0:0:1 -  -  [10/Jan/2014:21:53:22 +0000] "GET /ZingWeb/faces/css/style.css HTTP/1.1" 200 5832 "http://localhost:8080/ZingWeb/faces/pages/login.jspx" "Mozilla/5.0 (X11; Ubuntu; Linux i686; rv:10.0.1) Gecko/20100101 Firefox/10.0.1"
0:0:0:0:0:0:0:1 -  -  [10/Jan/2014:21:53:22 +0000] "GET /ZingWeb/faces/js/showApplication.js HTTP/1.1" 200 256 "http://localhost:8080/ZingWeb/faces/pages/login.jspx" "Mozilla/5.0 (X11; Ubuntu; Linux i686; rv:10.0.1) Gecko/20100101 Firefox/10.0.1"
0:0:0:0:0:0:0:1 -  -  [10/Jan/2014:21:53:22 +0000] "GET /ZingWeb/faces/images/plus2.gif HTTP/1.1" 200 91 "http://localhost:8080/ZingWeb/faces/pages/login.jspx" "Mozilla/5.0 (X11; Ubuntu; Linux i686; rv:10.0.1) Gecko/20100101 Firefox/10.0.1"
0:0:0:0:0:0:0:1 -  -  [10/Jan/2014:21:53:22 +0000] "GET /ZingWeb/faces/images/box/box_center_280.jpg HTTP/1.1" 200 545 "http://localhost:8080/ZingWeb/faces/pages/login.jspx" "Mozilla/5.0 (X11; Ubuntu; Linux i686; rv:10.0.1) Gecko/20100101 Firefox/10.0.1"
0:0:0:0:0:0:0:1 -  -  [10/Jan/2014:21:53:22 +0000] "GET /ShindigWeb/css/style.css HTTP/1.1" 404 1410 "http://localhost:8080/ZingWeb/faces/pages/login.jspx" "Mozilla/5.0 (X11; Ubuntu; Linux i686; rv:10.0.1) Gecko/20100101 Firefox/10.0.1"
0:0:0:0:0:0:0:1 -  -  [10/Jan/2014:21:53:22 +0000] "GET /ZingWeb/faces/pages/CSS/table.css HTTP/1.1" 200 270 "http://localhost:8080/ZingWeb/faces/pages/login.jspx" "Mozilla/5.0 (X11; Ubuntu; Linux i686; rv:10.0.1) Gecko/20100101 Firefox/10.0.1"
0:0:0:0:0:0:0:1 -  -  [10/Jan/2014:21:53:22 +0000] "GET /ZingWeb/faces/images/box/center_box_top_500.jpg HTTP/1.1" 200 14628 "http://localhost:8080/ZingWeb/faces/pages/login.jspx" "Mozilla/5.0 (X11; Ubuntu; Linux i686; rv:10.0.1) Gecko/20100101 Firefox/10.0.1"
0:0:0:0:0:0:0:1 -  -  [10/Jan/2014:21:53:22 +0000] "GET /ZingWeb/faces/images/box/box_bottom_500.jpg HTTP/1.1" 200 2254 "http://localhost:8080/ZingWeb/faces/pages/login.jspx" "Mozilla/5.0 (X11; Ubuntu; Linux i686; rv:10.0.1) Gecko/20100101 Firefox/10.0.1"
0:0:0:0:0:0:0:1 -  -  [10/Jan/2014:21:53:22 +0000] "GET /ZingWeb/faces/pages/CSS/style.css HTTP/1.1" 200 2550 "http://localhost:8080/ZingWeb/faces/pages/login.jspx" "Mozilla/5.0 (X11; Ubuntu; Linux i686; rv:10.0.1) Gecko/20100101 Firefox/10.0.1"
0:0:0:0:0:0:0:1 -  -  [10/Jan/2014:21:53:22 +0000] "GET /ZingWeb/faces/css/table.css HTTP/1.1" 200 270 "http://localhost:8080/ZingWeb/faces/pages/login.jspx" "Mozilla/5.0 (X11; Ubuntu; Linux i686; rv:10.0.1) Gecko/20100101 Firefox/10.0.1"
0:0:0:0:0:0:0:1 -  -  [10/Jan/2014:21:53:22 +0000] "GET /ZingWeb/faces/images/spicetitle.jpg HTTP/1.1" 200 3017 "http://localhost:8080/ZingWeb/faces/pages/login.jspx" "Mozilla/5.0 (X11; Ubuntu; Linux i686; rv:10.0.1) Gecko/20100101 Firefox/10.0.1"
0:0:0:0:0:0:0:1 -  -  [10/Jan/2014:21:53:22 +0000] "GET /ZingWeb/faces/images/table/table_top_bg.jpg HTTP/1.1" 200 581 "http://localhost:8080/ZingWeb/faces/css/style.css" "Mozilla/5.0 (X11; Ubuntu; Linux i686; rv:10.0.1) Gecko/20100101 Firefox/10.0.1"
0:0:0:0:0:0:0:1 -  -  [10/Jan/2014:21:53:22 +0000] "GET /ZingWeb/images/default.jpg HTTP/1.1" 304 0 "http://localhost:8080/ZingWeb/faces/pages/login.jspx" "Mozilla/5.0 (X11; Ubuntu; Linux i686; rv:10.0.1) Gecko/20100101 Firefox/10.0.1"
0:0:0:0:0:0:0:1 -  -  [10/Jan/2014:21:53:22 +0000] "GET /ZingWeb/faces/pages/CSS/style.css HTTP/1.1" 200 2550 "http://localhost:8080/ZingWeb/faces/pages/CSS/style.css" "Mozilla/5.0 (X11; Ubuntu; Linux i686; rv:10.0.1) Gecko/20100101 Firefox/10.0.1"
0:0:0:0:0:0:0:1 -  -  [10/Jan/2014:21:53:22 +0000] "GET /ZingWeb/faces/images/box/box_bottom_170.jpg HTTP/1.1" 200 1631 "http://localhost:8080/ZingWeb/faces/pages/login.jspx" "Mozilla/5.0 (X11; Ubuntu; Linux i686; rv:10.0.1) Gecko/20100101 Firefox/10.0.1"
0:0:0:0:0:0:0:1 -  -  [10/Jan/2014:21:53:22 +0000] "GET /ZingWeb/faces/images/box/box_top_170.jpg HTTP/1.1" 200 5778 "http://localhost:8080/ZingWeb/faces/pages/login.jspx" "Mozilla/5.0 (X11; Ubuntu; Linux i686; rv:10.0.1) Gecko/20100101 Firefox/10.0.1"
0:0:0:0:0:0:0:1 -  -  [10/Jan/2014:21:53:22 +0000] "GET /ShindigWeb/css/style.css HTTP/1.1" 404 1410 "http://localhost:8080/ZingWeb/faces/pages/login.jspx" "Mozilla/5.0 (X11; Ubuntu; Linux i686; rv:10.0.1) Gecko/20100101 Firefox/10.0.1"
0:0:0:0:0:0:0:1 -  -  [10/Jan/2014:21:53:22 +0000] "GET /ZingWeb/faces/images/box/box_top_280.jpg HTTP/1.1" 200 8552 "http://localhost:8080/ZingWeb/faces/pages/login.jspx" "Mozilla/5.0 (X11; Ubuntu; Linux i686; rv:10.0.1) Gecko/20100101 Firefox/10.0.1"
0:0:0:0:0:0:0:1 -  -  [10/Jan/2014:21:53:22 +0000] "GET /ZingWeb/faces/images/box/box_bottom_280.jpg HTTP/1.1" 200 1405 "http://localhost:8080/ZingWeb/faces/pages/login.jspx" "Mozilla/5.0 (X11; Ubuntu; Linux i686; rv:10.0.1) Gecko/20100101 Firefox/10.0.1"
0:0:0:0:0:0:0:1 -  -  [10/Jan/2014:21:53:22 +0000] "GET /ZingWeb/faces/images/bottom.jpg HTTP/1.1" 200 9854 "http://localhost:8080/ZingWeb/faces/pages/login.jspx" "Mozilla/5.0 (X11; Ubuntu; Linux i686; rv:10.0.1) Gecko/20100101 Firefox/10.0.1"
0:0:0:0:0:0:0:1 -  -  [10/Jan/2014:21:56:31 +0000] "POST /ZingWeb/faces/pages/home.jspx HTTP/1.1" 200 10439 "http://localhost:8080/ZingWeb/faces/pages/login.jspx" "Mozilla/5.0 (X11; Ubuntu; Linux i686; rv:10.0.1) Gecko/20100101 Firefox/10.0.1"
0:0:0:0:0:0:0:1 -  -  [10/Jan/2014:21:56:31 +0000] "GET /ZingWeb/faces/css/style.css HTTP/1.1" 200 5832 "http://localhost:8080/ZingWeb/faces/pages/home.jspx" "Mozilla/5.0 (X11; Ubuntu; Linux i686; rv:10.0.1) Gecko/20100101 Firefox/10.0.1"
0:0:0:0:0:0:0:1 -  -  [10/Jan/2014:21:56:31 +0000] "GET /ZingWeb/faces/css/table.css HTTP/1.1" 200 270 "http://localhost:8080/ZingWeb/faces/pages/home.jspx" "Mozilla/5.0 (X11; Ubuntu; Linux i686; rv:10.0.1) Gecko/20100101 Firefox/10.0.1"
0:0:0:0:0:0:0:1 -  -  [10/Jan/2014:21:56:31 +0000] "GET /ZingWeb/faces/js/showApplication.js HTTP/1.1" 200 256 "http://localhost:8080/ZingWeb/faces/pages/home.jspx" "Mozilla/5.0 (X11; Ubuntu; Linux i686; rv:10.0.1) Gecko/20100101 Firefox/10.0.1"
0:0:0:0:0:0:0:1 -  -  [10/Jan/2014:21:56:31 +0000] "GET /ZingWeb/faces/images/spicetitle.jpg HTTP/1.1" 200 3017 "http://localhost:8080/ZingWeb/faces/pages/home.jspx" "Mozilla/5.0 (X11; Ubuntu; Linux i686; rv:10.0.1) Gecko/20100101 Firefox/10.0.1"
0:0:0:0:0:0:0:1 -  -  [10/Jan/2014:21:56:31 +0000] "GET /ZingWeb/faces/images/table/table_top_bg.jpg HTTP/1.1" 200 581 "http://localhost:8080/ZingWeb/faces/css/style.css" "Mozilla/5.0 (X11; Ubuntu; Linux i686; rv:10.0.1) Gecko/20100101 Firefox/10.0.1"
0:0:0:0:0:0:0:1 -  -  [10/Jan/2014:21:56:31 +0000] "GET /ZingWeb/images/default.jpg HTTP/1.1" 304 0 "http://localhost:8080/ZingWeb/faces/pages/home.jspx" "Mozilla/5.0 (X11; Ubuntu; Linux i686; rv:10.0.1) Gecko/20100101 Firefox/10.0.1"
0:0:0:0:0:0:0:1 -  -  [10/Jan/2014:21:56:31 +0000] "GET /ZingWeb/faces/images/plus2.gif HTTP/1.1" 200 91 "http://localhost:8080/ZingWeb/faces/pages/home.jspx" "Mozilla/5.0 (X11; Ubuntu; Linux i686; rv:10.0.1) Gecko/20100101 Firefox/10.0.1"
0:0:0:0:0:0:0:1 -  -  [10/Jan/2014:21:56:31 +0000] "GET /ZingWeb/faces/images/bottom.jpg HTTP/1.1" 200 9854 "http://localhost:8080/ZingWeb/faces/pages/home.jspx" "Mozilla/5.0 (X11; Ubuntu; Linux i686; rv:10.0.1) Gecko/20100101 Firefox/10.0.1"
0:0:0:0:0:0:0:1 -  -  [10/Jan/2014:21:56:31 +0000] "GET /ZingWeb/faces/images/box/box_center_280.jpg HTTP/1.1" 200 545 "http://localhost:8080/ZingWeb/faces/pages/home.jspx" "Mozilla/5.0 (X11; Ubuntu; Linux i686; rv:10.0.1) Gecko/20100101 Firefox/10.0.1"
0:0:0:0:0:0:0:1 -  -  [10/Jan/2014:21:56:31 +0000] "GET /ZingWeb/faces/images/box/box_bottom_800.jpg HTTP/1.1" 200 2063 "http://localhost:8080/ZingWeb/faces/pages/home.jspx" "Mozilla/5.0 (X11; Ubuntu; Linux i686; rv:10.0.1) Gecko/20100101 Firefox/10.0.1"
0:0:0:0:0:0:0:1 -  -  [10/Jan/2014:21:56:31 +0000] "GET /ZingWeb/faces/images/box/box_top_170.jpg HTTP/1.1" 200 5778 "http://localhost:8080/ZingWeb/faces/pages/home.jspx" "Mozilla/5.0 (X11; Ubuntu; Linux i686; rv:10.0.1) Gecko/20100101 Firefox/10.0.1"
0:0:0:0:0:0:0:1 -  -  [10/Jan/2014:21:56:31 +0000] "GET /ZingWeb/faces/images/box/box_bottom_170.jpg HTTP/1.1" 200 1631 "http://localhost:8080/ZingWeb/faces/pages/home.jspx" "Mozilla/5.0 (X11; Ubuntu; Linux i686; rv:10.0.1) Gecko/20100101 Firefox/10.0.1"
0:0:0:0:0:0:0:1 -  -  [10/Jan/2014:21:56:31 +0000] "GET /ZingWeb/faces/images/box/box_top_800.jpg HTTP/1.1" 200 22983 "http://localhost:8080/ZingWeb/faces/pages/home.jspx" "Mozilla/5.0 (X11; Ubuntu; Linux i686; rv:10.0.1) Gecko/20100101 Firefox/10.0.1"
0:0:0:0:0:0:0:1 -  -  [10/Jan/2014:21:56:38 +0000] "POST /ZingWeb/faces/pages/sendMail.jspx HTTP/1.1" 200 9900 "http://localhost:8080/ZingWeb/faces/pages/home.jspx" "Mozilla/5.0 (X11; Ubuntu; Linux i686; rv:10.0.1) Gecko/20100101 Firefox/10.0.1"
0:0:0:0:0:0:0:1 -  -  [10/Jan/2014:21:56:38 +0000] "GET /ZingWeb/faces/css/style.css HTTP/1.1" 200 5832 "http://localhost:8080/ZingWeb/faces/pages/sendMail.jspx" "Mozilla/5.0 (X11; Ubuntu; Linux i686; rv:10.0.1) Gecko/20100101 Firefox/10.0.1"
0:0:0:0:0:0:0:1 -  -  [10/Jan/2014:21:56:38 +0000] "GET /ZingWeb/faces/css/SpryValidationTextarea.css HTTP/1.1" 404 1424 "http://localhost:8080/ZingWeb/faces/pages/sendMail.jspx" "Mozilla/5.0 (X11; Ubuntu; Linux i686; rv:10.0.1) Gecko/20100101 Firefox/10.0.1"
0:0:0:0:0:0:0:1 -  -  [10/Jan/2014:21:56:38 +0000] "GET /ZingWeb/faces/css/table.css HTTP/1.1" 200 270 "http://localhost:8080/ZingWeb/faces/pages/sendMail.jspx" "Mozilla/5.0 (X11; Ubuntu; Linux i686; rv:10.0.1) Gecko/20100101 Firefox/10.0.1"
0:0:0:0:0:0:0:1 -  -  [10/Jan/2014:21:56:38 +0000] "GET /ZingWeb/faces/js/SpryValidationTextarea.js HTTP/1.1" 404 1422 "http://localhost:8080/ZingWeb/faces/pages/sendMail.jspx" "Mozilla/5.0 (X11; Ubuntu; Linux i686; rv:10.0.1) Gecko/20100101 Firefox/10.0.1"
0:0:0:0:0:0:0:1 -  -  [10/Jan/2014:21:56:38 +0000] "GET /ZingWeb/faces/js/showApplication.js HTTP/1.1" 200 256 "http://localhost:8080/ZingWeb/faces/pages/sendMail.jspx" "Mozilla/5.0 (X11; Ubuntu; Linux i686; rv:10.0.1) Gecko/20100101 Firefox/10.0.1"
0:0:0:0:0:0:0:1 -  -  [10/Jan/2014:21:56:38 +0000] "GET /ZingWeb/faces/images/spicetitle.jpg HTTP/1.1" 200 3017 "http://localhost:8080/ZingWeb/faces/pages/sendMail.jspx" "Mozilla/5.0 (X11; Ubuntu; Linux i686; rv:10.0.1) Gecko/20100101 Firefox/10.0.1"
0:0:0:0:0:0:0:1 -  -  [10/Jan/2014:21:56:38 +0000] "GET /ZingWeb/faces/images/table/table_top_bg.jpg HTTP/1.1" 200 581 "http://localhost:8080/ZingWeb/faces/css/style.css" "Mozilla/5.0 (X11; Ubuntu; Linux i686; rv:10.0.1) Gecko/20100101 Firefox/10.0.1"
0:0:0:0:0:0:0:1 -  -  [10/Jan/2014:21:56:38 +0000] "GET /ZingWeb/images/default.jpg HTTP/1.1" 304 0 "http://localhost:8080/ZingWeb/faces/pages/sendMail.jspx" "Mozilla/5.0 (X11; Ubuntu; Linux i686; rv:10.0.1) Gecko/20100101 Firefox/10.0.1"
0:0:0:0:0:0:0:1 -  -  [10/Jan/2014:21:56:38 +0000] "GET /ZingWeb/faces/images/plus2.gif HTTP/1.1" 200 91 "http://localhost:8080/ZingWeb/faces/pages/sendMail.jspx" "Mozilla/5.0 (X11; Ubuntu; Linux i686; rv:10.0.1) Gecko/20100101 Firefox/10.0.1"
0:0:0:0:0:0:0:1 -  -  [10/Jan/2014:21:56:38 +0000] "GET /ZingWeb/faces/css/SpryValidationTextarea.css HTTP/1.1" 404 1424 "http://localhost:8080/ZingWeb/faces/pages/sendMail.jspx" "Mozilla/5.0 (X11; Ubuntu; Linux i686; rv:10.0.1) Gecko/20100101 Firefox/10.0.1"
0:0:0:0:0:0:0:1 -  -  [10/Jan/2014:21:56:38 +0000] "GET /ZingWeb/faces/images/box/box_bottom_170.jpg HTTP/1.1" 200 1631 "http://localhost:8080/ZingWeb/faces/pages/sendMail.jspx" "Mozilla/5.0 (X11; Ubuntu; Linux i686; rv:10.0.1) Gecko/20100101 Firefox/10.0.1"
0:0:0:0:0:0:0:1 -  -  [10/Jan/2014:21:56:38 +0000] "GET /ZingWeb/faces/js/SpryValidationTextarea.js HTTP/1.1" 404 1422 "http://localhost:8080/ZingWeb/faces/pages/sendMail.jspx" "Mozilla/5.0 (X11; Ubuntu; Linux i686; rv:10.0.1) Gecko/20100101 Firefox/10.0.1"
0:0:0:0:0:0:0:1 -  -  [10/Jan/2014:21:56:38 +0000] "GET /ZingWeb/faces/images/box/box_top_170.jpg HTTP/1.1" 200 5778 "http://localhost:8080/ZingWeb/faces/pages/sendMail.jspx" "Mozilla/5.0 (X11; Ubuntu; Linux i686; rv:10.0.1) Gecko/20100101 Firefox/10.0.1"
0:0:0:0:0:0:0:1 -  -  [10/Jan/2014:21:56:38 +0000] "GET /ZingWeb/faces/images/bottom.jpg HTTP/1.1" 200 9854 "http://localhost:8080/ZingWeb/faces/pages/sendMail.jspx" "Mozilla/5.0 (X11; Ubuntu; Linux i686; rv:10.0.1) Gecko/20100101 Firefox/10.0.1"
0:0:0:0:0:0:0:1 -  -  [10/Jan/2014:21:56:38 +0000] "GET /ZingWeb/faces/images/box/box_center_280.jpg HTTP/1.1" 200 545 "http://localhost:8080/ZingWeb/faces/pages/sendMail.jspx" "Mozilla/5.0 (X11; Ubuntu; Linux i686; rv:10.0.1) Gecko/20100101 Firefox/10.0.1"
0:0:0:0:0:0:0:1 -  -  [10/Jan/2014:21:56:38 +0000] "GET /ZingWeb/faces/images/box/box_bottom_800.jpg HTTP/1.1" 200 2063 "http://localhost:8080/ZingWeb/faces/pages/sendMail.jspx" "Mozilla/5.0 (X11; Ubuntu; Linux i686; rv:10.0.1) Gecko/20100101 Firefox/10.0.1"
0:0:0:0:0:0:0:1 -  -  [10/Jan/2014:21:56:38 +0000] "GET /ZingWeb/faces/images/box/box_top_800.jpg HTTP/1.1" 200 22983 "http://localhost:8080/ZingWeb/faces/pages/sendMail.jspx" "Mozilla/5.0 (X11; Ubuntu; Linux i686; rv:10.0.1) Gecko/20100101 Firefox/10.0.1"
0:0:0:0:0:0:0:1 -  -  [10/Jan/2014:21:59:54 +0000] "GET /ZingWeb/faces/pages/sendMail.jspx HTTP/1.1" 302 0 "-" "Mozilla/5.0 (X11; Ubuntu; Linux i686; rv:10.0.1) Gecko/20100101 Firefox/10.0.1"
0:0:0:0:0:0:0:1 -  -  [10/Jan/2014:21:59:55 +0000] "GET /ZingWeb/faces/pages/login.jspx HTTP/1.1" 200 3954 "-" "Mozilla/5.0 (X11; Ubuntu; Linux i686; rv:10.0.1) Gecko/20100101 Firefox/10.0.1"
0:0:0:0:0:0:0:1 -  -  [10/Jan/2014:21:59:55 +0000] "GET /ZingWeb/faces/css/style.css HTTP/1.1" 200 5832 "http://localhost:8080/ZingWeb/faces/pages/login.jspx" "Mozilla/5.0 (X11; Ubuntu; Linux i686; rv:10.0.1) Gecko/20100101 Firefox/10.0.1"
0:0:0:0:0:0:0:1 -  -  [10/Jan/2014:21:59:55 +0000] "GET /ZingWeb/faces/Scripts/AC_RunActiveContent.js HTTP/1.1" 404 1424 "http://localhost:8080/ZingWeb/faces/pages/login.jspx" "Mozilla/5.0 (X11; Ubuntu; Linux i686; rv:10.0.1) Gecko/20100101 Firefox/10.0.1"
0:0:0:0:0:0:0:1 -  -  [10/Jan/2014:21:59:55 +0000] "GET /ZingWeb/faces/images/FORMBG.jpg HTTP/1.1" 200 33767 "http://localhost:8080/ZingWeb/faces/pages/login.jspx" "Mozilla/5.0 (X11; Ubuntu; Linux i686; rv:10.0.1) Gecko/20100101 Firefox/10.0.1"
0:0:0:0:0:0:0:1 -  -  [10/Jan/2014:22:00:04 +0000] "POST /ZingWeb/faces/pages/login.jspx HTTP/1.1" 200 18129 "http://localhost:8080/ZingWeb/faces/pages/login.jspx" "Mozilla/5.0 (X11; Ubuntu; Linux i686; rv:10.0.1) Gecko/20100101 Firefox/10.0.1"
0:0:0:0:0:0:0:1 -  -  [10/Jan/2014:22:00:05 +0000] "GET /ZingWeb/faces/css/style.css HTTP/1.1" 200 5832 "http://localhost:8080/ZingWeb/faces/pages/login.jspx" "Mozilla/5.0 (X11; Ubuntu; Linux i686; rv:10.0.1) Gecko/20100101 Firefox/10.0.1"
0:0:0:0:0:0:0:1 -  -  [10/Jan/2014:22:00:05 +0000] "GET /ZingWeb/faces/css/table.css HTTP/1.1" 200 270 "http://localhost:8080/ZingWeb/faces/pages/login.jspx" "Mozilla/5.0 (X11; Ubuntu; Linux i686; rv:10.0.1) Gecko/20100101 Firefox/10.0.1"
0:0:0:0:0:0:0:1 -  -  [10/Jan/2014:22:00:05 +0000] "GET /ZingWeb/faces/pages/CSS/style.css HTTP/1.1" 200 2550 "http://localhost:8080/ZingWeb/faces/pages/login.jspx" "Mozilla/5.0 (X11; Ubuntu; Linux i686; rv:10.0.1) Gecko/20100101 Firefox/10.0.1"
0:0:0:0:0:0:0:1 -  -  [10/Jan/2014:22:00:05 +0000] "GET /ZingWeb/faces/pages/CSS/table.css HTTP/1.1" 200 270 "http://localhost:8080/ZingWeb/faces/pages/login.jspx" "Mozilla/5.0 (X11; Ubuntu; Linux i686; rv:10.0.1) Gecko/20100101 Firefox/10.0.1"
0:0:0:0:0:0:0:1 -  -  [10/Jan/2014:22:00:05 +0000] "GET /ShindigWeb/css/style.css HTTP/1.1" 404 1410 "http://localhost:8080/ZingWeb/faces/pages/login.jspx" "Mozilla/5.0 (X11; Ubuntu; Linux i686; rv:10.0.1) Gecko/20100101 Firefox/10.0.1"
0:0:0:0:0:0:0:1 -  -  [10/Jan/2014:22:00:05 +0000] "GET /ZingWeb/faces/images/box/center_box_top_500.jpg HTTP/1.1" 200 14628 "http://localhost:8080/ZingWeb/faces/pages/login.jspx" "Mozilla/5.0 (X11; Ubuntu; Linux i686; rv:10.0.1) Gecko/20100101 Firefox/10.0.1"
0:0:0:0:0:0:0:1 -  -  [10/Jan/2014:22:00:05 +0000] "GET /ZingWeb/faces/js/showApplication.js HTTP/1.1" 200 256 "http://localhost:8080/ZingWeb/faces/pages/login.jspx" "Mozilla/5.0 (X11; Ubuntu; Linux i686; rv:10.0.1) Gecko/20100101 Firefox/10.0.1"
0:0:0:0:0:0:0:1 -  -  [10/Jan/2014:22:00:05 +0000] "GET /ZingWeb/faces/images/box/box_bottom_500.jpg HTTP/1.1" 200 2254 "http://localhost:8080/ZingWeb/faces/pages/login.jspx" "Mozilla/5.0 (X11; Ubuntu; Linux i686; rv:10.0.1) Gecko/20100101 Firefox/10.0.1"
0:0:0:0:0:0:0:1 -  -  [10/Jan/2014:22:00:05 +0000] "GET /ZingWeb/faces/images/spicetitle.jpg HTTP/1.1" 200 3017 "http://localhost:8080/ZingWeb/faces/pages/login.jspx" "Mozilla/5.0 (X11; Ubuntu; Linux i686; rv:10.0.1) Gecko/20100101 Firefox/10.0.1"
0:0:0:0:0:0:0:1 -  -  [10/Jan/2014:22:00:05 +0000] "GET /ZingWeb/faces/images/table/table_top_bg.jpg HTTP/1.1" 200 581 "http://localhost:8080/ZingWeb/faces/css/style.css" "Mozilla/5.0 (X11; Ubuntu; Linux i686; rv:10.0.1) Gecko/20100101 Firefox/10.0.1"
0:0:0:0:0:0:0:1 -  -  [10/Jan/2014:22:00:05 +0000] "GET /ZingWeb/images/default.jpg HTTP/1.1" 304 0 "http://localhost:8080/ZingWeb/faces/pages/login.jspx" "Mozilla/5.0 (X11; Ubuntu; Linux i686; rv:10.0.1) Gecko/20100101 Firefox/10.0.1"
0:0:0:0:0:0:0:1 -  -  [10/Jan/2014:22:00:05 +0000] "GET /ZingWeb/faces/images/plus2.gif HTTP/1.1" 200 91 "http://localhost:8080/ZingWeb/faces/pages/login.jspx" "Mozilla/5.0 (X11; Ubuntu; Linux i686; rv:10.0.1) Gecko/20100101 Firefox/10.0.1"
0:0:0:0:0:0:0:1 -  -  [10/Jan/2014:22:00:05 +0000] "GET /ZingWeb/faces/images/box/box_center_280.jpg HTTP/1.1" 200 545 "http://localhost:8080/ZingWeb/faces/pages/login.jspx" "Mozilla/5.0 (X11; Ubuntu; Linux i686; rv:10.0.1) Gecko/20100101 Firefox/10.0.1"
0:0:0:0:0:0:0:1 -  -  [10/Jan/2014:22:00:05 +0000] "GET /ZingWeb/faces/pages/CSS/style.css HTTP/1.1" 200 2550 "http://localhost:8080/ZingWeb/faces/pages/CSS/style.css" "Mozilla/5.0 (X11; Ubuntu; Linux i686; rv:10.0.1) Gecko/20100101 Firefox/10.0.1"
0:0:0:0:0:0:0:1 -  -  [10/Jan/2014:22:00:05 +0000] "GET /ZingWeb/faces/images/box/box_bottom_170.jpg HTTP/1.1" 200 1631 "http://localhost:8080/ZingWeb/faces/pages/login.jspx" "Mozilla/5.0 (X11; Ubuntu; Linux i686; rv:10.0.1) Gecko/20100101 Firefox/10.0.1"
0:0:0:0:0:0:0:1 -  -  [10/Jan/2014:22:00:05 +0000] "GET /ZingWeb/faces/images/box/box_top_170.jpg HTTP/1.1" 200 5778 "http://localhost:8080/ZingWeb/faces/pages/login.jspx" "Mozilla/5.0 (X11; Ubuntu; Linux i686; rv:10.0.1) Gecko/20100101 Firefox/10.0.1"
0:0:0:0:0:0:0:1 -  -  [10/Jan/2014:22:00:05 +0000] "GET /ShindigWeb/css/style.css HTTP/1.1" 404 1410 "http://localhost:8080/ZingWeb/faces/pages/login.jspx" "Mozilla/5.0 (X11; Ubuntu; Linux i686; rv:10.0.1) Gecko/20100101 Firefox/10.0.1"
0:0:0:0:0:0:0:1 -  -  [10/Jan/2014:22:00:05 +0000] "GET /ZingWeb/faces/images/box/box_top_280.jpg HTTP/1.1" 200 8552 "http://localhost:8080/ZingWeb/faces/pages/login.jspx" "Mozilla/5.0 (X11; Ubuntu; Linux i686; rv:10.0.1) Gecko/20100101 Firefox/10.0.1"
0:0:0:0:0:0:0:1 -  -  [10/Jan/2014:22:00:05 +0000] "GET /ZingWeb/faces/images/box/box_bottom_280.jpg HTTP/1.1" 200 1405 "http://localhost:8080/ZingWeb/faces/pages/login.jspx" "Mozilla/5.0 (X11; Ubuntu; Linux i686; rv:10.0.1) Gecko/20100101 Firefox/10.0.1"
0:0:0:0:0:0:0:1 -  -  [10/Jan/2014:22:00:05 +0000] "GET /ZingWeb/faces/images/bottom.jpg HTTP/1.1" 200 9854 "http://localhost:8080/ZingWeb/faces/pages/login.jspx" "Mozilla/5.0 (X11; Ubuntu; Linux i686; rv:10.0.1) Gecko/20100101 Firefox/10.0.1"
0:0:0:0:0:0:0:1 -  -  [10/Jan/2014:22:00:10 +0000] "POST /ZingWeb/faces/pages/home.jspx HTTP/1.1" 200 2021 "http://localhost:8080/ZingWeb/faces/pages/login.jspx" "Mozilla/5.0 (X11; Ubuntu; Linux i686; rv:10.0.1) Gecko/20100101 Firefox/10.0.1"
0:0:0:0:0:0:0:1 -  -  [10/Jan/2014:22:00:10 +0000] "GET /ZingWeb/faces/css/style.css HTTP/1.1" 200 5832 "http://localhost:8080/ZingWeb/faces/pages/home.jspx" "Mozilla/5.0 (X11; Ubuntu; Linux i686; rv:10.0.1) Gecko/20100101 Firefox/10.0.1"
0:0:0:0:0:0:0:1 -  -  [10/Jan/2014:22:00:10 +0000] "GET /ZingWeb/faces/Scripts/AC_RunActiveContent.js HTTP/1.1" 404 1424 "http://localhost:8080/ZingWeb/faces/pages/home.jspx" "Mozilla/5.0 (X11; Ubuntu; Linux i686; rv:10.0.1) Gecko/20100101 Firefox/10.0.1"
0:0:0:0:0:0:0:1 -  -  [10/Jan/2014:22:00:10 +0000] "GET /ZingWeb/faces/images/FORMBG.jpg HTTP/1.1" 200 33767 "http://localhost:8080/ZingWeb/faces/pages/home.jspx" "Mozilla/5.0 (X11; Ubuntu; Linux i686; rv:10.0.1) Gecko/20100101 Firefox/10.0.1"
0:0:0:0:0:0:0:1 -  -  [10/Jan/2014:22:00:15 +0000] "POST /ZingWeb/faces/pages/myScrapBook.jspx HTTP/1.1" 200 17532 "http://localhost:8080/ZingWeb/faces/pages/home.jspx" "Mozilla/5.0 (X11; Ubuntu; Linux i686; rv:10.0.1) Gecko/20100101 Firefox/10.0.1"
0:0:0:0:0:0:0:1 -  -  [10/Jan/2014:22:00:15 +0000] "GET /ZingWeb/faces/css/style.css HTTP/1.1" 200 5832 "http://localhost:8080/ZingWeb/faces/pages/myScrapBook.jspx" "Mozilla/5.0 (X11; Ubuntu; Linux i686; rv:10.0.1) Gecko/20100101 Firefox/10.0.1"
0:0:0:0:0:0:0:1 -  -  [10/Jan/2014:22:00:15 +0000] "GET /ZingWeb/faces/js/showApplication.js HTTP/1.1" 200 256 "http://localhost:8080/ZingWeb/faces/pages/myScrapBook.jspx" "Mozilla/5.0 (X11; Ubuntu; Linux i686; rv:10.0.1) Gecko/20100101 Firefox/10.0.1"
0:0:0:0:0:0:0:1 -  -  [10/Jan/2014:22:00:15 +0000] "GET /ShindigWeb/css/style.css HTTP/1.1" 404 1410 "http://localhost:8080/ZingWeb/faces/pages/myScrapBook.jspx" "Mozilla/5.0 (X11; Ubuntu; Linux i686; rv:10.0.1) Gecko/20100101 Firefox/10.0.1"
0:0:0:0:0:0:0:1 -  -  [10/Jan/2014:22:00:15 +0000] "GET /ZingWeb/faces/pages/CSS/style.css HTTP/1.1" 200 2550 "http://localhost:8080/ZingWeb/faces/pages/myScrapBook.jspx" "Mozilla/5.0 (X11; Ubuntu; Linux i686; rv:10.0.1) Gecko/20100101 Firefox/10.0.1"
0:0:0:0:0:0:0:1 -  -  [10/Jan/2014:22:00:15 +0000] "GET /ZingWeb/faces/pages/CSS/table.css HTTP/1.1" 200 270 "http://localhost:8080/ZingWeb/faces/pages/myScrapBook.jspx" "Mozilla/5.0 (X11; Ubuntu; Linux i686; rv:10.0.1) Gecko/20100101 Firefox/10.0.1"
0:0:0:0:0:0:0:1 -  -  [10/Jan/2014:22:00:15 +0000] "GET /ZingWeb/faces/css/table.css HTTP/1.1" 200 270 "http://localhost:8080/ZingWeb/faces/pages/myScrapBook.jspx" "Mozilla/5.0 (X11; Ubuntu; Linux i686; rv:10.0.1) Gecko/20100101 Firefox/10.0.1"
0:0:0:0:0:0:0:1 -  -  [10/Jan/2014:22:00:15 +0000] "GET /ZingWeb/faces/images/spicetitle.jpg HTTP/1.1" 200 3017 "http://localhost:8080/ZingWeb/faces/pages/myScrapBook.jspx" "Mozilla/5.0 (X11; Ubuntu; Linux i686; rv:10.0.1) Gecko/20100101 Firefox/10.0.1"
0:0:0:0:0:0:0:1 -  -  [10/Jan/2014:22:00:15 +0000] "GET /ZingWeb/faces/images/table/table_top_bg.jpg HTTP/1.1" 200 581 "http://localhost:8080/ZingWeb/faces/css/style.css" "Mozilla/5.0 (X11; Ubuntu; Linux i686; rv:10.0.1) Gecko/20100101 Firefox/10.0.1"
0:0:0:0:0:0:0:1 -  -  [10/Jan/2014:22:00:15 +0000] "GET /ZingWeb/images/default.jpg HTTP/1.1" 304 0 "http://localhost:8080/ZingWeb/faces/pages/myScrapBook.jspx" "Mozilla/5.0 (X11; Ubuntu; Linux i686; rv:10.0.1) Gecko/20100101 Firefox/10.0.1"
0:0:0:0:0:0:0:1 -  -  [10/Jan/2014:22:00:15 +0000] "GET /ZingWeb/faces/images/plus2.gif HTTP/1.1" 200 91 "http://localhost:8080/ZingWeb/faces/pages/myScrapBook.jspx" "Mozilla/5.0 (X11; Ubuntu; Linux i686; rv:10.0.1) Gecko/20100101 Firefox/10.0.1"
0:0:0:0:0:0:0:1 -  -  [10/Jan/2014:22:00:15 +0000] "GET /ZingWeb/faces/images/box/center_box_top_500.jpg HTTP/1.1" 200 14628 "http://localhost:8080/ZingWeb/faces/pages/myScrapBook.jspx" "Mozilla/5.0 (X11; Ubuntu; Linux i686; rv:10.0.1) Gecko/20100101 Firefox/10.0.1"
0:0:0:0:0:0:0:1 -  -  [10/Jan/2014:22:00:15 +0000] "GET /ZingWeb/faces/pages/CSS/style.css HTTP/1.1" 200 2550 "http://localhost:8080/ZingWeb/faces/pages/CSS/style.css" "Mozilla/5.0 (X11; Ubuntu; Linux i686; rv:10.0.1) Gecko/20100101 Firefox/10.0.1"
0:0:0:0:0:0:0:1 -  -  [10/Jan/2014:22:00:15 +0000] "GET /ZingWeb/faces/images/box/box_top_170.jpg HTTP/1.1" 200 5778 "http://localhost:8080/ZingWeb/faces/pages/myScrapBook.jspx" "Mozilla/5.0 (X11; Ubuntu; Linux i686; rv:10.0.1) Gecko/20100101 Firefox/10.0.1"
0:0:0:0:0:0:0:1 -  -  [10/Jan/2014:22:00:15 +0000] "GET /ZingWeb/faces/images/box/box_bottom_170.jpg HTTP/1.1" 200 1631 "http://localhost:8080/ZingWeb/faces/pages/myScrapBook.jspx" "Mozilla/5.0 (X11; Ubuntu; Linux i686; rv:10.0.1) Gecko/20100101 Firefox/10.0.1"
0:0:0:0:0:0:0:1 -  -  [10/Jan/2014:22:00:15 +0000] "GET /ZingWeb/faces/images/box/box_bottom_500.jpg HTTP/1.1" 200 2254 "http://localhost:8080/ZingWeb/faces/pages/myScrapBook.jspx" "Mozilla/5.0 (X11; Ubuntu; Linux i686; rv:10.0.1) Gecko/20100101 Firefox/10.0.1"
0:0:0:0:0:0:0:1 -  -  [10/Jan/2014:22:00:15 +0000] "GET /ZingWeb/faces/images/box/box_center_280.jpg HTTP/1.1" 200 545 "http://localhost:8080/ZingWeb/faces/pages/myScrapBook.jspx" "Mozilla/5.0 (X11; Ubuntu; Linux i686; rv:10.0.1) Gecko/20100101 Firefox/10.0.1"
0:0:0:0:0:0:0:1 -  -  [10/Jan/2014:22:00:15 +0000] "GET /ShindigWeb/css/style.css HTTP/1.1" 404 1410 "http://localhost:8080/ZingWeb/faces/pages/myScrapBook.jspx" "Mozilla/5.0 (X11; Ubuntu; Linux i686; rv:10.0.1) Gecko/20100101 Firefox/10.0.1"
0:0:0:0:0:0:0:1 -  -  [10/Jan/2014:22:00:15 +0000] "GET /ZingWeb/faces/images/bottom.jpg HTTP/1.1" 200 9854 "http://localhost:8080/ZingWeb/faces/pages/myScrapBook.jspx" "Mozilla/5.0 (X11; Ubuntu; Linux i686; rv:10.0.1) Gecko/20100101 Firefox/10.0.1"
0:0:0:0:0:0:0:1 -  -  [10/Jan/2014:22:00:15 +0000] "GET /ZingWeb/faces/images/box/box_top_280.jpg HTTP/1.1" 200 8552 "http://localhost:8080/ZingWeb/faces/pages/myScrapBook.jspx" "Mozilla/5.0 (X11; Ubuntu; Linux i686; rv:10.0.1) Gecko/20100101 Firefox/10.0.1"
0:0:0:0:0:0:0:1 -  -  [10/Jan/2014:22:00:15 +0000] "GET /ZingWeb/faces/images/box/box_bottom_280.jpg HTTP/1.1" 200 1405 "http://localhost:8080/ZingWeb/faces/pages/myScrapBook.jspx" "Mozilla/5.0 (X11; Ubuntu; Linux i686; rv:10.0.1) Gecko/20100101 Firefox/10.0.1"
0:0:0:0:0:0:0:1 -  -  [10/Jan/2014:22:00:21 +0000] "POST /ZingWeb/faces/pages/home.jspx HTTP/1.1" 200 2021 "http://localhost:8080/ZingWeb/faces/pages/myScrapBook.jspx" "Mozilla/5.0 (X11; Ubuntu; Linux i686; rv:10.0.1) Gecko/20100101 Firefox/10.0.1"
0:0:0:0:0:0:0:1 -  -  [10/Jan/2014:22:00:21 +0000] "GET /ZingWeb/faces/css/style.css HTTP/1.1" 200 5832 "http://localhost:8080/ZingWeb/faces/pages/home.jspx" "Mozilla/5.0 (X11; Ubuntu; Linux i686; rv:10.0.1) Gecko/20100101 Firefox/10.0.1"
0:0:0:0:0:0:0:1 -  -  [10/Jan/2014:22:00:21 +0000] "GET /ZingWeb/faces/Scripts/AC_RunActiveContent.js HTTP/1.1" 404 1424 "http://localhost:8080/ZingWeb/faces/pages/home.jspx" "Mozilla/5.0 (X11; Ubuntu; Linux i686; rv:10.0.1) Gecko/20100101 Firefox/10.0.1"
0:0:0:0:0:0:0:1 -  -  [10/Jan/2014:22:00:21 +0000] "GET /ZingWeb/faces/images/FORMBG.jpg HTTP/1.1" 200 33767 "http://localhost:8080/ZingWeb/faces/pages/home.jspx" "Mozilla/5.0 (X11; Ubuntu; Linux i686; rv:10.0.1) Gecko/20100101 Firefox/10.0.1"
0:0:0:0:0:0:0:1 -  -  [10/Jan/2014:22:00:26 +0000] "POST /ZingWeb/faces/pages/myScrapBook.jspx HTTP/1.1" 200 17532 "http://localhost:8080/ZingWeb/faces/pages/home.jspx" "Mozilla/5.0 (X11; Ubuntu; Linux i686; rv:10.0.1) Gecko/20100101 Firefox/10.0.1"
0:0:0:0:0:0:0:1 -  -  [10/Jan/2014:22:00:26 +0000] "GET /ZingWeb/faces/css/style.css HTTP/1.1" 200 5832 "http://localhost:8080/ZingWeb/faces/pages/myScrapBook.jspx" "Mozilla/5.0 (X11; Ubuntu; Linux i686; rv:10.0.1) Gecko/20100101 Firefox/10.0.1"
0:0:0:0:0:0:0:1 -  -  [10/Jan/2014:22:00:26 +0000] "GET /ZingWeb/faces/js/showApplication.js HTTP/1.1" 200 256 "http://localhost:8080/ZingWeb/faces/pages/myScrapBook.jspx" "Mozilla/5.0 (X11; Ubuntu; Linux i686; rv:10.0.1) Gecko/20100101 Firefox/10.0.1"
0:0:0:0:0:0:0:1 -  -  [10/Jan/2014:22:00:26 +0000] "GET /ZingWeb/faces/css/table.css HTTP/1.1" 200 270 "http://localhost:8080/ZingWeb/faces/pages/myScrapBook.jspx" "Mozilla/5.0 (X11; Ubuntu; Linux i686; rv:10.0.1) Gecko/20100101 Firefox/10.0.1"
0:0:0:0:0:0:0:1 -  -  [10/Jan/2014:22:00:26 +0000] "GET /ShindigWeb/css/style.css HTTP/1.1" 404 1410 "http://localhost:8080/ZingWeb/faces/pages/myScrapBook.jspx" "Mozilla/5.0 (X11; Ubuntu; Linux i686; rv:10.0.1) Gecko/20100101 Firefox/10.0.1"
0:0:0:0:0:0:0:1 -  -  [10/Jan/2014:22:00:26 +0000] "GET /ZingWeb/faces/pages/CSS/table.css HTTP/1.1" 200 270 "http://localhost:8080/ZingWeb/faces/pages/myScrapBook.jspx" "Mozilla/5.0 (X11; Ubuntu; Linux i686; rv:10.0.1) Gecko/20100101 Firefox/10.0.1"
0:0:0:0:0:0:0:1 -  -  [10/Jan/2014:22:00:26 +0000] "GET /ZingWeb/faces/pages/CSS/style.css HTTP/1.1" 200 2550 "http://localhost:8080/ZingWeb/faces/pages/myScrapBook.jspx" "Mozilla/5.0 (X11; Ubuntu; Linux i686; rv:10.0.1) Gecko/20100101 Firefox/10.0.1"
0:0:0:0:0:0:0:1 -  -  [10/Jan/2014:22:00:26 +0000] "GET /ZingWeb/faces/images/spicetitle.jpg HTTP/1.1" 200 3017 "http://localhost:8080/ZingWeb/faces/pages/myScrapBook.jspx" "Mozilla/5.0 (X11; Ubuntu; Linux i686; rv:10.0.1) Gecko/20100101 Firefox/10.0.1"
0:0:0:0:0:0:0:1 -  -  [10/Jan/2014:22:00:26 +0000] "GET /ZingWeb/faces/images/table/table_top_bg.jpg HTTP/1.1" 200 581 "http://localhost:8080/ZingWeb/faces/css/style.css" "Mozilla/5.0 (X11; Ubuntu; Linux i686; rv:10.0.1) Gecko/20100101 Firefox/10.0.1"
0:0:0:0:0:0:0:1 -  -  [10/Jan/2014:22:00:26 +0000] "GET /ZingWeb/images/default.jpg HTTP/1.1" 304 0 "http://localhost:8080/ZingWeb/faces/pages/myScrapBook.jspx" "Mozilla/5.0 (X11; Ubuntu; Linux i686; rv:10.0.1) Gecko/20100101 Firefox/10.0.1"
0:0:0:0:0:0:0:1 -  -  [10/Jan/2014:22:00:26 +0000] "GET /ZingWeb/faces/images/plus2.gif HTTP/1.1" 200 91 "http://localhost:8080/ZingWeb/faces/pages/myScrapBook.jspx" "Mozilla/5.0 (X11; Ubuntu; Linux i686; rv:10.0.1) Gecko/20100101 Firefox/10.0.1"
0:0:0:0:0:0:0:1 -  -  [10/Jan/2014:22:00:26 +0000] "GET /ZingWeb/faces/images/box/center_box_top_500.jpg HTTP/1.1" 200 14628 "http://localhost:8080/ZingWeb/faces/pages/myScrapBook.jspx" "Mozilla/5.0 (X11; Ubuntu; Linux i686; rv:10.0.1) Gecko/20100101 Firefox/10.0.1"
0:0:0:0:0:0:0:1 -  -  [10/Jan/2014:22:00:26 +0000] "GET /ZingWeb/faces/pages/CSS/style.css HTTP/1.1" 200 2550 "http://localhost:8080/ZingWeb/faces/pages/CSS/style.css" "Mozilla/5.0 (X11; Ubuntu; Linux i686; rv:10.0.1) Gecko/20100101 Firefox/10.0.1"
0:0:0:0:0:0:0:1 -  -  [10/Jan/2014:22:00:26 +0000] "GET /ZingWeb/faces/images/box/box_bottom_500.jpg HTTP/1.1" 200 2254 "http://localhost:8080/ZingWeb/faces/pages/myScrapBook.jspx" "Mozilla/5.0 (X11; Ubuntu; Linux i686; rv:10.0.1) Gecko/20100101 Firefox/10.0.1"
0:0:0:0:0:0:0:1 -  -  [10/Jan/2014:22:00:26 +0000] "GET /ZingWeb/faces/images/box/box_center_280.jpg HTTP/1.1" 200 545 "http://localhost:8080/ZingWeb/faces/pages/myScrapBook.jspx" "Mozilla/5.0 (X11; Ubuntu; Linux i686; rv:10.0.1) Gecko/20100101 Firefox/10.0.1"
0:0:0:0:0:0:0:1 -  -  [10/Jan/2014:22:00:26 +0000] "GET /ZingWeb/faces/images/box/box_top_170.jpg HTTP/1.1" 200 5778 "http://localhost:8080/ZingWeb/faces/pages/myScrapBook.jspx" "Mozilla/5.0 (X11; Ubuntu; Linux i686; rv:10.0.1) Gecko/20100101 Firefox/10.0.1"
0:0:0:0:0:0:0:1 -  -  [10/Jan/2014:22:00:26 +0000] "GET /ZingWeb/faces/images/box/box_bottom_170.jpg HTTP/1.1" 200 1631 "http://localhost:8080/ZingWeb/faces/pages/myScrapBook.jspx" "Mozilla/5.0 (X11; Ubuntu; Linux i686; rv:10.0.1) Gecko/20100101 Firefox/10.0.1"
0:0:0:0:0:0:0:1 -  -  [10/Jan/2014:22:00:26 +0000] "GET /ShindigWeb/css/style.css HTTP/1.1" 404 1410 "http://localhost:8080/ZingWeb/faces/pages/myScrapBook.jspx" "Mozilla/5.0 (X11; Ubuntu; Linux i686; rv:10.0.1) Gecko/20100101 Firefox/10.0.1"
0:0:0:0:0:0:0:1 -  -  [10/Jan/2014:22:00:26 +0000] "GET /ZingWeb/faces/images/box/box_top_280.jpg HTTP/1.1" 200 8552 "http://localhost:8080/ZingWeb/faces/pages/myScrapBook.jspx" "Mozilla/5.0 (X11; Ubuntu; Linux i686; rv:10.0.1) Gecko/20100101 Firefox/10.0.1"
0:0:0:0:0:0:0:1 -  -  [10/Jan/2014:22:00:26 +0000] "GET /ZingWeb/faces/images/box/box_bottom_280.jpg HTTP/1.1" 200 1405 "http://localhost:8080/ZingWeb/faces/pages/myScrapBook.jspx" "Mozilla/5.0 (X11; Ubuntu; Linux i686; rv:10.0.1) Gecko/20100101 Firefox/10.0.1"
0:0:0:0:0:0:0:1 -  -  [10/Jan/2014:22:00:26 +0000] "GET /ZingWeb/faces/images/bottom.jpg HTTP/1.1" 200 9854 "http://localhost:8080/ZingWeb/faces/pages/myScrapBook.jspx" "Mozilla/5.0 (X11; Ubuntu; Linux i686; rv:10.0.1) Gecko/20100101 Firefox/10.0.1"
0:0:0:0:0:0:0:1 -  -  [10/Jan/2014:22:02:41 +0000] "POST /ZingWeb/faces/pages/home.jspx HTTP/1.1" 200 2021 "http://localhost:8080/ZingWeb/faces/pages/myScrapBook.jspx" "Mozilla/5.0 (X11; Ubuntu; Linux i686; rv:10.0.1) Gecko/20100101 Firefox/10.0.1"
0:0:0:0:0:0:0:1 -  -  [10/Jan/2014:22:02:41 +0000] "GET /ZingWeb/faces/css/style.css HTTP/1.1" 200 5832 "http://localhost:8080/ZingWeb/faces/pages/home.jspx" "Mozilla/5.0 (X11; Ubuntu; Linux i686; rv:10.0.1) Gecko/20100101 Firefox/10.0.1"
0:0:0:0:0:0:0:1 -  -  [10/Jan/2014:22:02:41 +0000] "GET /ZingWeb/faces/Scripts/AC_RunActiveContent.js HTTP/1.1" 404 1424 "http://localhost:8080/ZingWeb/faces/pages/home.jspx" "Mozilla/5.0 (X11; Ubuntu; Linux i686; rv:10.0.1) Gecko/20100101 Firefox/10.0.1"
0:0:0:0:0:0:0:1 -  -  [10/Jan/2014:22:02:41 +0000] "GET /ZingWeb/faces/images/FORMBG.jpg HTTP/1.1" 200 33767 "http://localhost:8080/ZingWeb/faces/pages/home.jspx" "Mozilla/5.0 (X11; Ubuntu; Linux i686; rv:10.0.1) Gecko/20100101 Firefox/10.0.1"
0:0:0:0:0:0:0:1 -  -  [10/Jan/2014:22:02:44 +0000] "POST /ZingWeb/faces/pages/myScrapBook.jspx HTTP/1.1" 200 17532 "http://localhost:8080/ZingWeb/faces/pages/home.jspx" "Mozilla/5.0 (X11; Ubuntu; Linux i686; rv:10.0.1) Gecko/20100101 Firefox/10.0.1"
0:0:0:0:0:0:0:1 -  -  [10/Jan/2014:22:02:44 +0000] "GET /ZingWeb/faces/css/style.css HTTP/1.1" 200 5832 "http://localhost:8080/ZingWeb/faces/pages/myScrapBook.jspx" "Mozilla/5.0 (X11; Ubuntu; Linux i686; rv:10.0.1) Gecko/20100101 Firefox/10.0.1"
0:0:0:0:0:0:0:1 -  -  [10/Jan/2014:22:02:44 +0000] "GET /ZingWeb/faces/css/table.css HTTP/1.1" 200 270 "http://localhost:8080/ZingWeb/faces/pages/myScrapBook.jspx" "Mozilla/5.0 (X11; Ubuntu; Linux i686; rv:10.0.1) Gecko/20100101 Firefox/10.0.1"
0:0:0:0:0:0:0:1 -  -  [10/Jan/2014:22:02:44 +0000] "GET /ZingWeb/faces/pages/CSS/table.css HTTP/1.1" 200 270 "http://localhost:8080/ZingWeb/faces/pages/myScrapBook.jspx" "Mozilla/5.0 (X11; Ubuntu; Linux i686; rv:10.0.1) Gecko/20100101 Firefox/10.0.1"
0:0:0:0:0:0:0:1 -  -  [10/Jan/2014:22:02:44 +0000] "GET /ZingWeb/faces/pages/CSS/style.css HTTP/1.1" 200 2550 "http://localhost:8080/ZingWeb/faces/pages/myScrapBook.jspx" "Mozilla/5.0 (X11; Ubuntu; Linux i686; rv:10.0.1) Gecko/20100101 Firefox/10.0.1"
0:0:0:0:0:0:0:1 -  -  [10/Jan/2014:22:02:44 +0000] "GET /ZingWeb/faces/js/showApplication.js HTTP/1.1" 200 256 "http://localhost:8080/ZingWeb/faces/pages/myScrapBook.jspx" "Mozilla/5.0 (X11; Ubuntu; Linux i686; rv:10.0.1) Gecko/20100101 Firefox/10.0.1"
0:0:0:0:0:0:0:1 -  -  [10/Jan/2014:22:02:44 +0000] "GET /ShindigWeb/css/style.css HTTP/1.1" 404 1410 "http://localhost:8080/ZingWeb/faces/pages/myScrapBook.jspx" "Mozilla/5.0 (X11; Ubuntu; Linux i686; rv:10.0.1) Gecko/20100101 Firefox/10.0.1"
0:0:0:0:0:0:0:1 -  -  [10/Jan/2014:22:02:44 +0000] "GET /ZingWeb/faces/images/spicetitle.jpg HTTP/1.1" 200 3017 "http://localhost:8080/ZingWeb/faces/pages/myScrapBook.jspx" "Mozilla/5.0 (X11; Ubuntu; Linux i686; rv:10.0.1) Gecko/20100101 Firefox/10.0.1"
0:0:0:0:0:0:0:1 -  -  [10/Jan/2014:22:02:44 +0000] "GET /ZingWeb/faces/images/table/table_top_bg.jpg HTTP/1.1" 200 581 "http://localhost:8080/ZingWeb/faces/css/style.css" "Mozilla/5.0 (X11; Ubuntu; Linux i686; rv:10.0.1) Gecko/20100101 Firefox/10.0.1"
0:0:0:0:0:0:0:1 -  -  [10/Jan/2014:22:02:44 +0000] "GET /ZingWeb/images/default.jpg HTTP/1.1" 304 0 "http://localhost:8080/ZingWeb/faces/pages/myScrapBook.jspx" "Mozilla/5.0 (X11; Ubuntu; Linux i686; rv:10.0.1) Gecko/20100101 Firefox/10.0.1"
0:0:0:0:0:0:0:1 -  -  [10/Jan/2014:22:02:44 +0000] "GET /ZingWeb/faces/images/plus2.gif HTTP/1.1" 200 91 "http://localhost:8080/ZingWeb/faces/pages/myScrapBook.jspx" "Mozilla/5.0 (X11; Ubuntu; Linux i686; rv:10.0.1) Gecko/20100101 Firefox/10.0.1"
0:0:0:0:0:0:0:1 -  -  [10/Jan/2014:22:02:44 +0000] "GET /ZingWeb/faces/images/box/box_center_280.jpg HTTP/1.1" 200 545 "http://localhost:8080/ZingWeb/faces/pages/myScrapBook.jspx" "Mozilla/5.0 (X11; Ubuntu; Linux i686; rv:10.0.1) Gecko/20100101 Firefox/10.0.1"
0:0:0:0:0:0:0:1 -  -  [10/Jan/2014:22:02:44 +0000] "GET /ZingWeb/faces/images/box/box_bottom_500.jpg HTTP/1.1" 200 2254 "http://localhost:8080/ZingWeb/faces/pages/myScrapBook.jspx" "Mozilla/5.0 (X11; Ubuntu; Linux i686; rv:10.0.1) Gecko/20100101 Firefox/10.0.1"
0:0:0:0:0:0:0:1 -  -  [10/Jan/2014:22:02:44 +0000] "GET /ZingWeb/faces/images/box/center_box_top_500.jpg HTTP/1.1" 200 14628 "http://localhost:8080/ZingWeb/faces/pages/myScrapBook.jspx" "Mozilla/5.0 (X11; Ubuntu; Linux i686; rv:10.0.1) Gecko/20100101 Firefox/10.0.1"
0:0:0:0:0:0:0:1 -  -  [10/Jan/2014:22:02:44 +0000] "GET /ZingWeb/faces/pages/CSS/style.css HTTP/1.1" 200 2550 "http://localhost:8080/ZingWeb/faces/pages/CSS/style.css" "Mozilla/5.0 (X11; Ubuntu; Linux i686; rv:10.0.1) Gecko/20100101 Firefox/10.0.1"
0:0:0:0:0:0:0:1 -  -  [10/Jan/2014:22:02:44 +0000] "GET /ZingWeb/faces/images/box/box_top_170.jpg HTTP/1.1" 200 5778 "http://localhost:8080/ZingWeb/faces/pages/myScrapBook.jspx" "Mozilla/5.0 (X11; Ubuntu; Linux i686; rv:10.0.1) Gecko/20100101 Firefox/10.0.1"
0:0:0:0:0:0:0:1 -  -  [10/Jan/2014:22:02:44 +0000] "GET /ZingWeb/faces/images/box/box_bottom_170.jpg HTTP/1.1" 200 1631 "http://localhost:8080/ZingWeb/faces/pages/myScrapBook.jspx" "Mozilla/5.0 (X11; Ubuntu; Linux i686; rv:10.0.1) Gecko/20100101 Firefox/10.0.1"
0:0:0:0:0:0:0:1 -  -  [10/Jan/2014:22:02:44 +0000] "GET /ShindigWeb/css/style.css HTTP/1.1" 404 1410 "http://localhost:8080/ZingWeb/faces/pages/myScrapBook.jspx" "Mozilla/5.0 (X11; Ubuntu; Linux i686; rv:10.0.1) Gecko/20100101 Firefox/10.0.1"
0:0:0:0:0:0:0:1 -  -  [10/Jan/2014:22:02:44 +0000] "GET /ZingWeb/faces/images/box/box_top_280.jpg HTTP/1.1" 200 8552 "http://localhost:8080/ZingWeb/faces/pages/myScrapBook.jspx" "Mozilla/5.0 (X11; Ubuntu; Linux i686; rv:10.0.1) Gecko/20100101 Firefox/10.0.1"
0:0:0:0:0:0:0:1 -  -  [10/Jan/2014:22:02:44 +0000] "GET /ZingWeb/faces/images/box/box_bottom_280.jpg HTTP/1.1" 200 1405 "http://localhost:8080/ZingWeb/faces/pages/myScrapBook.jspx" "Mozilla/5.0 (X11; Ubuntu; Linux i686; rv:10.0.1) Gecko/20100101 Firefox/10.0.1"
0:0:0:0:0:0:0:1 -  -  [10/Jan/2014:22:02:44 +0000] "GET /ZingWeb/faces/images/bottom.jpg HTTP/1.1" 200 9854 "http://localhost:8080/ZingWeb/faces/pages/myScrapBook.jspx" "Mozilla/5.0 (X11; Ubuntu; Linux i686; rv:10.0.1) Gecko/20100101 Firefox/10.0.1"
