0:0:0:0:0:0:0:1 -  -  [04/Jan/2014:01:53:54 +0000] "GET /ZingWeb/faces/pages/login.jspx HTTP/1.1" 200 13760 "-" "Mozilla/5.0 (X11; Ubuntu; Linux i686; rv:10.0.1) Gecko/20100101 Firefox/10.0.1"
0:0:0:0:0:0:0:1 -  -  [04/Jan/2014:01:55:34 +0000] "GET /ZingWeb/faces/pages/login.jspx HTTP/1.1" 200 13761 "-" "Mozilla/5.0 (X11; Ubuntu; Linux i686; rv:10.0.1) Gecko/20100101 Firefox/10.0.1"
0:0:0:0:0:0:0:1 -  -  [04/Jan/2014:01:55:43 +0000] "GET /ZingWeb/faces/pages/login.jspx HTTP/1.1" 200 13761 "-" "Mozilla/5.0 (X11; Ubuntu; Linux i686; rv:10.0.1) Gecko/20100101 Firefox/10.0.1"
0:0:0:0:0:0:0:1 -  -  [04/Jan/2014:01:55:57 +0000] "GET /ZingWeb/faces/pages/login.jspx HTTP/1.1" 200 13760 "-" "Mozilla/5.0 (X11; Ubuntu; Linux i686; rv:10.0.1) Gecko/20100101 Firefox/10.0.1"
0:0:0:0:0:0:0:1 -  -  [04/Jan/2014:01:56:01 +0000] "GET /ZingWeb/faces/pages/login.jspx HTTP/1.1" 200 13761 "-" "Mozilla/5.0 (X11; Ubuntu; Linux i686; rv:10.0.1) Gecko/20100101 Firefox/10.0.1"
0:0:0:0:0:0:0:1 -  -  [04/Jan/2014:01:56:49 +0000] "GET /ZingWeb/faces/pages/login.jspx HTTP/1.1" 200 13906 "-" "Mozilla/5.0 (X11; Ubuntu; Linux i686; rv:10.0.1) Gecko/20100101 Firefox/10.0.1"
0:0:0:0:0:0:0:1 -  -  [04/Jan/2014:01:56:52 +0000] "GET /ZingWeb/faces/pages/login.jspx HTTP/1.1" 200 13905 "-" "Mozilla/5.0 (X11; Ubuntu; Linux i686; rv:10.0.1) Gecko/20100101 Firefox/10.0.1"
0:0:0:0:0:0:0:1 -  -  [04/Jan/2014:02:23:45 +0000] "GET /ZingWeb/faces/pages/login.jspx HTTP/1.1" 200 13851 "-" "Mozilla/5.0 (X11; Ubuntu; Linux i686; rv:10.0.1) Gecko/20100101 Firefox/10.0.1"
0:0:0:0:0:0:0:1 -  -  [04/Jan/2014:02:24:56 +0000] "GET /ZingWeb/faces/pages/login.jspx HTTP/1.1" 200 13981 "-" "Mozilla/5.0 (X11; Ubuntu; Linux i686; rv:10.0.1) Gecko/20100101 Firefox/10.0.1"
0:0:0:0:0:0:0:1 -  -  [04/Jan/2014:02:28:52 +0000] "GET /ZingWeb/faces/pages/login.jspx HTTP/1.1" 200 3812 "-" "Mozilla/5.0 (X11; Ubuntu; Linux i686; rv:10.0.1) Gecko/20100101 Firefox/10.0.1"
0:0:0:0:0:0:0:1 -  -  [04/Jan/2014:02:28:52 +0000] "GET /ZingWeb/faces/css/style.css HTTP/1.1" 200 5832 "http://localhost:8080/ZingWeb/faces/pages/login.jspx" "Mozilla/5.0 (X11; Ubuntu; Linux i686; rv:10.0.1) Gecko/20100101 Firefox/10.0.1"
0:0:0:0:0:0:0:1 -  -  [04/Jan/2014:02:28:53 +0000] "GET /ZingWeb/faces/Scripts/AC_RunActiveContent.js HTTP/1.1" 404 1424 "http://localhost:8080/ZingWeb/faces/pages/login.jspx" "Mozilla/5.0 (X11; Ubuntu; Linux i686; rv:10.0.1) Gecko/20100101 Firefox/10.0.1"
0:0:0:0:0:0:0:1 -  -  [04/Jan/2014:02:28:53 +0000] "GET /ZingWeb/faces/images/FORMBG.jpg HTTP/1.1" 200 33767 "http://localhost:8080/ZingWeb/faces/pages/login.jspx" "Mozilla/5.0 (X11; Ubuntu; Linux i686; rv:10.0.1) Gecko/20100101 Firefox/10.0.1"
0:0:0:0:0:0:0:1 -  -  [04/Jan/2014:02:29:10 +0000] "POST /ZingWeb/faces/pages/login.jspx HTTP/1.1" 200 11343 "http://localhost:8080/ZingWeb/faces/pages/login.jspx" "Mozilla/5.0 (X11; Ubuntu; Linux i686; rv:10.0.1) Gecko/20100101 Firefox/10.0.1"
0:0:0:0:0:0:0:1 -  -  [04/Jan/2014:02:31:01 +0000] "GET /ZingWeb/faces/pages/login.jspx HTTP/1.1" 200 13997 "-" "Mozilla/5.0 (X11; Ubuntu; Linux i686; rv:10.0.1) Gecko/20100101 Firefox/10.0.1"
0:0:0:0:0:0:0:1 -  -  [04/Jan/2014:02:31:07 +0000] "GET /ZingWeb/faces/pages/login.jspx HTTP/1.1" 200 13996 "-" "Mozilla/5.0 (X11; Ubuntu; Linux i686; rv:10.0.1) Gecko/20100101 Firefox/10.0.1"
0:0:0:0:0:0:0:1 -  -  [04/Jan/2014:02:31:09 +0000] "GET /ZingWeb/faces/pages/login.jspx HTTP/1.1" 200 13996 "-" "Mozilla/5.0 (X11; Ubuntu; Linux i686; rv:10.0.1) Gecko/20100101 Firefox/10.0.1"
0:0:0:0:0:0:0:1 -  -  [04/Jan/2014:02:31:47 +0000] "GET /ZingWeb/faces/pages/login.jspx HTTP/1.1" 200 3635 "-" "Mozilla/5.0 (X11; Ubuntu; Linux i686; rv:10.0.1) Gecko/20100101 Firefox/10.0.1"
0:0:0:0:0:0:0:1 -  -  [04/Jan/2014:02:31:47 +0000] "GET /ZingWeb/faces/css/style.css HTTP/1.1" 200 5832 "http://localhost:8080/ZingWeb/faces/pages/login.jspx" "Mozilla/5.0 (X11; Ubuntu; Linux i686; rv:10.0.1) Gecko/20100101 Firefox/10.0.1"
0:0:0:0:0:0:0:1 -  -  [04/Jan/2014:02:31:47 +0000] "GET /ZingWeb/faces/Scripts/AC_RunActiveContent.js HTTP/1.1" 404 1424 "http://localhost:8080/ZingWeb/faces/pages/login.jspx" "Mozilla/5.0 (X11; Ubuntu; Linux i686; rv:10.0.1) Gecko/20100101 Firefox/10.0.1"
0:0:0:0:0:0:0:1 -  -  [04/Jan/2014:02:31:47 +0000] "GET /ZingWeb/faces/images/FORMBG.jpg HTTP/1.1" 200 33767 "http://localhost:8080/ZingWeb/faces/pages/login.jspx" "Mozilla/5.0 (X11; Ubuntu; Linux i686; rv:10.0.1) Gecko/20100101 Firefox/10.0.1"
0:0:0:0:0:0:0:1 -  -  [04/Jan/2014:02:34:52 +0000] "GET /ZingWeb/faces/pages/login.jspx HTTP/1.1" 200 3777 "-" "Mozilla/5.0 (X11; Ubuntu; Linux i686; rv:10.0.1) Gecko/20100101 Firefox/10.0.1"
0:0:0:0:0:0:0:1 -  -  [04/Jan/2014:02:34:53 +0000] "GET /ZingWeb/faces/css/style.css HTTP/1.1" 200 5832 "http://localhost:8080/ZingWeb/faces/pages/login.jspx" "Mozilla/5.0 (X11; Ubuntu; Linux i686; rv:10.0.1) Gecko/20100101 Firefox/10.0.1"
0:0:0:0:0:0:0:1 -  -  [04/Jan/2014:02:34:53 +0000] "GET /ZingWeb/faces/Scripts/AC_RunActiveContent.js HTTP/1.1" 404 1424 "http://localhost:8080/ZingWeb/faces/pages/login.jspx" "Mozilla/5.0 (X11; Ubuntu; Linux i686; rv:10.0.1) Gecko/20100101 Firefox/10.0.1"
0:0:0:0:0:0:0:1 -  -  [04/Jan/2014:02:34:53 +0000] "GET /ZingWeb/faces/images/FORMBG.jpg HTTP/1.1" 200 33767 "http://localhost:8080/ZingWeb/faces/pages/login.jspx" "Mozilla/5.0 (X11; Ubuntu; Linux i686; rv:10.0.1) Gecko/20100101 Firefox/10.0.1"
0:0:0:0:0:0:0:1 -  -  [04/Jan/2014:02:35:59 +0000] "GET /ZingWeb/faces/pages/login.jspx HTTP/1.1" 200 7306 "-" "Mozilla/5.0 (X11; Ubuntu; Linux i686; rv:10.0.1) Gecko/20100101 Firefox/10.0.1"
0:0:0:0:0:0:0:1 -  -  [04/Jan/2014:02:36:46 +0000] "GET /ZingWeb/faces/pages/login.jspx HTTP/1.1" 200 3827 "-" "Mozilla/5.0 (X11; Ubuntu; Linux i686; rv:10.0.1) Gecko/20100101 Firefox/10.0.1"
0:0:0:0:0:0:0:1 -  -  [04/Jan/2014:02:36:46 +0000] "GET /ZingWeb/faces/css/style.css HTTP/1.1" 200 5832 "http://localhost:8080/ZingWeb/faces/pages/login.jspx" "Mozilla/5.0 (X11; Ubuntu; Linux i686; rv:10.0.1) Gecko/20100101 Firefox/10.0.1"
0:0:0:0:0:0:0:1 -  -  [04/Jan/2014:02:36:46 +0000] "GET /ZingWeb/faces/Scripts/AC_RunActiveContent.js HTTP/1.1" 404 1424 "http://localhost:8080/ZingWeb/faces/pages/login.jspx" "Mozilla/5.0 (X11; Ubuntu; Linux i686; rv:10.0.1) Gecko/20100101 Firefox/10.0.1"
0:0:0:0:0:0:0:1 -  -  [04/Jan/2014:02:36:47 +0000] "GET /ZingWeb/faces/images/FORMBG.jpg HTTP/1.1" 200 33767 "http://localhost:8080/ZingWeb/faces/pages/login.jspx" "Mozilla/5.0 (X11; Ubuntu; Linux i686; rv:10.0.1) Gecko/20100101 Firefox/10.0.1"
0:0:0:0:0:0:0:1 -  -  [04/Jan/2014:02:39:35 +0000] "GET /ZingWeb/faces/pages/login.jspx HTTP/1.1" 200 3870 "-" "Mozilla/5.0 (X11; Ubuntu; Linux i686; rv:10.0.1) Gecko/20100101 Firefox/10.0.1"
0:0:0:0:0:0:0:1 -  -  [04/Jan/2014:02:39:35 +0000] "GET /ZingWeb/faces/css/style.css HTTP/1.1" 200 5832 "http://localhost:8080/ZingWeb/faces/pages/login.jspx" "Mozilla/5.0 (X11; Ubuntu; Linux i686; rv:10.0.1) Gecko/20100101 Firefox/10.0.1"
0:0:0:0:0:0:0:1 -  -  [04/Jan/2014:02:39:35 +0000] "GET /ZingWeb/faces/Scripts/AC_RunActiveContent.js HTTP/1.1" 404 1424 "http://localhost:8080/ZingWeb/faces/pages/login.jspx" "Mozilla/5.0 (X11; Ubuntu; Linux i686; rv:10.0.1) Gecko/20100101 Firefox/10.0.1"
0:0:0:0:0:0:0:1 -  -  [04/Jan/2014:02:39:35 +0000] "GET /ZingWeb/faces/images/FORMBG.jpg HTTP/1.1" 200 33767 "http://localhost:8080/ZingWeb/faces/pages/login.jspx" "Mozilla/5.0 (X11; Ubuntu; Linux i686; rv:10.0.1) Gecko/20100101 Firefox/10.0.1"
0:0:0:0:0:0:0:1 -  -  [04/Jan/2014:02:47:52 +0000] "POST /ZingWeb/faces/pages/login.jspx HTTP/1.1" 200 18002 "http://localhost:8080/ZingWeb/faces/pages/login.jspx" "Mozilla/5.0 (X11; Ubuntu; Linux i686; rv:10.0.1) Gecko/20100101 Firefox/10.0.1"
0:0:0:0:0:0:0:1 -  -  [04/Jan/2014:02:47:54 +0000] "GET /ZingWeb/faces/css/style.css HTTP/1.1" 200 5832 "http://localhost:8080/ZingWeb/faces/pages/login.jspx" "Mozilla/5.0 (X11; Ubuntu; Linux i686; rv:10.0.1) Gecko/20100101 Firefox/10.0.1"
0:0:0:0:0:0:0:1 -  -  [04/Jan/2014:02:47:54 +0000] "GET /ZingWeb/faces/css/table.css HTTP/1.1" 200 270 "http://localhost:8080/ZingWeb/faces/pages/login.jspx" "Mozilla/5.0 (X11; Ubuntu; Linux i686; rv:10.0.1) Gecko/20100101 Firefox/10.0.1"
0:0:0:0:0:0:0:1 -  -  [04/Jan/2014:02:47:54 +0000] "GET /ZingWeb/faces/images/spicetitle.jpg HTTP/1.1" 200 3017 "http://localhost:8080/ZingWeb/faces/pages/login.jspx" "Mozilla/5.0 (X11; Ubuntu; Linux i686; rv:10.0.1) Gecko/20100101 Firefox/10.0.1"
0:0:0:0:0:0:0:1 -  -  [04/Jan/2014:02:47:54 +0000] "GET /ZingWeb/faces/images/plus2.gif HTTP/1.1" 200 91 "http://localhost:8080/ZingWeb/faces/pages/login.jspx" "Mozilla/5.0 (X11; Ubuntu; Linux i686; rv:10.0.1) Gecko/20100101 Firefox/10.0.1"
0:0:0:0:0:0:0:1 -  -  [04/Jan/2014:02:47:54 +0000] "GET /ZingWeb/faces/images/box/box_center_280.jpg HTTP/1.1" 200 545 "http://localhost:8080/ZingWeb/faces/pages/login.jspx" "Mozilla/5.0 (X11; Ubuntu; Linux i686; rv:10.0.1) Gecko/20100101 Firefox/10.0.1"
0:0:0:0:0:0:0:1 -  -  [04/Jan/2014:02:47:54 +0000] "GET /ZingWeb/faces/pages/CSS/table.css HTTP/1.1" 200 270 "http://localhost:8080/ZingWeb/faces/pages/login.jspx" "Mozilla/5.0 (X11; Ubuntu; Linux i686; rv:10.0.1) Gecko/20100101 Firefox/10.0.1"
0:0:0:0:0:0:0:1 -  -  [04/Jan/2014:02:47:54 +0000] "GET /ShindigWeb/css/style.css HTTP/1.1" 404 1410 "http://localhost:8080/ZingWeb/faces/pages/login.jspx" "Mozilla/5.0 (X11; Ubuntu; Linux i686; rv:10.0.1) Gecko/20100101 Firefox/10.0.1"
0:0:0:0:0:0:0:1 -  -  [04/Jan/2014:02:47:54 +0000] "GET /ZingWeb/faces/js/showApplication.js HTTP/1.1" 200 256 "http://localhost:8080/ZingWeb/faces/pages/login.jspx" "Mozilla/5.0 (X11; Ubuntu; Linux i686; rv:10.0.1) Gecko/20100101 Firefox/10.0.1"
0:0:0:0:0:0:0:1 -  -  [04/Jan/2014:02:47:54 +0000] "GET /ZingWeb/faces/images/box/box_bottom_500.jpg HTTP/1.1" 200 2254 "http://localhost:8080/ZingWeb/faces/pages/login.jspx" "Mozilla/5.0 (X11; Ubuntu; Linux i686; rv:10.0.1) Gecko/20100101 Firefox/10.0.1"
0:0:0:0:0:0:0:1 -  -  [04/Jan/2014:02:47:54 +0000] "GET /ZingWeb/faces/images/box/center_box_top_500.jpg HTTP/1.1" 200 14628 "http://localhost:8080/ZingWeb/faces/pages/login.jspx" "Mozilla/5.0 (X11; Ubuntu; Linux i686; rv:10.0.1) Gecko/20100101 Firefox/10.0.1"
0:0:0:0:0:0:0:1 -  -  [04/Jan/2014:02:47:54 +0000] "GET /ZingWeb/faces/pages/CSS/style.css HTTP/1.1" 200 2550 "http://localhost:8080/ZingWeb/faces/pages/login.jspx" "Mozilla/5.0 (X11; Ubuntu; Linux i686; rv:10.0.1) Gecko/20100101 Firefox/10.0.1"
0:0:0:0:0:0:0:1 -  -  [04/Jan/2014:02:47:54 +0000] "GET /ZingWeb/faces/images/table/table_top_bg.jpg HTTP/1.1" 200 581 "http://localhost:8080/ZingWeb/faces/css/style.css" "Mozilla/5.0 (X11; Ubuntu; Linux i686; rv:10.0.1) Gecko/20100101 Firefox/10.0.1"
0:0:0:0:0:0:0:1 -  -  [04/Jan/2014:02:47:54 +0000] "GET /ZingWeb/images/default.jpg HTTP/1.1" 304 0 "http://localhost:8080/ZingWeb/faces/pages/login.jspx" "Mozilla/5.0 (X11; Ubuntu; Linux i686; rv:10.0.1) Gecko/20100101 Firefox/10.0.1"
0:0:0:0:0:0:0:1 -  -  [04/Jan/2014:02:47:54 +0000] "GET /ZingWeb/faces/pages/CSS/style.css HTTP/1.1" 200 2550 "http://localhost:8080/ZingWeb/faces/pages/CSS/style.css" "Mozilla/5.0 (X11; Ubuntu; Linux i686; rv:10.0.1) Gecko/20100101 Firefox/10.0.1"
0:0:0:0:0:0:0:1 -  -  [04/Jan/2014:02:47:54 +0000] "GET /ZingWeb/faces/images/box/box_top_280.jpg HTTP/1.1" 200 8552 "http://localhost:8080/ZingWeb/faces/pages/login.jspx" "Mozilla/5.0 (X11; Ubuntu; Linux i686; rv:10.0.1) Gecko/20100101 Firefox/10.0.1"
0:0:0:0:0:0:0:1 -  -  [04/Jan/2014:02:47:54 +0000] "GET /ZingWeb/faces/images/box/box_top_170.jpg HTTP/1.1" 200 5778 "http://localhost:8080/ZingWeb/faces/pages/login.jspx" "Mozilla/5.0 (X11; Ubuntu; Linux i686; rv:10.0.1) Gecko/20100101 Firefox/10.0.1"
0:0:0:0:0:0:0:1 -  -  [04/Jan/2014:02:47:54 +0000] "GET /ZingWeb/faces/images/box/box_bottom_280.jpg HTTP/1.1" 200 1405 "http://localhost:8080/ZingWeb/faces/pages/login.jspx" "Mozilla/5.0 (X11; Ubuntu; Linux i686; rv:10.0.1) Gecko/20100101 Firefox/10.0.1"
0:0:0:0:0:0:0:1 -  -  [04/Jan/2014:02:47:54 +0000] "GET /ShindigWeb/css/style.css HTTP/1.1" 404 1410 "http://localhost:8080/ZingWeb/faces/pages/login.jspx" "Mozilla/5.0 (X11; Ubuntu; Linux i686; rv:10.0.1) Gecko/20100101 Firefox/10.0.1"
0:0:0:0:0:0:0:1 -  -  [04/Jan/2014:02:47:54 +0000] "GET /ZingWeb/faces/images/box/box_bottom_170.jpg HTTP/1.1" 200 1631 "http://localhost:8080/ZingWeb/faces/pages/login.jspx" "Mozilla/5.0 (X11; Ubuntu; Linux i686; rv:10.0.1) Gecko/20100101 Firefox/10.0.1"
0:0:0:0:0:0:0:1 -  -  [04/Jan/2014:02:47:54 +0000] "GET /ZingWeb/faces/images/bottom.jpg HTTP/1.1" 200 9854 "http://localhost:8080/ZingWeb/faces/pages/login.jspx" "Mozilla/5.0 (X11; Ubuntu; Linux i686; rv:10.0.1) Gecko/20100101 Firefox/10.0.1"
0:0:0:0:0:0:0:1 -  -  [04/Jan/2014:02:48:57 +0000] "POST /ZingWeb/faces/pages/home.jspx HTTP/1.1" 200 17405 "http://localhost:8080/ZingWeb/faces/pages/login.jspx" "Mozilla/5.0 (X11; Ubuntu; Linux i686; rv:10.0.1) Gecko/20100101 Firefox/10.0.1"
0:0:0:0:0:0:0:1 -  -  [04/Jan/2014:02:48:58 +0000] "GET /ZingWeb/faces/css/style.css HTTP/1.1" 200 5832 "http://localhost:8080/ZingWeb/faces/pages/home.jspx" "Mozilla/5.0 (X11; Ubuntu; Linux i686; rv:10.0.1) Gecko/20100101 Firefox/10.0.1"
0:0:0:0:0:0:0:1 -  -  [04/Jan/2014:02:48:58 +0000] "GET /ZingWeb/faces/js/showApplication.js HTTP/1.1" 200 256 "http://localhost:8080/ZingWeb/faces/pages/home.jspx" "Mozilla/5.0 (X11; Ubuntu; Linux i686; rv:10.0.1) Gecko/20100101 Firefox/10.0.1"
0:0:0:0:0:0:0:1 -  -  [04/Jan/2014:02:48:58 +0000] "GET /ZingWeb/faces/pages/CSS/style.css HTTP/1.1" 200 2550 "http://localhost:8080/ZingWeb/faces/pages/home.jspx" "Mozilla/5.0 (X11; Ubuntu; Linux i686; rv:10.0.1) Gecko/20100101 Firefox/10.0.1"
0:0:0:0:0:0:0:1 -  -  [04/Jan/2014:02:48:58 +0000] "GET /ShindigWeb/css/style.css HTTP/1.1" 404 1410 "http://localhost:8080/ZingWeb/faces/pages/home.jspx" "Mozilla/5.0 (X11; Ubuntu; Linux i686; rv:10.0.1) Gecko/20100101 Firefox/10.0.1"
0:0:0:0:0:0:0:1 -  -  [04/Jan/2014:02:48:58 +0000] "GET /ZingWeb/faces/css/table.css HTTP/1.1" 200 270 "http://localhost:8080/ZingWeb/faces/pages/home.jspx" "Mozilla/5.0 (X11; Ubuntu; Linux i686; rv:10.0.1) Gecko/20100101 Firefox/10.0.1"
0:0:0:0:0:0:0:1 -  -  [04/Jan/2014:02:48:58 +0000] "GET /ZingWeb/faces/pages/CSS/table.css HTTP/1.1" 200 270 "http://localhost:8080/ZingWeb/faces/pages/home.jspx" "Mozilla/5.0 (X11; Ubuntu; Linux i686; rv:10.0.1) Gecko/20100101 Firefox/10.0.1"
0:0:0:0:0:0:0:1 -  -  [04/Jan/2014:02:48:58 +0000] "GET /ZingWeb/faces/images/spicetitle.jpg HTTP/1.1" 200 3017 "http://localhost:8080/ZingWeb/faces/pages/home.jspx" "Mozilla/5.0 (X11; Ubuntu; Linux i686; rv:10.0.1) Gecko/20100101 Firefox/10.0.1"
0:0:0:0:0:0:0:1 -  -  [04/Jan/2014:02:48:58 +0000] "GET /ZingWeb/faces/images/table/table_top_bg.jpg HTTP/1.1" 200 581 "http://localhost:8080/ZingWeb/faces/css/style.css" "Mozilla/5.0 (X11; Ubuntu; Linux i686; rv:10.0.1) Gecko/20100101 Firefox/10.0.1"
0:0:0:0:0:0:0:1 -  -  [04/Jan/2014:02:48:58 +0000] "GET /ZingWeb/images/default.jpg HTTP/1.1" 304 0 "http://localhost:8080/ZingWeb/faces/pages/home.jspx" "Mozilla/5.0 (X11; Ubuntu; Linux i686; rv:10.0.1) Gecko/20100101 Firefox/10.0.1"
0:0:0:0:0:0:0:1 -  -  [04/Jan/2014:02:48:58 +0000] "GET /ZingWeb/faces/images/plus2.gif HTTP/1.1" 200 91 "http://localhost:8080/ZingWeb/faces/pages/home.jspx" "Mozilla/5.0 (X11; Ubuntu; Linux i686; rv:10.0.1) Gecko/20100101 Firefox/10.0.1"
0:0:0:0:0:0:0:1 -  -  [04/Jan/2014:02:48:58 +0000] "GET /ZingWeb/faces/images/box/center_box_top_500.jpg HTTP/1.1" 200 14628 "http://localhost:8080/ZingWeb/faces/pages/home.jspx" "Mozilla/5.0 (X11; Ubuntu; Linux i686; rv:10.0.1) Gecko/20100101 Firefox/10.0.1"
0:0:0:0:0:0:0:1 -  -  [04/Jan/2014:02:48:58 +0000] "GET /ZingWeb/faces/pages/CSS/style.css HTTP/1.1" 200 2550 "http://localhost:8080/ZingWeb/faces/pages/CSS/style.css" "Mozilla/5.0 (X11; Ubuntu; Linux i686; rv:10.0.1) Gecko/20100101 Firefox/10.0.1"
0:0:0:0:0:0:0:1 -  -  [04/Jan/2014:02:48:58 +0000] "GET /ZingWeb/faces/images/box/box_bottom_170.jpg HTTP/1.1" 200 1631 "http://localhost:8080/ZingWeb/faces/pages/home.jspx" "Mozilla/5.0 (X11; Ubuntu; Linux i686; rv:10.0.1) Gecko/20100101 Firefox/10.0.1"
0:0:0:0:0:0:0:1 -  -  [04/Jan/2014:02:48:58 +0000] "GET /ZingWeb/faces/images/box/box_top_170.jpg HTTP/1.1" 200 5778 "http://localhost:8080/ZingWeb/faces/pages/home.jspx" "Mozilla/5.0 (X11; Ubuntu; Linux i686; rv:10.0.1) Gecko/20100101 Firefox/10.0.1"
0:0:0:0:0:0:0:1 -  -  [04/Jan/2014:02:48:58 +0000] "GET /ZingWeb/faces/images/box/box_bottom_500.jpg HTTP/1.1" 200 2254 "http://localhost:8080/ZingWeb/faces/pages/home.jspx" "Mozilla/5.0 (X11; Ubuntu; Linux i686; rv:10.0.1) Gecko/20100101 Firefox/10.0.1"
0:0:0:0:0:0:0:1 -  -  [04/Jan/2014:02:48:58 +0000] "GET /ZingWeb/faces/images/box/box_center_280.jpg HTTP/1.1" 200 545 "http://localhost:8080/ZingWeb/faces/pages/home.jspx" "Mozilla/5.0 (X11; Ubuntu; Linux i686; rv:10.0.1) Gecko/20100101 Firefox/10.0.1"
0:0:0:0:0:0:0:1 -  -  [04/Jan/2014:02:48:58 +0000] "GET /ShindigWeb/css/style.css HTTP/1.1" 404 1410 "http://localhost:8080/ZingWeb/faces/pages/home.jspx" "Mozilla/5.0 (X11; Ubuntu; Linux i686; rv:10.0.1) Gecko/20100101 Firefox/10.0.1"
0:0:0:0:0:0:0:1 -  -  [04/Jan/2014:02:48:58 +0000] "GET /ZingWeb/faces/images/box/box_top_280.jpg HTTP/1.1" 200 8552 "http://localhost:8080/ZingWeb/faces/pages/home.jspx" "Mozilla/5.0 (X11; Ubuntu; Linux i686; rv:10.0.1) Gecko/20100101 Firefox/10.0.1"
0:0:0:0:0:0:0:1 -  -  [04/Jan/2014:02:48:58 +0000] "GET /ZingWeb/faces/images/box/box_bottom_280.jpg HTTP/1.1" 200 1405 "http://localhost:8080/ZingWeb/faces/pages/home.jspx" "Mozilla/5.0 (X11; Ubuntu; Linux i686; rv:10.0.1) Gecko/20100101 Firefox/10.0.1"
0:0:0:0:0:0:0:1 -  -  [04/Jan/2014:02:48:58 +0000] "GET /ZingWeb/faces/images/bottom.jpg HTTP/1.1" 200 9854 "http://localhost:8080/ZingWeb/faces/pages/home.jspx" "Mozilla/5.0 (X11; Ubuntu; Linux i686; rv:10.0.1) Gecko/20100101 Firefox/10.0.1"
0:0:0:0:0:0:0:1 -  -  [04/Jan/2014:02:49:52 +0000] "GET /ZingWeb/faces/pages/home.jspx HTTP/1.1" 302 0 "-" "Mozilla/5.0 (X11; Ubuntu; Linux i686; rv:10.0.1) Gecko/20100101 Firefox/10.0.1"
0:0:0:0:0:0:0:1 -  -  [04/Jan/2014:02:49:52 +0000] "GET /ZingWeb/faces/pages/login.jspx HTTP/1.1" 200 3869 "-" "Mozilla/5.0 (X11; Ubuntu; Linux i686; rv:10.0.1) Gecko/20100101 Firefox/10.0.1"
0:0:0:0:0:0:0:1 -  -  [04/Jan/2014:02:49:52 +0000] "GET /ZingWeb/faces/css/style.css HTTP/1.1" 200 5832 "http://localhost:8080/ZingWeb/faces/pages/login.jspx" "Mozilla/5.0 (X11; Ubuntu; Linux i686; rv:10.0.1) Gecko/20100101 Firefox/10.0.1"
0:0:0:0:0:0:0:1 -  -  [04/Jan/2014:02:49:52 +0000] "GET /ZingWeb/faces/Scripts/AC_RunActiveContent.js HTTP/1.1" 404 1424 "http://localhost:8080/ZingWeb/faces/pages/login.jspx" "Mozilla/5.0 (X11; Ubuntu; Linux i686; rv:10.0.1) Gecko/20100101 Firefox/10.0.1"
0:0:0:0:0:0:0:1 -  -  [04/Jan/2014:02:49:52 +0000] "GET /ZingWeb/faces/images/FORMBG.jpg HTTP/1.1" 200 33767 "http://localhost:8080/ZingWeb/faces/pages/login.jspx" "Mozilla/5.0 (X11; Ubuntu; Linux i686; rv:10.0.1) Gecko/20100101 Firefox/10.0.1"
0:0:0:0:0:0:0:1 -  -  [04/Jan/2014:02:50:38 +0000] "GET /ZingWeb/faces/pages/login.jspx HTTP/1.1" 200 3900 "-" "Mozilla/5.0 (X11; Ubuntu; Linux i686; rv:10.0.1) Gecko/20100101 Firefox/10.0.1"
0:0:0:0:0:0:0:1 -  -  [04/Jan/2014:02:50:39 +0000] "GET /ZingWeb/faces/css/style.css HTTP/1.1" 200 5832 "http://localhost:8080/ZingWeb/faces/pages/login.jspx" "Mozilla/5.0 (X11; Ubuntu; Linux i686; rv:10.0.1) Gecko/20100101 Firefox/10.0.1"
0:0:0:0:0:0:0:1 -  -  [04/Jan/2014:02:50:39 +0000] "GET /ZingWeb/faces/Scripts/AC_RunActiveContent.js HTTP/1.1" 404 1424 "http://localhost:8080/ZingWeb/faces/pages/login.jspx" "Mozilla/5.0 (X11; Ubuntu; Linux i686; rv:10.0.1) Gecko/20100101 Firefox/10.0.1"
0:0:0:0:0:0:0:1 -  -  [04/Jan/2014:02:50:39 +0000] "GET /ZingWeb/faces/images/FORMBG.jpg HTTP/1.1" 200 33767 "http://localhost:8080/ZingWeb/faces/pages/login.jspx" "Mozilla/5.0 (X11; Ubuntu; Linux i686; rv:10.0.1) Gecko/20100101 Firefox/10.0.1"
0:0:0:0:0:0:0:1 -  -  [04/Jan/2014:02:51:53 +0000] "GET /ZingWeb/faces/pages/login.jspx HTTP/1.1" 200 3910 "-" "Mozilla/5.0 (X11; Ubuntu; Linux i686; rv:10.0.1) Gecko/20100101 Firefox/10.0.1"
0:0:0:0:0:0:0:1 -  -  [04/Jan/2014:02:51:53 +0000] "GET /ZingWeb/faces/css/style.css HTTP/1.1" 200 5832 "http://localhost:8080/ZingWeb/faces/pages/login.jspx" "Mozilla/5.0 (X11; Ubuntu; Linux i686; rv:10.0.1) Gecko/20100101 Firefox/10.0.1"
0:0:0:0:0:0:0:1 -  -  [04/Jan/2014:02:51:53 +0000] "GET /ZingWeb/faces/Scripts/AC_RunActiveContent.js HTTP/1.1" 404 1424 "http://localhost:8080/ZingWeb/faces/pages/login.jspx" "Mozilla/5.0 (X11; Ubuntu; Linux i686; rv:10.0.1) Gecko/20100101 Firefox/10.0.1"
0:0:0:0:0:0:0:1 -  -  [04/Jan/2014:02:51:53 +0000] "GET /ZingWeb/faces/images/FORMBG.jpg HTTP/1.1" 200 33767 "http://localhost:8080/ZingWeb/faces/pages/login.jspx" "Mozilla/5.0 (X11; Ubuntu; Linux i686; rv:10.0.1) Gecko/20100101 Firefox/10.0.1"
0:0:0:0:0:0:0:1 -  -  [04/Jan/2014:03:11:00 +0000] "GET /ZingWeb/faces/pages/login.jspx HTTP/1.1" 200 3910 "-" "Mozilla/5.0 (X11; Ubuntu; Linux i686; rv:10.0.1) Gecko/20100101 Firefox/10.0.1"
0:0:0:0:0:0:0:1 -  -  [04/Jan/2014:03:11:00 +0000] "GET /ZingWeb/faces/css/style.css HTTP/1.1" 200 5832 "http://localhost:8080/ZingWeb/faces/pages/login.jspx" "Mozilla/5.0 (X11; Ubuntu; Linux i686; rv:10.0.1) Gecko/20100101 Firefox/10.0.1"
0:0:0:0:0:0:0:1 -  -  [04/Jan/2014:03:11:00 +0000] "GET /ZingWeb/faces/Scripts/AC_RunActiveContent.js HTTP/1.1" 404 1424 "http://localhost:8080/ZingWeb/faces/pages/login.jspx" "Mozilla/5.0 (X11; Ubuntu; Linux i686; rv:10.0.1) Gecko/20100101 Firefox/10.0.1"
0:0:0:0:0:0:0:1 -  -  [04/Jan/2014:03:11:00 +0000] "GET /ZingWeb/faces/images/FORMBG.jpg HTTP/1.1" 200 33767 "http://localhost:8080/ZingWeb/faces/pages/login.jspx" "Mozilla/5.0 (X11; Ubuntu; Linux i686; rv:10.0.1) Gecko/20100101 Firefox/10.0.1"
0:0:0:0:0:0:0:1 -  -  [04/Jan/2014:03:11:09 +0000] "POST /ZingWeb/faces/pages/login.jspx HTTP/1.1" 200 18002 "http://localhost:8080/ZingWeb/faces/pages/login.jspx" "Mozilla/5.0 (X11; Ubuntu; Linux i686; rv:10.0.1) Gecko/20100101 Firefox/10.0.1"
0:0:0:0:0:0:0:1 -  -  [04/Jan/2014:03:11:10 +0000] "GET /ZingWeb/faces/css/style.css HTTP/1.1" 200 5832 "http://localhost:8080/ZingWeb/faces/pages/login.jspx" "Mozilla/5.0 (X11; Ubuntu; Linux i686; rv:10.0.1) Gecko/20100101 Firefox/10.0.1"
0:0:0:0:0:0:0:1 -  -  [04/Jan/2014:03:11:10 +0000] "GET /ZingWeb/faces/css/table.css HTTP/1.1" 200 270 "http://localhost:8080/ZingWeb/faces/pages/login.jspx" "Mozilla/5.0 (X11; Ubuntu; Linux i686; rv:10.0.1) Gecko/20100101 Firefox/10.0.1"
0:0:0:0:0:0:0:1 -  -  [04/Jan/2014:03:11:10 +0000] "GET /ZingWeb/faces/images/spicetitle.jpg HTTP/1.1" 200 3017 "http://localhost:8080/ZingWeb/faces/pages/login.jspx" "Mozilla/5.0 (X11; Ubuntu; Linux i686; rv:10.0.1) Gecko/20100101 Firefox/10.0.1"
0:0:0:0:0:0:0:1 -  -  [04/Jan/2014:03:11:10 +0000] "GET /ZingWeb/faces/images/plus2.gif HTTP/1.1" 200 91 "http://localhost:8080/ZingWeb/faces/pages/login.jspx" "Mozilla/5.0 (X11; Ubuntu; Linux i686; rv:10.0.1) Gecko/20100101 Firefox/10.0.1"
0:0:0:0:0:0:0:1 -  -  [04/Jan/2014:03:11:10 +0000] "GET /ZingWeb/faces/images/box/box_bottom_500.jpg HTTP/1.1" 200 2254 "http://localhost:8080/ZingWeb/faces/pages/login.jspx" "Mozilla/5.0 (X11; Ubuntu; Linux i686; rv:10.0.1) Gecko/20100101 Firefox/10.0.1"
0:0:0:0:0:0:0:1 -  -  [04/Jan/2014:03:11:10 +0000] "GET /ZingWeb/faces/pages/CSS/table.css HTTP/1.1" 200 270 "http://localhost:8080/ZingWeb/faces/pages/login.jspx" "Mozilla/5.0 (X11; Ubuntu; Linux i686; rv:10.0.1) Gecko/20100101 Firefox/10.0.1"
0:0:0:0:0:0:0:1 -  -  [04/Jan/2014:03:11:10 +0000] "GET /ZingWeb/faces/js/showApplication.js HTTP/1.1" 200 256 "http://localhost:8080/ZingWeb/faces/pages/login.jspx" "Mozilla/5.0 (X11; Ubuntu; Linux i686; rv:10.0.1) Gecko/20100101 Firefox/10.0.1"
0:0:0:0:0:0:0:1 -  -  [04/Jan/2014:03:11:10 +0000] "GET /ZingWeb/faces/images/box/center_box_top_500.jpg HTTP/1.1" 200 14628 "http://localhost:8080/ZingWeb/faces/pages/login.jspx" "Mozilla/5.0 (X11; Ubuntu; Linux i686; rv:10.0.1) Gecko/20100101 Firefox/10.0.1"
0:0:0:0:0:0:0:1 -  -  [04/Jan/2014:03:11:10 +0000] "GET /ZingWeb/faces/images/box/box_center_280.jpg HTTP/1.1" 200 545 "http://localhost:8080/ZingWeb/faces/pages/login.jspx" "Mozilla/5.0 (X11; Ubuntu; Linux i686; rv:10.0.1) Gecko/20100101 Firefox/10.0.1"
0:0:0:0:0:0:0:1 -  -  [04/Jan/2014:03:11:10 +0000] "GET /ZingWeb/faces/pages/CSS/style.css HTTP/1.1" 200 2550 "http://localhost:8080/ZingWeb/faces/pages/login.jspx" "Mozilla/5.0 (X11; Ubuntu; Linux i686; rv:10.0.1) Gecko/20100101 Firefox/10.0.1"
0:0:0:0:0:0:0:1 -  -  [04/Jan/2014:03:11:10 +0000] "GET /ShindigWeb/css/style.css HTTP/1.1" 404 1410 "http://localhost:8080/ZingWeb/faces/pages/login.jspx" "Mozilla/5.0 (X11; Ubuntu; Linux i686; rv:10.0.1) Gecko/20100101 Firefox/10.0.1"
0:0:0:0:0:0:0:1 -  -  [04/Jan/2014:03:11:10 +0000] "GET /ZingWeb/faces/images/table/table_top_bg.jpg HTTP/1.1" 200 581 "http://localhost:8080/ZingWeb/faces/css/style.css" "Mozilla/5.0 (X11; Ubuntu; Linux i686; rv:10.0.1) Gecko/20100101 Firefox/10.0.1"
0:0:0:0:0:0:0:1 -  -  [04/Jan/2014:03:11:10 +0000] "GET /ZingWeb/images/default.jpg HTTP/1.1" 304 0 "http://localhost:8080/ZingWeb/faces/pages/login.jspx" "Mozilla/5.0 (X11; Ubuntu; Linux i686; rv:10.0.1) Gecko/20100101 Firefox/10.0.1"
0:0:0:0:0:0:0:1 -  -  [04/Jan/2014:03:11:10 +0000] "GET /ZingWeb/faces/pages/CSS/style.css HTTP/1.1" 200 2550 "http://localhost:8080/ZingWeb/faces/pages/CSS/style.css" "Mozilla/5.0 (X11; Ubuntu; Linux i686; rv:10.0.1) Gecko/20100101 Firefox/10.0.1"
0:0:0:0:0:0:0:1 -  -  [04/Jan/2014:03:11:10 +0000] "GET /ZingWeb/faces/images/box/box_bottom_170.jpg HTTP/1.1" 200 1631 "http://localhost:8080/ZingWeb/faces/pages/login.jspx" "Mozilla/5.0 (X11; Ubuntu; Linux i686; rv:10.0.1) Gecko/20100101 Firefox/10.0.1"
0:0:0:0:0:0:0:1 -  -  [04/Jan/2014:03:11:10 +0000] "GET /ZingWeb/faces/images/box/box_top_170.jpg HTTP/1.1" 200 5778 "http://localhost:8080/ZingWeb/faces/pages/login.jspx" "Mozilla/5.0 (X11; Ubuntu; Linux i686; rv:10.0.1) Gecko/20100101 Firefox/10.0.1"
0:0:0:0:0:0:0:1 -  -  [04/Jan/2014:03:11:10 +0000] "GET /ShindigWeb/css/style.css HTTP/1.1" 404 1410 "http://localhost:8080/ZingWeb/faces/pages/login.jspx" "Mozilla/5.0 (X11; Ubuntu; Linux i686; rv:10.0.1) Gecko/20100101 Firefox/10.0.1"
0:0:0:0:0:0:0:1 -  -  [04/Jan/2014:03:11:10 +0000] "GET /ZingWeb/faces/images/box/box_top_280.jpg HTTP/1.1" 200 8552 "http://localhost:8080/ZingWeb/faces/pages/login.jspx" "Mozilla/5.0 (X11; Ubuntu; Linux i686; rv:10.0.1) Gecko/20100101 Firefox/10.0.1"
0:0:0:0:0:0:0:1 -  -  [04/Jan/2014:03:11:10 +0000] "GET /ZingWeb/faces/images/box/box_bottom_280.jpg HTTP/1.1" 200 1405 "http://localhost:8080/ZingWeb/faces/pages/login.jspx" "Mozilla/5.0 (X11; Ubuntu; Linux i686; rv:10.0.1) Gecko/20100101 Firefox/10.0.1"
0:0:0:0:0:0:0:1 -  -  [04/Jan/2014:03:11:10 +0000] "GET /ZingWeb/faces/images/bottom.jpg HTTP/1.1" 200 9854 "http://localhost:8080/ZingWeb/faces/pages/login.jspx" "Mozilla/5.0 (X11; Ubuntu; Linux i686; rv:10.0.1) Gecko/20100101 Firefox/10.0.1"
0:0:0:0:0:0:0:1 -  -  [04/Jan/2014:03:12:47 +0000] "GET /ZingWeb/faces/pages/login.jspx HTTP/1.1" 200 3910 "-" "Mozilla/5.0 (X11; Ubuntu; Linux i686; rv:10.0.1) Gecko/20100101 Firefox/10.0.1"
0:0:0:0:0:0:0:1 -  -  [04/Jan/2014:03:12:48 +0000] "GET /ZingWeb/faces/css/style.css HTTP/1.1" 200 5832 "http://localhost:8080/ZingWeb/faces/pages/login.jspx" "Mozilla/5.0 (X11; Ubuntu; Linux i686; rv:10.0.1) Gecko/20100101 Firefox/10.0.1"
0:0:0:0:0:0:0:1 -  -  [04/Jan/2014:03:12:48 +0000] "GET /ZingWeb/faces/Scripts/AC_RunActiveContent.js HTTP/1.1" 404 1424 "http://localhost:8080/ZingWeb/faces/pages/login.jspx" "Mozilla/5.0 (X11; Ubuntu; Linux i686; rv:10.0.1) Gecko/20100101 Firefox/10.0.1"
0:0:0:0:0:0:0:1 -  -  [04/Jan/2014:03:12:48 +0000] "GET /ZingWeb/faces/images/FORMBG.jpg HTTP/1.1" 200 33767 "http://localhost:8080/ZingWeb/faces/pages/login.jspx" "Mozilla/5.0 (X11; Ubuntu; Linux i686; rv:10.0.1) Gecko/20100101 Firefox/10.0.1"
0:0:0:0:0:0:0:1 -  -  [04/Jan/2014:03:12:55 +0000] "POST /ZingWeb/faces/pages/login.jspx HTTP/1.1" 200 18002 "http://localhost:8080/ZingWeb/faces/pages/login.jspx" "Mozilla/5.0 (X11; Ubuntu; Linux i686; rv:10.0.1) Gecko/20100101 Firefox/10.0.1"
0:0:0:0:0:0:0:1 -  -  [04/Jan/2014:03:12:56 +0000] "GET /ZingWeb/faces/css/style.css HTTP/1.1" 200 5832 "http://localhost:8080/ZingWeb/faces/pages/login.jspx" "Mozilla/5.0 (X11; Ubuntu; Linux i686; rv:10.0.1) Gecko/20100101 Firefox/10.0.1"
0:0:0:0:0:0:0:1 -  -  [04/Jan/2014:03:12:56 +0000] "GET /ZingWeb/faces/js/showApplication.js HTTP/1.1" 200 256 "http://localhost:8080/ZingWeb/faces/pages/login.jspx" "Mozilla/5.0 (X11; Ubuntu; Linux i686; rv:10.0.1) Gecko/20100101 Firefox/10.0.1"
0:0:0:0:0:0:0:1 -  -  [04/Jan/2014:03:12:56 +0000] "GET /ZingWeb/faces/pages/CSS/style.css HTTP/1.1" 200 2550 "http://localhost:8080/ZingWeb/faces/pages/login.jspx" "Mozilla/5.0 (X11; Ubuntu; Linux i686; rv:10.0.1) Gecko/20100101 Firefox/10.0.1"
0:0:0:0:0:0:0:1 -  -  [04/Jan/2014:03:12:56 +0000] "GET /ShindigWeb/css/style.css HTTP/1.1" 404 1410 "http://localhost:8080/ZingWeb/faces/pages/login.jspx" "Mozilla/5.0 (X11; Ubuntu; Linux i686; rv:10.0.1) Gecko/20100101 Firefox/10.0.1"
0:0:0:0:0:0:0:1 -  -  [04/Jan/2014:03:12:56 +0000] "GET /ZingWeb/faces/pages/CSS/table.css HTTP/1.1" 200 270 "http://localhost:8080/ZingWeb/faces/pages/login.jspx" "Mozilla/5.0 (X11; Ubuntu; Linux i686; rv:10.0.1) Gecko/20100101 Firefox/10.0.1"
0:0:0:0:0:0:0:1 -  -  [04/Jan/2014:03:12:56 +0000] "GET /ZingWeb/faces/css/table.css HTTP/1.1" 200 270 "http://localhost:8080/ZingWeb/faces/pages/login.jspx" "Mozilla/5.0 (X11; Ubuntu; Linux i686; rv:10.0.1) Gecko/20100101 Firefox/10.0.1"
0:0:0:0:0:0:0:1 -  -  [04/Jan/2014:03:12:56 +0000] "GET /ZingWeb/faces/images/spicetitle.jpg HTTP/1.1" 200 3017 "http://localhost:8080/ZingWeb/faces/pages/login.jspx" "Mozilla/5.0 (X11; Ubuntu; Linux i686; rv:10.0.1) Gecko/20100101 Firefox/10.0.1"
0:0:0:0:0:0:0:1 -  -  [04/Jan/2014:03:12:56 +0000] "GET /ZingWeb/faces/images/table/table_top_bg.jpg HTTP/1.1" 200 581 "http://localhost:8080/ZingWeb/faces/css/style.css" "Mozilla/5.0 (X11; Ubuntu; Linux i686; rv:10.0.1) Gecko/20100101 Firefox/10.0.1"
0:0:0:0:0:0:0:1 -  -  [04/Jan/2014:03:12:56 +0000] "GET /ZingWeb/images/default.jpg HTTP/1.1" 304 0 "http://localhost:8080/ZingWeb/faces/pages/login.jspx" "Mozilla/5.0 (X11; Ubuntu; Linux i686; rv:10.0.1) Gecko/20100101 Firefox/10.0.1"
0:0:0:0:0:0:0:1 -  -  [04/Jan/2014:03:12:56 +0000] "GET /ZingWeb/faces/images/plus2.gif HTTP/1.1" 200 91 "http://localhost:8080/ZingWeb/faces/pages/login.jspx" "Mozilla/5.0 (X11; Ubuntu; Linux i686; rv:10.0.1) Gecko/20100101 Firefox/10.0.1"
0:0:0:0:0:0:0:1 -  -  [04/Jan/2014:03:12:56 +0000] "GET /ZingWeb/faces/images/box/center_box_top_500.jpg HTTP/1.1" 200 14628 "http://localhost:8080/ZingWeb/faces/pages/login.jspx" "Mozilla/5.0 (X11; Ubuntu; Linux i686; rv:10.0.1) Gecko/20100101 Firefox/10.0.1"
0:0:0:0:0:0:0:1 -  -  [04/Jan/2014:03:12:56 +0000] "GET /ZingWeb/faces/images/box/box_center_280.jpg HTTP/1.1" 200 545 "http://localhost:8080/ZingWeb/faces/pages/login.jspx" "Mozilla/5.0 (X11; Ubuntu; Linux i686; rv:10.0.1) Gecko/20100101 Firefox/10.0.1"
0:0:0:0:0:0:0:1 -  -  [04/Jan/2014:03:12:56 +0000] "GET /ZingWeb/faces/images/box/box_bottom_500.jpg HTTP/1.1" 200 2254 "http://localhost:8080/ZingWeb/faces/pages/login.jspx" "Mozilla/5.0 (X11; Ubuntu; Linux i686; rv:10.0.1) Gecko/20100101 Firefox/10.0.1"
0:0:0:0:0:0:0:1 -  -  [04/Jan/2014:03:12:56 +0000] "GET /ShindigWeb/css/style.css HTTP/1.1" 404 1410 "http://localhost:8080/ZingWeb/faces/pages/login.jspx" "Mozilla/5.0 (X11; Ubuntu; Linux i686; rv:10.0.1) Gecko/20100101 Firefox/10.0.1"
0:0:0:0:0:0:0:1 -  -  [04/Jan/2014:03:12:56 +0000] "GET /ZingWeb/faces/images/box/box_top_280.jpg HTTP/1.1" 200 8552 "http://localhost:8080/ZingWeb/faces/pages/login.jspx" "Mozilla/5.0 (X11; Ubuntu; Linux i686; rv:10.0.1) Gecko/20100101 Firefox/10.0.1"
0:0:0:0:0:0:0:1 -  -  [04/Jan/2014:03:12:56 +0000] "GET /ZingWeb/faces/images/box/box_bottom_280.jpg HTTP/1.1" 200 1405 "http://localhost:8080/ZingWeb/faces/pages/login.jspx" "Mozilla/5.0 (X11; Ubuntu; Linux i686; rv:10.0.1) Gecko/20100101 Firefox/10.0.1"
0:0:0:0:0:0:0:1 -  -  [04/Jan/2014:03:12:56 +0000] "GET /ZingWeb/faces/images/box/box_top_170.jpg HTTP/1.1" 200 5778 "http://localhost:8080/ZingWeb/faces/pages/login.jspx" "Mozilla/5.0 (X11; Ubuntu; Linux i686; rv:10.0.1) Gecko/20100101 Firefox/10.0.1"
0:0:0:0:0:0:0:1 -  -  [04/Jan/2014:03:12:56 +0000] "GET /ZingWeb/faces/images/box/box_bottom_170.jpg HTTP/1.1" 200 1631 "http://localhost:8080/ZingWeb/faces/pages/login.jspx" "Mozilla/5.0 (X11; Ubuntu; Linux i686; rv:10.0.1) Gecko/20100101 Firefox/10.0.1"
0:0:0:0:0:0:0:1 -  -  [04/Jan/2014:03:12:56 +0000] "GET /ZingWeb/faces/pages/CSS/style.css HTTP/1.1" 200 2550 "http://localhost:8080/ZingWeb/faces/pages/CSS/style.css" "Mozilla/5.0 (X11; Ubuntu; Linux i686; rv:10.0.1) Gecko/20100101 Firefox/10.0.1"
0:0:0:0:0:0:0:1 -  -  [04/Jan/2014:03:12:56 +0000] "GET /ZingWeb/faces/images/bottom.jpg HTTP/1.1" 200 9854 "http://localhost:8080/ZingWeb/faces/pages/login.jspx" "Mozilla/5.0 (X11; Ubuntu; Linux i686; rv:10.0.1) Gecko/20100101 Firefox/10.0.1"
0:0:0:0:0:0:0:1 -  -  [04/Jan/2014:03:31:11 +0000] "GET /ZingWeb/faces/pages/login.jspx HTTP/1.1" 200 3910 "-" "Mozilla/5.0 (X11; Ubuntu; Linux i686; rv:10.0.1) Gecko/20100101 Firefox/10.0.1"
0:0:0:0:0:0:0:1 -  -  [04/Jan/2014:03:31:11 +0000] "GET /ZingWeb/faces/css/style.css HTTP/1.1" 200 5832 "http://localhost:8080/ZingWeb/faces/pages/login.jspx" "Mozilla/5.0 (X11; Ubuntu; Linux i686; rv:10.0.1) Gecko/20100101 Firefox/10.0.1"
0:0:0:0:0:0:0:1 -  -  [04/Jan/2014:03:31:11 +0000] "GET /ZingWeb/faces/Scripts/AC_RunActiveContent.js HTTP/1.1" 404 1424 "http://localhost:8080/ZingWeb/faces/pages/login.jspx" "Mozilla/5.0 (X11; Ubuntu; Linux i686; rv:10.0.1) Gecko/20100101 Firefox/10.0.1"
0:0:0:0:0:0:0:1 -  -  [04/Jan/2014:03:31:11 +0000] "GET /ZingWeb/faces/images/FORMBG.jpg HTTP/1.1" 200 33767 "http://localhost:8080/ZingWeb/faces/pages/login.jspx" "Mozilla/5.0 (X11; Ubuntu; Linux i686; rv:10.0.1) Gecko/20100101 Firefox/10.0.1"
0:0:0:0:0:0:0:1 -  -  [04/Jan/2014:03:31:16 +0000] "POST /ZingWeb/faces/pages/login.jspx HTTP/1.1" 200 3965 "http://localhost:8080/ZingWeb/faces/pages/login.jspx" "Mozilla/5.0 (X11; Ubuntu; Linux i686; rv:10.0.1) Gecko/20100101 Firefox/10.0.1"
0:0:0:0:0:0:0:1 -  -  [04/Jan/2014:03:31:16 +0000] "GET /ZingWeb/faces/css/style.css HTTP/1.1" 200 5832 "http://localhost:8080/ZingWeb/faces/pages/login.jspx" "Mozilla/5.0 (X11; Ubuntu; Linux i686; rv:10.0.1) Gecko/20100101 Firefox/10.0.1"
0:0:0:0:0:0:0:1 -  -  [04/Jan/2014:03:31:16 +0000] "GET /ZingWeb/faces/Scripts/AC_RunActiveContent.js HTTP/1.1" 404 1424 "http://localhost:8080/ZingWeb/faces/pages/login.jspx" "Mozilla/5.0 (X11; Ubuntu; Linux i686; rv:10.0.1) Gecko/20100101 Firefox/10.0.1"
0:0:0:0:0:0:0:1 -  -  [04/Jan/2014:03:31:16 +0000] "GET /ZingWeb/faces/images/FORMBG.jpg HTTP/1.1" 200 33767 "http://localhost:8080/ZingWeb/faces/pages/login.jspx" "Mozilla/5.0 (X11; Ubuntu; Linux i686; rv:10.0.1) Gecko/20100101 Firefox/10.0.1"
0:0:0:0:0:0:0:1 -  -  [04/Jan/2014:03:31:24 +0000] "POST /ZingWeb/faces/pages/login.jspx HTTP/1.1" 200 18002 "http://localhost:8080/ZingWeb/faces/pages/login.jspx" "Mozilla/5.0 (X11; Ubuntu; Linux i686; rv:10.0.1) Gecko/20100101 Firefox/10.0.1"
0:0:0:0:0:0:0:1 -  -  [04/Jan/2014:03:31:24 +0000] "GET /ZingWeb/faces/css/style.css HTTP/1.1" 200 5832 "http://localhost:8080/ZingWeb/faces/pages/login.jspx" "Mozilla/5.0 (X11; Ubuntu; Linux i686; rv:10.0.1) Gecko/20100101 Firefox/10.0.1"
0:0:0:0:0:0:0:1 -  -  [04/Jan/2014:03:31:24 +0000] "GET /ZingWeb/faces/js/showApplication.js HTTP/1.1" 200 256 "http://localhost:8080/ZingWeb/faces/pages/login.jspx" "Mozilla/5.0 (X11; Ubuntu; Linux i686; rv:10.0.1) Gecko/20100101 Firefox/10.0.1"
0:0:0:0:0:0:0:1 -  -  [04/Jan/2014:03:31:24 +0000] "GET /ShindigWeb/css/style.css HTTP/1.1" 404 1410 "http://localhost:8080/ZingWeb/faces/pages/login.jspx" "Mozilla/5.0 (X11; Ubuntu; Linux i686; rv:10.0.1) Gecko/20100101 Firefox/10.0.1"
0:0:0:0:0:0:0:1 -  -  [04/Jan/2014:03:31:24 +0000] "GET /ZingWeb/faces/pages/CSS/table.css HTTP/1.1" 200 270 "http://localhost:8080/ZingWeb/faces/pages/login.jspx" "Mozilla/5.0 (X11; Ubuntu; Linux i686; rv:10.0.1) Gecko/20100101 Firefox/10.0.1"
0:0:0:0:0:0:0:1 -  -  [04/Jan/2014:03:31:24 +0000] "GET /ZingWeb/faces/css/table.css HTTP/1.1" 200 270 "http://localhost:8080/ZingWeb/faces/pages/login.jspx" "Mozilla/5.0 (X11; Ubuntu; Linux i686; rv:10.0.1) Gecko/20100101 Firefox/10.0.1"
0:0:0:0:0:0:0:1 -  -  [04/Jan/2014:03:31:24 +0000] "GET /ZingWeb/faces/pages/CSS/style.css HTTP/1.1" 200 2550 "http://localhost:8080/ZingWeb/faces/pages/login.jspx" "Mozilla/5.0 (X11; Ubuntu; Linux i686; rv:10.0.1) Gecko/20100101 Firefox/10.0.1"
0:0:0:0:0:0:0:1 -  -  [04/Jan/2014:03:31:24 +0000] "GET /ZingWeb/faces/images/spicetitle.jpg HTTP/1.1" 200 3017 "http://localhost:8080/ZingWeb/faces/pages/login.jspx" "Mozilla/5.0 (X11; Ubuntu; Linux i686; rv:10.0.1) Gecko/20100101 Firefox/10.0.1"
0:0:0:0:0:0:0:1 -  -  [04/Jan/2014:03:31:24 +0000] "GET /ZingWeb/faces/images/table/table_top_bg.jpg HTTP/1.1" 200 581 "http://localhost:8080/ZingWeb/faces/css/style.css" "Mozilla/5.0 (X11; Ubuntu; Linux i686; rv:10.0.1) Gecko/20100101 Firefox/10.0.1"
0:0:0:0:0:0:0:1 -  -  [04/Jan/2014:03:31:24 +0000] "GET /ZingWeb/images/default.jpg HTTP/1.1" 304 0 "http://localhost:8080/ZingWeb/faces/pages/login.jspx" "Mozilla/5.0 (X11; Ubuntu; Linux i686; rv:10.0.1) Gecko/20100101 Firefox/10.0.1"
0:0:0:0:0:0:0:1 -  -  [04/Jan/2014:03:31:24 +0000] "GET /ZingWeb/faces/images/plus2.gif HTTP/1.1" 200 91 "http://localhost:8080/ZingWeb/faces/pages/login.jspx" "Mozilla/5.0 (X11; Ubuntu; Linux i686; rv:10.0.1) Gecko/20100101 Firefox/10.0.1"
0:0:0:0:0:0:0:1 -  -  [04/Jan/2014:03:31:24 +0000] "GET /ZingWeb/faces/images/box/center_box_top_500.jpg HTTP/1.1" 200 14628 "http://localhost:8080/ZingWeb/faces/pages/login.jspx" "Mozilla/5.0 (X11; Ubuntu; Linux i686; rv:10.0.1) Gecko/20100101 Firefox/10.0.1"
0:0:0:0:0:0:0:1 -  -  [04/Jan/2014:03:31:24 +0000] "GET /ZingWeb/faces/images/box/box_center_280.jpg HTTP/1.1" 200 545 "http://localhost:8080/ZingWeb/faces/pages/login.jspx" "Mozilla/5.0 (X11; Ubuntu; Linux i686; rv:10.0.1) Gecko/20100101 Firefox/10.0.1"
0:0:0:0:0:0:0:1 -  -  [04/Jan/2014:03:31:24 +0000] "GET /ZingWeb/faces/images/box/box_bottom_500.jpg HTTP/1.1" 200 2254 "http://localhost:8080/ZingWeb/faces/pages/login.jspx" "Mozilla/5.0 (X11; Ubuntu; Linux i686; rv:10.0.1) Gecko/20100101 Firefox/10.0.1"
0:0:0:0:0:0:0:1 -  -  [04/Jan/2014:03:31:24 +0000] "GET /ZingWeb/faces/pages/CSS/style.css HTTP/1.1" 200 2550 "http://localhost:8080/ZingWeb/faces/pages/CSS/style.css" "Mozilla/5.0 (X11; Ubuntu; Linux i686; rv:10.0.1) Gecko/20100101 Firefox/10.0.1"
0:0:0:0:0:0:0:1 -  -  [04/Jan/2014:03:31:24 +0000] "GET /ZingWeb/faces/images/box/box_top_170.jpg HTTP/1.1" 200 5778 "http://localhost:8080/ZingWeb/faces/pages/login.jspx" "Mozilla/5.0 (X11; Ubuntu; Linux i686; rv:10.0.1) Gecko/20100101 Firefox/10.0.1"
0:0:0:0:0:0:0:1 -  -  [04/Jan/2014:03:31:24 +0000] "GET /ZingWeb/faces/images/box/box_bottom_170.jpg HTTP/1.1" 200 1631 "http://localhost:8080/ZingWeb/faces/pages/login.jspx" "Mozilla/5.0 (X11; Ubuntu; Linux i686; rv:10.0.1) Gecko/20100101 Firefox/10.0.1"
0:0:0:0:0:0:0:1 -  -  [04/Jan/2014:03:31:24 +0000] "GET /ShindigWeb/css/style.css HTTP/1.1" 404 1410 "http://localhost:8080/ZingWeb/faces/pages/login.jspx" "Mozilla/5.0 (X11; Ubuntu; Linux i686; rv:10.0.1) Gecko/20100101 Firefox/10.0.1"
0:0:0:0:0:0:0:1 -  -  [04/Jan/2014:03:31:24 +0000] "GET /ZingWeb/faces/images/box/box_top_280.jpg HTTP/1.1" 200 8552 "http://localhost:8080/ZingWeb/faces/pages/login.jspx" "Mozilla/5.0 (X11; Ubuntu; Linux i686; rv:10.0.1) Gecko/20100101 Firefox/10.0.1"
0:0:0:0:0:0:0:1 -  -  [04/Jan/2014:03:31:24 +0000] "GET /ZingWeb/faces/images/box/box_bottom_280.jpg HTTP/1.1" 200 1405 "http://localhost:8080/ZingWeb/faces/pages/login.jspx" "Mozilla/5.0 (X11; Ubuntu; Linux i686; rv:10.0.1) Gecko/20100101 Firefox/10.0.1"
0:0:0:0:0:0:0:1 -  -  [04/Jan/2014:03:31:24 +0000] "GET /ZingWeb/faces/images/bottom.jpg HTTP/1.1" 200 9854 "http://localhost:8080/ZingWeb/faces/pages/login.jspx" "Mozilla/5.0 (X11; Ubuntu; Linux i686; rv:10.0.1) Gecko/20100101 Firefox/10.0.1"
0:0:0:0:0:0:0:1 -  -  [04/Jan/2014:03:35:27 +0000] "GET /ZingWeb/faces/pages/login.jspx HTTP/1.1" 200 3910 "-" "Mozilla/5.0 (X11; Ubuntu; Linux i686; rv:10.0.1) Gecko/20100101 Firefox/10.0.1"
0:0:0:0:0:0:0:1 -  -  [04/Jan/2014:03:35:28 +0000] "GET /ZingWeb/faces/css/style.css HTTP/1.1" 200 5832 "http://localhost:8080/ZingWeb/faces/pages/login.jspx" "Mozilla/5.0 (X11; Ubuntu; Linux i686; rv:10.0.1) Gecko/20100101 Firefox/10.0.1"
0:0:0:0:0:0:0:1 -  -  [04/Jan/2014:03:35:28 +0000] "GET /ZingWeb/faces/Scripts/AC_RunActiveContent.js HTTP/1.1" 404 1424 "http://localhost:8080/ZingWeb/faces/pages/login.jspx" "Mozilla/5.0 (X11; Ubuntu; Linux i686; rv:10.0.1) Gecko/20100101 Firefox/10.0.1"
0:0:0:0:0:0:0:1 -  -  [04/Jan/2014:03:35:28 +0000] "GET /ZingWeb/faces/images/FORMBG.jpg HTTP/1.1" 200 33767 "http://localhost:8080/ZingWeb/faces/pages/login.jspx" "Mozilla/5.0 (X11; Ubuntu; Linux i686; rv:10.0.1) Gecko/20100101 Firefox/10.0.1"
0:0:0:0:0:0:0:1 -  -  [04/Jan/2014:03:35:36 +0000] "POST /ZingWeb/faces/pages/login.jspx HTTP/1.1" 200 18002 "http://localhost:8080/ZingWeb/faces/pages/login.jspx" "Mozilla/5.0 (X11; Ubuntu; Linux i686; rv:10.0.1) Gecko/20100101 Firefox/10.0.1"
0:0:0:0:0:0:0:1 -  -  [04/Jan/2014:03:35:37 +0000] "GET /ZingWeb/faces/css/style.css HTTP/1.1" 200 5832 "http://localhost:8080/ZingWeb/faces/pages/login.jspx" "Mozilla/5.0 (X11; Ubuntu; Linux i686; rv:10.0.1) Gecko/20100101 Firefox/10.0.1"
0:0:0:0:0:0:0:1 -  -  [04/Jan/2014:03:35:37 +0000] "GET /ZingWeb/faces/css/table.css HTTP/1.1" 200 270 "http://localhost:8080/ZingWeb/faces/pages/login.jspx" "Mozilla/5.0 (X11; Ubuntu; Linux i686; rv:10.0.1) Gecko/20100101 Firefox/10.0.1"
0:0:0:0:0:0:0:1 -  -  [04/Jan/2014:03:35:37 +0000] "GET /ZingWeb/faces/pages/CSS/style.css HTTP/1.1" 200 2550 "http://localhost:8080/ZingWeb/faces/pages/login.jspx" "Mozilla/5.0 (X11; Ubuntu; Linux i686; rv:10.0.1) Gecko/20100101 Firefox/10.0.1"
0:0:0:0:0:0:0:1 -  -  [04/Jan/2014:03:35:37 +0000] "GET /ShindigWeb/css/style.css HTTP/1.1" 404 1410 "http://localhost:8080/ZingWeb/faces/pages/login.jspx" "Mozilla/5.0 (X11; Ubuntu; Linux i686; rv:10.0.1) Gecko/20100101 Firefox/10.0.1"
0:0:0:0:0:0:0:1 -  -  [04/Jan/2014:03:35:37 +0000] "GET /ZingWeb/faces/pages/CSS/table.css HTTP/1.1" 200 270 "http://localhost:8080/ZingWeb/faces/pages/login.jspx" "Mozilla/5.0 (X11; Ubuntu; Linux i686; rv:10.0.1) Gecko/20100101 Firefox/10.0.1"
0:0:0:0:0:0:0:1 -  -  [04/Jan/2014:03:35:37 +0000] "GET /ZingWeb/faces/js/showApplication.js HTTP/1.1" 200 256 "http://localhost:8080/ZingWeb/faces/pages/login.jspx" "Mozilla/5.0 (X11; Ubuntu; Linux i686; rv:10.0.1) Gecko/20100101 Firefox/10.0.1"
0:0:0:0:0:0:0:1 -  -  [04/Jan/2014:03:35:37 +0000] "GET /ShindigWeb/css/style.css HTTP/1.1" 404 1410 "http://localhost:8080/ZingWeb/faces/pages/login.jspx" "Mozilla/5.0 (X11; Ubuntu; Linux i686; rv:10.0.1) Gecko/20100101 Firefox/10.0.1"
0:0:0:0:0:0:0:1 -  -  [04/Jan/2014:03:35:37 +0000] "GET /ZingWeb/faces/pages/CSS/style.css HTTP/1.1" 200 2550 "http://localhost:8080/ZingWeb/faces/pages/CSS/style.css" "Mozilla/5.0 (X11; Ubuntu; Linux i686; rv:10.0.1) Gecko/20100101 Firefox/10.0.1"
0:0:0:0:0:0:0:1 -  -  [04/Jan/2014:03:36:28 +0000] "POST /ZingWeb/faces/pages/home.jspx HTTP/1.1" 200 3910 "http://localhost:8080/ZingWeb/faces/pages/login.jspx" "Mozilla/5.0 (X11; Ubuntu; Linux i686; rv:10.0.1) Gecko/20100101 Firefox/10.0.1"
0:0:0:0:0:0:0:1 -  -  [04/Jan/2014:03:36:28 +0000] "GET /ZingWeb/faces/css/style.css HTTP/1.1" 200 5832 "http://localhost:8080/ZingWeb/faces/pages/home.jspx" "Mozilla/5.0 (X11; Ubuntu; Linux i686; rv:10.0.1) Gecko/20100101 Firefox/10.0.1"
0:0:0:0:0:0:0:1 -  -  [04/Jan/2014:03:36:28 +0000] "GET /ZingWeb/faces/Scripts/AC_RunActiveContent.js HTTP/1.1" 404 1424 "http://localhost:8080/ZingWeb/faces/pages/home.jspx" "Mozilla/5.0 (X11; Ubuntu; Linux i686; rv:10.0.1) Gecko/20100101 Firefox/10.0.1"
0:0:0:0:0:0:0:1 -  -  [04/Jan/2014:03:36:28 +0000] "GET /ZingWeb/faces/images/FORMBG.jpg HTTP/1.1" 200 33767 "http://localhost:8080/ZingWeb/faces/pages/home.jspx" "Mozilla/5.0 (X11; Ubuntu; Linux i686; rv:10.0.1) Gecko/20100101 Firefox/10.0.1"
0:0:0:0:0:0:0:1 -  -  [04/Jan/2014:03:36:35 +0000] "POST /ZingWeb/faces/pages/login.jspx HTTP/1.1" 200 18002 "http://localhost:8080/ZingWeb/faces/pages/home.jspx" "Mozilla/5.0 (X11; Ubuntu; Linux i686; rv:10.0.1) Gecko/20100101 Firefox/10.0.1"
0:0:0:0:0:0:0:1 -  -  [04/Jan/2014:03:36:35 +0000] "GET /ZingWeb/faces/css/style.css HTTP/1.1" 200 5832 "http://localhost:8080/ZingWeb/faces/pages/login.jspx" "Mozilla/5.0 (X11; Ubuntu; Linux i686; rv:10.0.1) Gecko/20100101 Firefox/10.0.1"
0:0:0:0:0:0:0:1 -  -  [04/Jan/2014:03:36:35 +0000] "GET /ZingWeb/faces/css/table.css HTTP/1.1" 200 270 "http://localhost:8080/ZingWeb/faces/pages/login.jspx" "Mozilla/5.0 (X11; Ubuntu; Linux i686; rv:10.0.1) Gecko/20100101 Firefox/10.0.1"
0:0:0:0:0:0:0:1 -  -  [04/Jan/2014:03:36:35 +0000] "GET /ZingWeb/faces/pages/CSS/table.css HTTP/1.1" 200 270 "http://localhost:8080/ZingWeb/faces/pages/login.jspx" "Mozilla/5.0 (X11; Ubuntu; Linux i686; rv:10.0.1) Gecko/20100101 Firefox/10.0.1"
0:0:0:0:0:0:0:1 -  -  [04/Jan/2014:03:36:35 +0000] "GET /ZingWeb/faces/pages/CSS/style.css HTTP/1.1" 200 2550 "http://localhost:8080/ZingWeb/faces/pages/login.jspx" "Mozilla/5.0 (X11; Ubuntu; Linux i686; rv:10.0.1) Gecko/20100101 Firefox/10.0.1"
0:0:0:0:0:0:0:1 -  -  [04/Jan/2014:03:36:35 +0000] "GET /ZingWeb/faces/js/showApplication.js HTTP/1.1" 200 256 "http://localhost:8080/ZingWeb/faces/pages/login.jspx" "Mozilla/5.0 (X11; Ubuntu; Linux i686; rv:10.0.1) Gecko/20100101 Firefox/10.0.1"
0:0:0:0:0:0:0:1 -  -  [04/Jan/2014:03:36:35 +0000] "GET /ShindigWeb/css/style.css HTTP/1.1" 404 1410 "http://localhost:8080/ZingWeb/faces/pages/login.jspx" "Mozilla/5.0 (X11; Ubuntu; Linux i686; rv:10.0.1) Gecko/20100101 Firefox/10.0.1"
0:0:0:0:0:0:0:1 -  -  [04/Jan/2014:03:36:35 +0000] "GET /ZingWeb/faces/images/spicetitle.jpg HTTP/1.1" 200 3017 "http://localhost:8080/ZingWeb/faces/pages/login.jspx" "Mozilla/5.0 (X11; Ubuntu; Linux i686; rv:10.0.1) Gecko/20100101 Firefox/10.0.1"
0:0:0:0:0:0:0:1 -  -  [04/Jan/2014:03:36:35 +0000] "GET /ZingWeb/faces/images/table/table_top_bg.jpg HTTP/1.1" 200 581 "http://localhost:8080/ZingWeb/faces/css/style.css" "Mozilla/5.0 (X11; Ubuntu; Linux i686; rv:10.0.1) Gecko/20100101 Firefox/10.0.1"
0:0:0:0:0:0:0:1 -  -  [04/Jan/2014:03:36:35 +0000] "GET /ZingWeb/images/default.jpg HTTP/1.1" 304 0 "http://localhost:8080/ZingWeb/faces/pages/login.jspx" "Mozilla/5.0 (X11; Ubuntu; Linux i686; rv:10.0.1) Gecko/20100101 Firefox/10.0.1"
0:0:0:0:0:0:0:1 -  -  [04/Jan/2014:03:36:35 +0000] "GET /ZingWeb/faces/images/plus2.gif HTTP/1.1" 200 91 "http://localhost:8080/ZingWeb/faces/pages/login.jspx" "Mozilla/5.0 (X11; Ubuntu; Linux i686; rv:10.0.1) Gecko/20100101 Firefox/10.0.1"
0:0:0:0:0:0:0:1 -  -  [04/Jan/2014:03:36:35 +0000] "GET /ZingWeb/faces/images/box/center_box_top_500.jpg HTTP/1.1" 200 14628 "http://localhost:8080/ZingWeb/faces/pages/login.jspx" "Mozilla/5.0 (X11; Ubuntu; Linux i686; rv:10.0.1) Gecko/20100101 Firefox/10.0.1"
0:0:0:0:0:0:0:1 -  -  [04/Jan/2014:03:36:35 +0000] "GET /ZingWeb/faces/images/box/box_bottom_500.jpg HTTP/1.1" 200 2254 "http://localhost:8080/ZingWeb/faces/pages/login.jspx" "Mozilla/5.0 (X11; Ubuntu; Linux i686; rv:10.0.1) Gecko/20100101 Firefox/10.0.1"
0:0:0:0:0:0:0:1 -  -  [04/Jan/2014:03:36:35 +0000] "GET /ZingWeb/faces/images/box/box_center_280.jpg HTTP/1.1" 200 545 "http://localhost:8080/ZingWeb/faces/pages/login.jspx" "Mozilla/5.0 (X11; Ubuntu; Linux i686; rv:10.0.1) Gecko/20100101 Firefox/10.0.1"
0:0:0:0:0:0:0:1 -  -  [04/Jan/2014:03:36:35 +0000] "GET /ZingWeb/faces/pages/CSS/style.css HTTP/1.1" 200 2550 "http://localhost:8080/ZingWeb/faces/pages/CSS/style.css" "Mozilla/5.0 (X11; Ubuntu; Linux i686; rv:10.0.1) Gecko/20100101 Firefox/10.0.1"
0:0:0:0:0:0:0:1 -  -  [04/Jan/2014:03:36:35 +0000] "GET /ZingWeb/faces/images/box/box_top_170.jpg HTTP/1.1" 200 5778 "http://localhost:8080/ZingWeb/faces/pages/login.jspx" "Mozilla/5.0 (X11; Ubuntu; Linux i686; rv:10.0.1) Gecko/20100101 Firefox/10.0.1"
0:0:0:0:0:0:0:1 -  -  [04/Jan/2014:03:36:35 +0000] "GET /ShindigWeb/css/style.css HTTP/1.1" 404 1410 "http://localhost:8080/ZingWeb/faces/pages/login.jspx" "Mozilla/5.0 (X11; Ubuntu; Linux i686; rv:10.0.1) Gecko/20100101 Firefox/10.0.1"
0:0:0:0:0:0:0:1 -  -  [04/Jan/2014:03:36:35 +0000] "GET /ZingWeb/faces/images/box/box_bottom_170.jpg HTTP/1.1" 200 1631 "http://localhost:8080/ZingWeb/faces/pages/login.jspx" "Mozilla/5.0 (X11; Ubuntu; Linux i686; rv:10.0.1) Gecko/20100101 Firefox/10.0.1"
0:0:0:0:0:0:0:1 -  -  [04/Jan/2014:03:36:35 +0000] "GET /ZingWeb/faces/images/box/box_top_280.jpg HTTP/1.1" 200 8552 "http://localhost:8080/ZingWeb/faces/pages/login.jspx" "Mozilla/5.0 (X11; Ubuntu; Linux i686; rv:10.0.1) Gecko/20100101 Firefox/10.0.1"
0:0:0:0:0:0:0:1 -  -  [04/Jan/2014:03:36:35 +0000] "GET /ZingWeb/faces/images/box/box_bottom_280.jpg HTTP/1.1" 200 1405 "http://localhost:8080/ZingWeb/faces/pages/login.jspx" "Mozilla/5.0 (X11; Ubuntu; Linux i686; rv:10.0.1) Gecko/20100101 Firefox/10.0.1"
0:0:0:0:0:0:0:1 -  -  [04/Jan/2014:03:36:35 +0000] "GET /ZingWeb/faces/images/bottom.jpg HTTP/1.1" 200 9854 "http://localhost:8080/ZingWeb/faces/pages/login.jspx" "Mozilla/5.0 (X11; Ubuntu; Linux i686; rv:10.0.1) Gecko/20100101 Firefox/10.0.1"
0:0:0:0:0:0:0:1 -  -  [04/Jan/2014:03:55:17 +0000] "GET /ZingWeb/faces/pages/login.jspx HTTP/1.1" 200 3922 "-" "Mozilla/5.0 (X11; Ubuntu; Linux i686; rv:10.0.1) Gecko/20100101 Firefox/10.0.1"
0:0:0:0:0:0:0:1 -  -  [04/Jan/2014:03:55:17 +0000] "GET /ZingWeb/faces/css/style.css HTTP/1.1" 200 5832 "http://localhost:8080/ZingWeb/faces/pages/login.jspx" "Mozilla/5.0 (X11; Ubuntu; Linux i686; rv:10.0.1) Gecko/20100101 Firefox/10.0.1"
0:0:0:0:0:0:0:1 -  -  [04/Jan/2014:03:55:17 +0000] "GET /ZingWeb/faces/Scripts/AC_RunActiveContent.js HTTP/1.1" 404 1424 "http://localhost:8080/ZingWeb/faces/pages/login.jspx" "Mozilla/5.0 (X11; Ubuntu; Linux i686; rv:10.0.1) Gecko/20100101 Firefox/10.0.1"
0:0:0:0:0:0:0:1 -  -  [04/Jan/2014:03:55:17 +0000] "GET /ZingWeb/faces/images/FORMBG.jpg HTTP/1.1" 200 33767 "http://localhost:8080/ZingWeb/faces/pages/login.jspx" "Mozilla/5.0 (X11; Ubuntu; Linux i686; rv:10.0.1) Gecko/20100101 Firefox/10.0.1"
0:0:0:0:0:0:0:1 -  -  [04/Jan/2014:03:58:11 +0000] "GET /ZingWeb/faces/pages/login.jspx HTTP/1.1" 200 3909 "-" "Mozilla/5.0 (X11; Ubuntu; Linux i686; rv:10.0.1) Gecko/20100101 Firefox/10.0.1"
0:0:0:0:0:0:0:1 -  -  [04/Jan/2014:03:58:12 +0000] "GET /ZingWeb/faces/css/style.css HTTP/1.1" 200 5832 "http://localhost:8080/ZingWeb/faces/pages/login.jspx" "Mozilla/5.0 (X11; Ubuntu; Linux i686; rv:10.0.1) Gecko/20100101 Firefox/10.0.1"
0:0:0:0:0:0:0:1 -  -  [04/Jan/2014:03:58:12 +0000] "GET /ZingWeb/faces/Scripts/AC_RunActiveContent.js HTTP/1.1" 404 1424 "http://localhost:8080/ZingWeb/faces/pages/login.jspx" "Mozilla/5.0 (X11; Ubuntu; Linux i686; rv:10.0.1) Gecko/20100101 Firefox/10.0.1"
0:0:0:0:0:0:0:1 -  -  [04/Jan/2014:03:58:12 +0000] "GET /ZingWeb/faces/images/FORMBG.jpg HTTP/1.1" 200 33767 "http://localhost:8080/ZingWeb/faces/pages/login.jspx" "Mozilla/5.0 (X11; Ubuntu; Linux i686; rv:10.0.1) Gecko/20100101 Firefox/10.0.1"
0:0:0:0:0:0:0:1 -  -  [04/Jan/2014:03:58:26 +0000] "POST /ZingWeb/faces/pages/login.jspx HTTP/1.1" 200 18002 "http://localhost:8080/ZingWeb/faces/pages/login.jspx" "Mozilla/5.0 (X11; Ubuntu; Linux i686; rv:10.0.1) Gecko/20100101 Firefox/10.0.1"
0:0:0:0:0:0:0:1 -  -  [04/Jan/2014:03:58:26 +0000] "GET /ZingWeb/faces/css/style.css HTTP/1.1" 200 5832 "http://localhost:8080/ZingWeb/faces/pages/login.jspx" "Mozilla/5.0 (X11; Ubuntu; Linux i686; rv:10.0.1) Gecko/20100101 Firefox/10.0.1"
0:0:0:0:0:0:0:1 -  -  [04/Jan/2014:03:58:26 +0000] "GET /ZingWeb/faces/css/table.css HTTP/1.1" 200 270 "http://localhost:8080/ZingWeb/faces/pages/login.jspx" "Mozilla/5.0 (X11; Ubuntu; Linux i686; rv:10.0.1) Gecko/20100101 Firefox/10.0.1"
0:0:0:0:0:0:0:1 -  -  [04/Jan/2014:03:58:26 +0000] "GET /ZingWeb/faces/images/spicetitle.jpg HTTP/1.1" 200 3017 "http://localhost:8080/ZingWeb/faces/pages/login.jspx" "Mozilla/5.0 (X11; Ubuntu; Linux i686; rv:10.0.1) Gecko/20100101 Firefox/10.0.1"
0:0:0:0:0:0:0:1 -  -  [04/Jan/2014:03:58:26 +0000] "GET /ZingWeb/faces/images/plus2.gif HTTP/1.1" 200 91 "http://localhost:8080/ZingWeb/faces/pages/login.jspx" "Mozilla/5.0 (X11; Ubuntu; Linux i686; rv:10.0.1) Gecko/20100101 Firefox/10.0.1"
0:0:0:0:0:0:0:1 -  -  [04/Jan/2014:03:58:26 +0000] "GET /ZingWeb/faces/images/box/box_center_280.jpg HTTP/1.1" 200 545 "http://localhost:8080/ZingWeb/faces/pages/login.jspx" "Mozilla/5.0 (X11; Ubuntu; Linux i686; rv:10.0.1) Gecko/20100101 Firefox/10.0.1"
0:0:0:0:0:0:0:1 -  -  [04/Jan/2014:03:58:26 +0000] "GET /ShindigWeb/css/style.css HTTP/1.1" 404 1410 "http://localhost:8080/ZingWeb/faces/pages/login.jspx" "Mozilla/5.0 (X11; Ubuntu; Linux i686; rv:10.0.1) Gecko/20100101 Firefox/10.0.1"
0:0:0:0:0:0:0:1 -  -  [04/Jan/2014:03:58:26 +0000] "GET /ZingWeb/faces/pages/CSS/table.css HTTP/1.1" 200 270 "http://localhost:8080/ZingWeb/faces/pages/login.jspx" "Mozilla/5.0 (X11; Ubuntu; Linux i686; rv:10.0.1) Gecko/20100101 Firefox/10.0.1"
0:0:0:0:0:0:0:1 -  -  [04/Jan/2014:03:58:26 +0000] "GET /ZingWeb/faces/js/showApplication.js HTTP/1.1" 200 256 "http://localhost:8080/ZingWeb/faces/pages/login.jspx" "Mozilla/5.0 (X11; Ubuntu; Linux i686; rv:10.0.1) Gecko/20100101 Firefox/10.0.1"
0:0:0:0:0:0:0:1 -  -  [04/Jan/2014:03:58:26 +0000] "GET /ZingWeb/faces/images/box/center_box_top_500.jpg HTTP/1.1" 200 14628 "http://localhost:8080/ZingWeb/faces/pages/login.jspx" "Mozilla/5.0 (X11; Ubuntu; Linux i686; rv:10.0.1) Gecko/20100101 Firefox/10.0.1"
0:0:0:0:0:0:0:1 -  -  [04/Jan/2014:03:58:26 +0000] "GET /ZingWeb/faces/pages/CSS/style.css HTTP/1.1" 200 2550 "http://localhost:8080/ZingWeb/faces/pages/login.jspx" "Mozilla/5.0 (X11; Ubuntu; Linux i686; rv:10.0.1) Gecko/20100101 Firefox/10.0.1"
0:0:0:0:0:0:0:1 -  -  [04/Jan/2014:03:58:26 +0000] "GET /ZingWeb/faces/images/box/box_bottom_500.jpg HTTP/1.1" 200 2254 "http://localhost:8080/ZingWeb/faces/pages/login.jspx" "Mozilla/5.0 (X11; Ubuntu; Linux i686; rv:10.0.1) Gecko/20100101 Firefox/10.0.1"
0:0:0:0:0:0:0:1 -  -  [04/Jan/2014:03:58:26 +0000] "GET /ZingWeb/faces/images/table/table_top_bg.jpg HTTP/1.1" 200 581 "http://localhost:8080/ZingWeb/faces/css/style.css" "Mozilla/5.0 (X11; Ubuntu; Linux i686; rv:10.0.1) Gecko/20100101 Firefox/10.0.1"
0:0:0:0:0:0:0:1 -  -  [04/Jan/2014:03:58:26 +0000] "GET /ZingWeb/images/default.jpg HTTP/1.1" 304 0 "http://localhost:8080/ZingWeb/faces/pages/login.jspx" "Mozilla/5.0 (X11; Ubuntu; Linux i686; rv:10.0.1) Gecko/20100101 Firefox/10.0.1"
0:0:0:0:0:0:0:1 -  -  [04/Jan/2014:03:58:26 +0000] "GET /ShindigWeb/css/style.css HTTP/1.1" 404 1410 "http://localhost:8080/ZingWeb/faces/pages/login.jspx" "Mozilla/5.0 (X11; Ubuntu; Linux i686; rv:10.0.1) Gecko/20100101 Firefox/10.0.1"
0:0:0:0:0:0:0:1 -  -  [04/Jan/2014:03:58:26 +0000] "GET /ZingWeb/faces/images/box/box_top_280.jpg HTTP/1.1" 200 8552 "http://localhost:8080/ZingWeb/faces/pages/login.jspx" "Mozilla/5.0 (X11; Ubuntu; Linux i686; rv:10.0.1) Gecko/20100101 Firefox/10.0.1"
0:0:0:0:0:0:0:1 -  -  [04/Jan/2014:03:58:26 +0000] "GET /ZingWeb/faces/images/box/box_bottom_280.jpg HTTP/1.1" 200 1405 "http://localhost:8080/ZingWeb/faces/pages/login.jspx" "Mozilla/5.0 (X11; Ubuntu; Linux i686; rv:10.0.1) Gecko/20100101 Firefox/10.0.1"
0:0:0:0:0:0:0:1 -  -  [04/Jan/2014:03:58:26 +0000] "GET /ZingWeb/faces/images/box/box_bottom_170.jpg HTTP/1.1" 200 1631 "http://localhost:8080/ZingWeb/faces/pages/login.jspx" "Mozilla/5.0 (X11; Ubuntu; Linux i686; rv:10.0.1) Gecko/20100101 Firefox/10.0.1"
0:0:0:0:0:0:0:1 -  -  [04/Jan/2014:03:58:26 +0000] "GET /ZingWeb/faces/pages/CSS/style.css HTTP/1.1" 200 2550 "http://localhost:8080/ZingWeb/faces/pages/CSS/style.css" "Mozilla/5.0 (X11; Ubuntu; Linux i686; rv:10.0.1) Gecko/20100101 Firefox/10.0.1"
0:0:0:0:0:0:0:1 -  -  [04/Jan/2014:03:58:26 +0000] "GET /ZingWeb/faces/images/box/box_top_170.jpg HTTP/1.1" 200 5778 "http://localhost:8080/ZingWeb/faces/pages/login.jspx" "Mozilla/5.0 (X11; Ubuntu; Linux i686; rv:10.0.1) Gecko/20100101 Firefox/10.0.1"
0:0:0:0:0:0:0:1 -  -  [04/Jan/2014:03:58:26 +0000] "GET /ZingWeb/faces/images/bottom.jpg HTTP/1.1" 200 9854 "http://localhost:8080/ZingWeb/faces/pages/login.jspx" "Mozilla/5.0 (X11; Ubuntu; Linux i686; rv:10.0.1) Gecko/20100101 Firefox/10.0.1"
