0:0:0:0:0:0:0:1 -  -  [05/Jan/2014:23:48:19 +0000] "GET /ZingWeb/faces/pages/login.jspx HTTP/1.1" 200 14295 "-" "Mozilla/5.0 (X11; Ubuntu; Linux i686; rv:10.0.1) Gecko/20100101 Firefox/10.0.1"
0:0:0:0:0:0:0:1 -  -  [05/Jan/2014:23:50:12 +0000] "GET /ZingWeb/faces/pages/login.jspx HTTP/1.1" 200 3909 "-" "Mozilla/5.0 (X11; Ubuntu; Linux i686; rv:10.0.1) Gecko/20100101 Firefox/10.0.1"
0:0:0:0:0:0:0:1 -  -  [05/Jan/2014:23:50:12 +0000] "GET /ZingWeb/faces/css/style.css HTTP/1.1" 200 5832 "http://localhost:8080/ZingWeb/faces/pages/login.jspx" "Mozilla/5.0 (X11; Ubuntu; Linux i686; rv:10.0.1) Gecko/20100101 Firefox/10.0.1"
0:0:0:0:0:0:0:1 -  -  [05/Jan/2014:23:50:12 +0000] "GET /ZingWeb/faces/Scripts/AC_RunActiveContent.js HTTP/1.1" 404 1424 "http://localhost:8080/ZingWeb/faces/pages/login.jspx" "Mozilla/5.0 (X11; Ubuntu; Linux i686; rv:10.0.1) Gecko/20100101 Firefox/10.0.1"
0:0:0:0:0:0:0:1 -  -  [05/Jan/2014:23:50:12 +0000] "GET /ZingWeb/faces/images/FORMBG.jpg HTTP/1.1" 200 33767 "http://localhost:8080/ZingWeb/faces/pages/login.jspx" "Mozilla/5.0 (X11; Ubuntu; Linux i686; rv:10.0.1) Gecko/20100101 Firefox/10.0.1"
0:0:0:0:0:0:0:1 -  -  [05/Jan/2014:23:50:25 +0000] "POST /ZingWeb/faces/pages/login.jspx HTTP/1.1" 200 18002 "http://localhost:8080/ZingWeb/faces/pages/login.jspx" "Mozilla/5.0 (X11; Ubuntu; Linux i686; rv:10.0.1) Gecko/20100101 Firefox/10.0.1"
0:0:0:0:0:0:0:1 -  -  [05/Jan/2014:23:50:26 +0000] "GET /ZingWeb/faces/css/style.css HTTP/1.1" 200 5832 "http://localhost:8080/ZingWeb/faces/pages/login.jspx" "Mozilla/5.0 (X11; Ubuntu; Linux i686; rv:10.0.1) Gecko/20100101 Firefox/10.0.1"
0:0:0:0:0:0:0:1 -  -  [05/Jan/2014:23:50:26 +0000] "GET /ZingWeb/faces/images/spicetitle.jpg HTTP/1.1" 200 3017 "http://localhost:8080/ZingWeb/faces/pages/login.jspx" "Mozilla/5.0 (X11; Ubuntu; Linux i686; rv:10.0.1) Gecko/20100101 Firefox/10.0.1"
0:0:0:0:0:0:0:1 -  -  [05/Jan/2014:23:50:26 +0000] "GET /ZingWeb/faces/images/plus2.gif HTTP/1.1" 200 91 "http://localhost:8080/ZingWeb/faces/pages/login.jspx" "Mozilla/5.0 (X11; Ubuntu; Linux i686; rv:10.0.1) Gecko/20100101 Firefox/10.0.1"
0:0:0:0:0:0:0:1 -  -  [05/Jan/2014:23:50:26 +0000] "GET /ZingWeb/faces/css/table.css HTTP/1.1" 200 270 "http://localhost:8080/ZingWeb/faces/pages/login.jspx" "Mozilla/5.0 (X11; Ubuntu; Linux i686; rv:10.0.1) Gecko/20100101 Firefox/10.0.1"
0:0:0:0:0:0:0:1 -  -  [05/Jan/2014:23:50:26 +0000] "GET /ZingWeb/faces/js/showApplication.js HTTP/1.1" 200 256 "http://localhost:8080/ZingWeb/faces/pages/login.jspx" "Mozilla/5.0 (X11; Ubuntu; Linux i686; rv:10.0.1) Gecko/20100101 Firefox/10.0.1"
0:0:0:0:0:0:0:1 -  -  [05/Jan/2014:23:50:27 +0000] "GET /ZingWeb/faces/pages/CSS/table.css HTTP/1.1" 200 270 "http://localhost:8080/ZingWeb/faces/pages/login.jspx" "Mozilla/5.0 (X11; Ubuntu; Linux i686; rv:10.0.1) Gecko/20100101 Firefox/10.0.1"
0:0:0:0:0:0:0:1 -  -  [05/Jan/2014:23:50:27 +0000] "GET /ZingWeb/faces/images/box/box_center_280.jpg HTTP/1.1" 200 545 "http://localhost:8080/ZingWeb/faces/pages/login.jspx" "Mozilla/5.0 (X11; Ubuntu; Linux i686; rv:10.0.1) Gecko/20100101 Firefox/10.0.1"
0:0:0:0:0:0:0:1 -  -  [05/Jan/2014:23:50:27 +0000] "GET /ShindigWeb/css/style.css HTTP/1.1" 404 1410 "http://localhost:8080/ZingWeb/faces/pages/login.jspx" "Mozilla/5.0 (X11; Ubuntu; Linux i686; rv:10.0.1) Gecko/20100101 Firefox/10.0.1"
0:0:0:0:0:0:0:1 -  -  [05/Jan/2014:23:50:27 +0000] "GET /ZingWeb/faces/pages/CSS/style.css HTTP/1.1" 200 2550 "http://localhost:8080/ZingWeb/faces/pages/login.jspx" "Mozilla/5.0 (X11; Ubuntu; Linux i686; rv:10.0.1) Gecko/20100101 Firefox/10.0.1"
0:0:0:0:0:0:0:1 -  -  [05/Jan/2014:23:50:27 +0000] "GET /ZingWeb/faces/images/box/center_box_top_500.jpg HTTP/1.1" 200 14628 "http://localhost:8080/ZingWeb/faces/pages/login.jspx" "Mozilla/5.0 (X11; Ubuntu; Linux i686; rv:10.0.1) Gecko/20100101 Firefox/10.0.1"
0:0:0:0:0:0:0:1 -  -  [05/Jan/2014:23:50:27 +0000] "GET /ZingWeb/faces/images/box/box_bottom_500.jpg HTTP/1.1" 200 2254 "http://localhost:8080/ZingWeb/faces/pages/login.jspx" "Mozilla/5.0 (X11; Ubuntu; Linux i686; rv:10.0.1) Gecko/20100101 Firefox/10.0.1"
0:0:0:0:0:0:0:1 -  -  [05/Jan/2014:23:50:27 +0000] "GET /ZingWeb/faces/images/table/table_top_bg.jpg HTTP/1.1" 200 581 "http://localhost:8080/ZingWeb/faces/css/style.css" "Mozilla/5.0 (X11; Ubuntu; Linux i686; rv:10.0.1) Gecko/20100101 Firefox/10.0.1"
0:0:0:0:0:0:0:1 -  -  [05/Jan/2014:23:50:27 +0000] "GET /ZingWeb/images/default.jpg HTTP/1.1" 304 0 "http://localhost:8080/ZingWeb/faces/pages/login.jspx" "Mozilla/5.0 (X11; Ubuntu; Linux i686; rv:10.0.1) Gecko/20100101 Firefox/10.0.1"
0:0:0:0:0:0:0:1 -  -  [05/Jan/2014:23:50:27 +0000] "GET /ZingWeb/faces/pages/CSS/style.css HTTP/1.1" 200 2550 "http://localhost:8080/ZingWeb/faces/pages/CSS/style.css" "Mozilla/5.0 (X11; Ubuntu; Linux i686; rv:10.0.1) Gecko/20100101 Firefox/10.0.1"
0:0:0:0:0:0:0:1 -  -  [05/Jan/2014:23:50:27 +0000] "GET /ZingWeb/faces/images/box/box_top_170.jpg HTTP/1.1" 200 5778 "http://localhost:8080/ZingWeb/faces/pages/login.jspx" "Mozilla/5.0 (X11; Ubuntu; Linux i686; rv:10.0.1) Gecko/20100101 Firefox/10.0.1"
0:0:0:0:0:0:0:1 -  -  [05/Jan/2014:23:50:27 +0000] "GET /ZingWeb/faces/images/box/box_bottom_170.jpg HTTP/1.1" 200 1631 "http://localhost:8080/ZingWeb/faces/pages/login.jspx" "Mozilla/5.0 (X11; Ubuntu; Linux i686; rv:10.0.1) Gecko/20100101 Firefox/10.0.1"
0:0:0:0:0:0:0:1 -  -  [05/Jan/2014:23:50:27 +0000] "GET /ShindigWeb/css/style.css HTTP/1.1" 404 1410 "http://localhost:8080/ZingWeb/faces/pages/login.jspx" "Mozilla/5.0 (X11; Ubuntu; Linux i686; rv:10.0.1) Gecko/20100101 Firefox/10.0.1"
0:0:0:0:0:0:0:1 -  -  [05/Jan/2014:23:50:27 +0000] "GET /ZingWeb/faces/images/box/box_top_280.jpg HTTP/1.1" 200 8552 "http://localhost:8080/ZingWeb/faces/pages/login.jspx" "Mozilla/5.0 (X11; Ubuntu; Linux i686; rv:10.0.1) Gecko/20100101 Firefox/10.0.1"
0:0:0:0:0:0:0:1 -  -  [05/Jan/2014:23:50:27 +0000] "GET /ZingWeb/faces/images/box/box_bottom_280.jpg HTTP/1.1" 200 1405 "http://localhost:8080/ZingWeb/faces/pages/login.jspx" "Mozilla/5.0 (X11; Ubuntu; Linux i686; rv:10.0.1) Gecko/20100101 Firefox/10.0.1"
0:0:0:0:0:0:0:1 -  -  [05/Jan/2014:23:50:27 +0000] "GET /ZingWeb/faces/images/bottom.jpg HTTP/1.1" 200 9854 "http://localhost:8080/ZingWeb/faces/pages/login.jspx" "Mozilla/5.0 (X11; Ubuntu; Linux i686; rv:10.0.1) Gecko/20100101 Firefox/10.0.1"
